#
# A fatal error has been detected by the Java Runtime Environment:
#
#  SIGSEGV (0xb) at pc=0x000000012392358d, pid=33806, tid=2571
#
# JRE version: Java(TM) SE Runtime Environment (8.0_45-b14) (build 1.8.0_45-b14)
# Java VM: Java HotSpot(TM) 64-Bit Server VM (25.45-b02 mixed mode bsd-amd64 compressed oops)
# Problematic frame:
# C  [libglass.dylib+0x1558d]  GlassScreenDidChangeScreenParameters+0x9d
#
# Failed to write core dump. Core dumps have been disabled. To enable core dumping, try "ulimit -c unlimited" before starting Java again
#
# If you would like to submit a bug report, please visit:
#   http://bugreport.java.com/bugreport/crash.jsp
#

---------------  T H R E A D  ---------------

Current thread is native thread

siginfo: si_signo: 11 (SIGSEGV), si_code: 1 (SEGV_MAPERR), si_addr: 0x0000000000000000

Registers:
RAX=0x0000000123955bc0, RBX=0x0000000000000000, RCX=0x0000000000000103, RDX=0x00007ff74bd787b0
RSP=0x00007fff55dc0100, RBP=0x00007fff55dc0110, RSI=0x00007ff74bf04ea8, RDI=0x0000000000000000
R8 =0x0000000000000040, R9 =0x00007fff74be31e0, R10=0xffffffffffffffff, R11=0x0000000000000246
R12=0x00007ff74e4cc170, R13=0x00007ff74be00f20, R14=0x00007ff74be04640, R15=0x0000000000000000
RIP=0x000000012392358d, EFLAGS=0x0000000000010202, ERR=0x0000000000000004
  TRAPNO=0x000000000000000e

Top of Stack: (sp=0x00007fff55dc0100)
0x00007fff55dc0100:   00007fff55dc0158 00007ff74be04640
0x00007fff55dc0110:   00007fff55dc0120 00007fff93ab1bbc
0x00007fff55dc0120:   00007fff55dc0140 00007fff93ab1b4f
0x00007fff55dc0130:   0000000000000000 0000000000000000
0x00007fff55dc0140:   00007fff55dc01b0 00007fff93ab1ac7
0x00007fff55dc0150:   00007fff788cd9d0 00007fff74d780a0
0x00007fff55dc0160:   0000000042000000 00007fff93ab1b10
0x00007fff55dc0170:   00007fff77b71720 00007ff74be00f20
0x00007fff55dc0180:   00007ff74e4cc170 00007fff55dc0958
0x00007fff55dc0190:   00007fff77c9e780 00007fff55dc0958
0x00007fff55dc01a0:   00007ff74be00f20 00007fff93e719e2
0x00007fff55dc01b0:   00007fff55dc01f0 00007fff93ab1832
0x00007fff55dc01c0:   00007fff55dc07d0 0000000000000000
0x00007fff55dc01d0:   00007fff77c9e780 00007fff55dc0958
0x00007fff55dc01e0:   00007fff849c04c0 00007fff93e719e2
0x00007fff55dc01f0:   00007fff55dc0900 00007fff93a6e5e2
0x00007fff55dc0200:   00007fff55dc0250 00007fff84d493f8
0x00007fff55dc0210:   00007ff74bc5a470 00007ff74be0a880
0x00007fff55dc0220:   00007ff74c805048 00007ff74bd3ad00
0x00007fff55dc0230:   0000000000000000 00007ff74be41860
0x00007fff55dc0240:   0000000000000000 0000000000000000
0x00007fff55dc0250:   00007fff77baebc0 00007fff55dc07d0
0x00007fff55dc0260:   0000000000000001 0000000000000100
0x00007fff55dc0270:   0000000000000800 00007fff55dc06d0
0x00007fff55dc0280:   0000000000000000 0000000000000100
0x00007fff55dc0290:   00007fff55dc0200 00007fff77c9e780
0x00007fff55dc02a0:   0000000000000000 00007fff77b72500
0x00007fff55dc02b0:   00007fff77c9e780 0000000000000000
0x00007fff55dc02c0:   00007fff77b72500 00007ff74e426620
0x00007fff55dc02d0:   00007ff74bc5a400 0000000000000002
0x00007fff55dc02e0:   0000000000000000 00007fff849c04c0
0x00007fff55dc02f0:   00007fff55dc04b0 00007fff98a96480 

Instructions: (pc=0x000000012392358d)
0x000000012392356d:   89 df 4c 89 f1 41 ff 90 68 04 00 00 48 8d 05 48
0x000000012392357d:   25 03 00 48 8b 30 48 8d 05 36 26 03 00 48 8b 10
0x000000012392358d:   48 8b 0b 30 c0 48 89 df ff 91 68 04 00 00 48 8b
0x000000012392359d:   03 48 89 df ff 50 78 48 85 c0 74 36 49 89 c6 48 

Register to memory mapping:

RAX=0x0000000123955bc0: jScreenNotifySettingsChanged+0 in /Library/Java/JavaVirtualMachines/jdk1.8.0_45.jdk/Contents/Home/jre/lib/libglass.dylib at 0x000000012390e000
RBX=0x0000000000000000 is an unknown value
RCX=0x0000000000000103 is an unknown value
RDX=0x00007ff74bd787b0 is an unknown value
RSP=0x00007fff55dc0100 is an unknown value
RBP=0x00007fff55dc0110 is an unknown value
RSI=0x00007ff74bf04ea8 is a global jni handle
RDI=0x0000000000000000 is an unknown value
R8 =0x0000000000000040 is an unknown value
R9 =0x00007fff74be31e0: __sFX+0x1c0 in /usr/lib/system/libsystem_c.dylib at 0x00007fff85949000
R10=0xffffffffffffffff is an unknown value
R11=0x0000000000000246 is an unknown value
R12=0x00007ff74e4cc170 is an unknown value
R13=0x00007ff74be00f20 is an unknown value
R14=0x00007ff74be04640 is an unknown value
R15=0x0000000000000000 is an unknown value


Stack: [0x00007fff555c4000,0x00007fff55dc4000],  sp=0x00007fff55dc0100,  free space=8176k
Native frames: (J=compiled Java code, j=interpreted, Vv=VM code, C=native code)
C  [libglass.dylib+0x1558d]  GlassScreenDidChangeScreenParameters+0x9d
C  [CoreFoundation+0xa0bbc]  __CFNOTIFICATIONCENTER_IS_CALLING_OUT_TO_AN_OBSERVER__+0xc
C  [CoreFoundation+0xa0b4f]  ___CFXRegistrationPost_block_invoke+0x3f
C  [CoreFoundation+0xa0ac7]  _CFXRegistrationPost+0x197
C  [CoreFoundation+0xa0832]  ___CFXNotificationPost_block_invoke+0x32
C  [CoreFoundation+0x5d5e2]  -[_CFXNotificationRegistrar find:object:observer:enumerator:]+0x782
C  [CoreFoundation+0x5c835]  _CFXNotificationPost+0x2b5
C  [Foundation+0x717a]  -[NSNotificationCenter postNotificationName:object:userInfo:]+0x42
C  [AppKit+0x41c08b]  -[NSApplication _reactToScreenInvalidationImmediately:]+0x17f
C  [AppKit+0x41bedc]  __44-[NSApplication _reactToScreenInvalidation:]_block_invoke+0x3b
C  [CoreFoundation+0xaa4ac]  __CFRUNLOOP_IS_CALLING_OUT_TO_A_BLOCK__+0xc
C  [CoreFoundation+0x89d05]  __CFRunLoopDoBlocks+0x155
C  [CoreFoundation+0x89a6b]  __CFRunLoopRun+0x92b
C  [CoreFoundation+0x88ed8]  CFRunLoopRunSpecific+0x128
C  [java+0x6490]  CreateExecutionEnvironment+0x367
C  [java+0x221c]  JLI_Launch+0x7a0
C  [java+0x84ed]  main+0x65
C  [java+0x1a74]  start+0x34


---------------  P R O C E S S  ---------------

VM state:at safepoint (normal execution)

VM Mutex/Monitor currently owned by a thread:  ([mutex/lock_event])
[0x00007ff74bf01110] Threads_lock - owner thread: 0x00007ff74d827800
[0x00007ff74bf01610] Heap_lock - owner thread: 0x00007ff74c809800

Heap:
 PSYoungGen      total 38400K, used 34054K [0x0000000795580000, 0x0000000798000000, 0x00000007c0000000)
  eden space 33280K, 88% used [0x0000000795580000,0x0000000797248ec8,0x0000000797600000)
  from space 5120K, 89% used [0x0000000797600000,0x0000000797a78ab0,0x0000000797b00000)
  to   space 5120K, 0% used [0x0000000797b00000,0x0000000797b00000,0x0000000798000000)
 ParOldGen       total 87552K, used 80K [0x0000000740000000, 0x0000000745580000, 0x0000000795580000)
  object space 87552K, 0% used [0x0000000740000000,0x0000000740014010,0x0000000745580000)
 Metaspace       used 18367K, capacity 19426K, committed 19584K, reserved 1067008K
  class space    used 2619K, capacity 2849K, committed 2944K, reserved 1048576K

Card table byte_map: [0x000000011ad29000,0x000000011b12a000] byte_map_base: 0x0000000117329000

Marking Bits: (ParMarkBitMap*) 0x000000010b2c27a0
 Begin Bits: [0x000000011b3d5000, 0x000000011d3d5000)
 End Bits:   [0x000000011d3d5000, 0x000000011f3d5000)

Polling page: 0x000000010a0ff000

CodeCache: size=245760Kb used=8075Kb max_used=8075Kb free=237684Kb
 bounds [0x000000010b969000, 0x000000010c159000, 0x000000011a969000]
 total_blobs=3417 nmethods=2732 adapters=597
 compilation: enabled

Compilation events (10 events):
Event: 294.762 Thread 0x00007ff74d029000 2731       3       java.lang.invoke.MethodType::changeReturnType (20 bytes)
Event: 294.762 Thread 0x00007ff74d029000 nmethod 2731 0x000000010c13ffd0 code [0x000000010c140140, 0x000000010c1403c8]
Event: 294.764 Thread 0x00007ff74d029000 2729       3       java.lang.invoke.MethodHandles$Lookup::getDirectMethodNoSecurityManager (12 bytes)
Event: 294.764 Thread 0x00007ff74d029000 nmethod 2729 0x000000010c13ec90 code [0x000000010c13ee00, 0x000000010c13efa8]
Event: 294.765 Thread 0x00007ff74d029000 2733       3       jdk.internal.org.objectweb.asm.ClassWriter::visit (121 bytes)
Event: 294.766 Thread 0x00007ff74d029000 nmethod 2733 0x000000010c13df50 code [0x000000010c13e140, 0x000000010c13e818]
Event: 294.767 Thread 0x00007ff74d029000 2732       3       jdk.internal.org.objectweb.asm.ClassVisitor::<init> (35 bytes)
Event: 294.768 Thread 0x00007ff74d029000 nmethod 2732 0x000000010c147e90 code [0x000000010c148020, 0x000000010c148328]
Event: 294.768 Thread 0x00007ff74d029000 2730   !   3       java.lang.invoke.MethodHandles$Lookup::canBeCached (146 bytes)
Event: 294.772 Thread 0x00007ff74d029000 nmethod 2730 0x000000010c14cb90 code [0x000000010c14d000, 0x000000010c150148]

GC Heap History (2 events):
Event: 2.024 GC heap before
{Heap before GC invocations=1 (full 0):
 PSYoungGen      total 38400K, used 33280K [0x0000000795580000, 0x0000000798000000, 0x00000007c0000000)
  eden space 33280K, 100% used [0x0000000795580000,0x0000000797600000,0x0000000797600000)
  from space 5120K, 0% used [0x0000000797b00000,0x0000000797b00000,0x0000000798000000)
  to   space 5120K, 0% used [0x0000000797600000,0x0000000797600000,0x0000000797b00000)
 ParOldGen       total 87552K, used 0K [0x0000000740000000, 0x0000000745580000, 0x0000000795580000)
  object space 87552K, 0% used [0x0000000740000000,0x0000000740000000,0x0000000745580000)
 Metaspace       used 14437K, capacity 15000K, committed 15104K, reserved 1062912K
  class space    used 2094K, capacity 2223K, committed 2304K, reserved 1048576K
Event: 2.035 GC heap after
Heap after GC invocations=1 (full 0):
 PSYoungGen      total 38400K, used 4578K [0x0000000795580000, 0x0000000798000000, 0x00000007c0000000)
  eden space 33280K, 0% used [0x0000000795580000,0x0000000795580000,0x0000000797600000)
  from space 5120K, 89% used [0x0000000797600000,0x0000000797a78ab0,0x0000000797b00000)
  to   space 5120K, 0% used [0x0000000797b00000,0x0000000797b00000,0x0000000798000000)
 ParOldGen       total 87552K, used 80K [0x0000000740000000, 0x0000000745580000, 0x0000000795580000)
  object space 87552K, 0% used [0x0000000740000000,0x0000000740014010,0x0000000745580000)
 Metaspace       used 14437K, capacity 15000K, committed 15104K, reserved 1062912K
  class space    used 2094K, capacity 2223K, committed 2304K, reserved 1048576K
}

Deoptimization events (10 events):
Event: 11.427 Thread 0x00007ff74d951000 Uncommon trap: reason=array_check action=maybe_recompile pc=0x000000010bf1a184 method=com.sun.javafx.css.SimpleSelector.applies(Ljavafx/css/Styleable;[Ljava/util/Set;I)Z @ 37
Event: 11.427 Thread 0x00007ff74d951000 Uncommon trap: reason=array_check action=maybe_recompile pc=0x000000010bf1a184 method=com.sun.javafx.css.SimpleSelector.applies(Ljavafx/css/Styleable;[Ljava/util/Set;I)Z @ 37
Event: 11.427 Thread 0x00007ff74d951000 Uncommon trap: reason=array_check action=maybe_recompile pc=0x000000010bf1a184 method=com.sun.javafx.css.SimpleSelector.applies(Ljavafx/css/Styleable;[Ljava/util/Set;I)Z @ 37
Event: 11.427 Thread 0x00007ff74d951000 Uncommon trap: reason=array_check action=maybe_recompile pc=0x000000010bf23178 method=com.sun.javafx.css.SimpleSelector.applies(Ljavafx/css/Styleable;[Ljava/util/Set;I)Z @ 37
Event: 11.444 Thread 0x00007ff74d951000 Uncommon trap: reason=class_check action=maybe_recompile pc=0x000000010bf8aa34 method=javafx.scene.Node.updateLocalToParentTransform()V @ 11
Event: 11.444 Thread 0x00007ff74d951000 Uncommon trap: reason=class_check action=maybe_recompile pc=0x000000010bf8aa34 method=javafx.scene.Node.updateLocalToParentTransform()V @ 11
Event: 11.444 Thread 0x00007ff74d951000 Uncommon trap: reason=class_check action=maybe_recompile pc=0x000000010bf8aa34 method=javafx.scene.Node.updateLocalToParentTransform()V @ 11
Event: 11.444 Thread 0x00007ff74d951000 Uncommon trap: reason=class_check action=maybe_recompile pc=0x000000010bf8aa34 method=javafx.scene.Node.updateLocalToParentTransform()V @ 11
Event: 13.840 Thread 0x00007ff74d951000 Uncommon trap: reason=unstable_if action=reinterpret pc=0x000000010bf4fe1c method=javafx.scene.CssStyleHelper.lookup(Ljavafx/css/Styleable;Ljavafx/css/CssMetaData;Lcom/sun/javafx/css/StyleMap;Ljava/util/Set;Ljavafx/css/Styleable;Lcom/sun/javafx/css/Calcul
Event: 294.736 Thread 0x00007ff74d951000 Uncommon trap: reason=unstable_if action=reinterpret pc=0x000000010c0e0b50 method=com.sun.javafx.tk.quantum.QuantumToolkit.runWithoutRenderLock(Ljava/util/function/Supplier;)Ljava/lang/Object; @ 8

Internal exceptions (10 events):
Event: 3.789 Thread 0x00007ff74d951000 Exception <a 'java/io/FileNotFoundException'> (0x0000000795c799c0) thrown at [/Users/java_re/workspace/8-2-build-macosx-x86_64/jdk8u45/3457/hotspot/src/share/vm/prims/jni.cpp, line 709]
Event: 3.791 Thread 0x00007ff74d951000 Exception <a 'java/lang/ArrayIndexOutOfBoundsException'> (0x0000000795c92c08) thrown at [/Users/java_re/workspace/8-2-build-macosx-x86_64/jdk8u45/3457/hotspot/src/share/vm/runtime/sharedRuntime.cpp, line 605]
Event: 3.792 Thread 0x00007ff74d951000 Exception <a 'java/io/FileNotFoundException'> (0x0000000795c9ab88) thrown at [/Users/java_re/workspace/8-2-build-macosx-x86_64/jdk8u45/3457/hotspot/src/share/vm/prims/jni.cpp, line 709]
Event: 3.886 Thread 0x00007ff74d951000 Exception <a 'java/io/FileNotFoundException'> (0x0000000795fef478) thrown at [/Users/java_re/workspace/8-2-build-macosx-x86_64/jdk8u45/3457/hotspot/src/share/vm/prims/jni.cpp, line 709]
Event: 3.902 Thread 0x00007ff74d951000 Exception <a 'java/io/FileNotFoundException'> (0x000000079605fe28) thrown at [/Users/java_re/workspace/8-2-build-macosx-x86_64/jdk8u45/3457/hotspot/src/share/vm/prims/jni.cpp, line 709]
Event: 3.913 Thread 0x00007ff74d951000 Exception <a 'java/io/FileNotFoundException'> (0x00000007960bb0d0) thrown at [/Users/java_re/workspace/8-2-build-macosx-x86_64/jdk8u45/3457/hotspot/src/share/vm/prims/jni.cpp, line 709]
Event: 3.924 Thread 0x00007ff74d951000 Exception <a 'java/io/FileNotFoundException'> (0x0000000796113760) thrown at [/Users/java_re/workspace/8-2-build-macosx-x86_64/jdk8u45/3457/hotspot/src/share/vm/prims/jni.cpp, line 709]
Event: 3.934 Thread 0x00007ff74d951000 Exception <a 'java/io/FileNotFoundException'> (0x000000079616bd20) thrown at [/Users/java_re/workspace/8-2-build-macosx-x86_64/jdk8u45/3457/hotspot/src/share/vm/prims/jni.cpp, line 709]
Event: 3.943 Thread 0x00007ff74d951000 Exception <a 'java/io/FileNotFoundException'> (0x00000007961c3bb0) thrown at [/Users/java_re/workspace/8-2-build-macosx-x86_64/jdk8u45/3457/hotspot/src/share/vm/prims/jni.cpp, line 709]
Event: 3.953 Thread 0x00007ff74d951000 Exception <a 'java/io/FileNotFoundException'> (0x000000079621b6c8) thrown at [/Users/java_re/workspace/8-2-build-macosx-x86_64/jdk8u45/3457/hotspot/src/share/vm/prims/jni.cpp, line 709]

Events (10 events):
Event: 294.766 Thread 0x00007ff74c809800 Thread exited: 0x00007ff74c809800
Event: 294.766 Thread 0x00007ff74c809800 Thread added: 0x00007ff74c809800
Event: 295.435 Thread 0x00007ff74d951000 Thread exited: 0x00007ff74d951000
Event: 295.435 loading class java/util/IdentityHashMap$KeySet
Event: 295.435 loading class java/util/IdentityHashMap$KeySet done
Event: 295.435 loading class java/util/IdentityHashMap$KeyIterator
Event: 295.435 loading class java/util/IdentityHashMap$IdentityHashMapIterator
Event: 295.435 loading class java/util/IdentityHashMap$IdentityHashMapIterator done
Event: 295.435 loading class java/util/IdentityHashMap$KeyIterator done
Event: 295.435 Thread 0x00007ff74c809800 Thread exited: 0x00007ff74c809800


Dynamic libraries:
0x0000000004910000 	/System/Library/Frameworks/Cocoa.framework/Versions/A/Cocoa
0x0000000004910000 	/System/Library/Frameworks/Security.framework/Versions/A/Security
0x0000000004910000 	/System/Library/Frameworks/ApplicationServices.framework/Versions/A/ApplicationServices
0x0000000004910000 	/usr/lib/libz.1.dylib
0x0000000004910000 	/usr/lib/libSystem.B.dylib
0x0000000004910000 	/usr/lib/libobjc.A.dylib
0x0000000004910000 	/System/Library/Frameworks/CoreFoundation.framework/Versions/A/CoreFoundation
0x0000000004910000 	/System/Library/Frameworks/Foundation.framework/Versions/C/Foundation
0x0000000004910000 	/System/Library/Frameworks/AppKit.framework/Versions/C/AppKit
0x0000000004910000 	/System/Library/Frameworks/CoreData.framework/Versions/A/CoreData
0x0000000004910000 	/System/Library/PrivateFrameworks/RemoteViewServices.framework/Versions/A/RemoteViewServices
0x0000000004910000 	/System/Library/PrivateFrameworks/UIFoundation.framework/Versions/A/UIFoundation
0x0000000004910000 	/usr/lib/libScreenReader.dylib
0x0000000004910000 	/System/Library/Frameworks/Accelerate.framework/Versions/A/Accelerate
0x0000000004910000 	/System/Library/Frameworks/IOSurface.framework/Versions/A/IOSurface
0x0000000004910000 	/System/Library/Frameworks/AudioToolbox.framework/Versions/A/AudioToolbox
0x0000000004910000 	/System/Library/Frameworks/AudioUnit.framework/Versions/A/AudioUnit
0x0000000004910000 	/System/Library/PrivateFrameworks/DataDetectorsCore.framework/Versions/A/DataDetectorsCore
0x0000000004910000 	/System/Library/PrivateFrameworks/DesktopServicesPriv.framework/Versions/A/DesktopServicesPriv
0x0000000004910000 	/System/Library/Frameworks/Carbon.framework/Versions/A/Frameworks/HIToolbox.framework/Versions/A/HIToolbox
0x0000000004910000 	/System/Library/Frameworks/QuartzCore.framework/Versions/A/QuartzCore
0x0000000004910000 	/System/Library/Frameworks/Carbon.framework/Versions/A/Frameworks/SpeechRecognition.framework/Versions/A/SpeechRecognition
0x0000000004910000 	/usr/lib/libauto.dylib
0x0000000004910000 	/usr/lib/libicucore.A.dylib
0x0000000004910000 	/usr/lib/libxml2.2.dylib
0x0000000004910000 	/System/Library/PrivateFrameworks/CoreUI.framework/Versions/A/CoreUI
0x0000000004910000 	/System/Library/Frameworks/CoreAudio.framework/Versions/A/CoreAudio
0x0000000004910000 	/System/Library/Frameworks/DiskArbitration.framework/Versions/A/DiskArbitration
0x0000000004910000 	/usr/lib/liblangid.dylib
0x0000000004910000 	/System/Library/PrivateFrameworks/MultitouchSupport.framework/Versions/A/MultitouchSupport
0x0000000004910000 	/System/Library/Frameworks/IOKit.framework/Versions/A/IOKit
0x0000000004910000 	/usr/lib/libDiagnosticMessagesClient.dylib
0x0000000004910000 	/System/Library/Frameworks/CoreServices.framework/Versions/A/CoreServices
0x0000000004910000 	/System/Library/PrivateFrameworks/PerformanceAnalysis.framework/Versions/A/PerformanceAnalysis
0x0000000004910000 	/System/Library/PrivateFrameworks/GenerationalStorage.framework/Versions/A/GenerationalStorage
0x0000000004910000 	/System/Library/Frameworks/OpenGL.framework/Versions/A/OpenGL
0x0000000004910000 	/System/Library/PrivateFrameworks/Sharing.framework/Versions/A/Sharing
0x0000000004910000 	/System/Library/Frameworks/CoreGraphics.framework/Versions/A/CoreGraphics
0x0000000004910000 	/System/Library/Frameworks/CoreImage.framework/Versions/A/CoreImage
0x0000000004910000 	/System/Library/Frameworks/CoreText.framework/Versions/A/CoreText
0x0000000004910000 	/System/Library/Frameworks/ImageIO.framework/Versions/A/ImageIO
0x0000000004910000 	/System/Library/PrivateFrameworks/Backup.framework/Versions/A/Backup
0x0000000004910000 	/usr/lib/libextension.dylib
0x0000000004910000 	/usr/lib/libarchive.2.dylib
0x0000000004910000 	/System/Library/Frameworks/CFNetwork.framework/Versions/A/CFNetwork
0x0000000004910000 	/System/Library/Frameworks/SystemConfiguration.framework/Versions/A/SystemConfiguration
0x0000000004910000 	/usr/lib/libCRFSuite.dylib
0x0000000004910000 	/usr/lib/libc++.1.dylib
0x0000000004910000 	/usr/lib/libc++abi.dylib
0x0000000004910000 	/usr/lib/system/libcache.dylib
0x0000000004910000 	/usr/lib/system/libcommonCrypto.dylib
0x0000000004910000 	/usr/lib/system/libcompiler_rt.dylib
0x0000000004910000 	/usr/lib/system/libcopyfile.dylib
0x0000000004910000 	/usr/lib/system/libcorecrypto.dylib
0x0000000004910000 	/usr/lib/system/libdispatch.dylib
0x0000000004910000 	/usr/lib/system/libdyld.dylib
0x0000000004910000 	/usr/lib/system/libkeymgr.dylib
0x0000000004910000 	/usr/lib/system/liblaunch.dylib
0x0000000004910000 	/usr/lib/system/libmacho.dylib
0x0000000004910000 	/usr/lib/system/libquarantine.dylib
0x0000000004910000 	/usr/lib/system/libremovefile.dylib
0x0000000004910000 	/usr/lib/system/libsystem_asl.dylib
0x0000000004910000 	/usr/lib/system/libsystem_blocks.dylib
0x0000000004910000 	/usr/lib/system/libsystem_c.dylib
0x0000000004910000 	/usr/lib/system/libsystem_configuration.dylib
0x0000000004910000 	/usr/lib/system/libsystem_coreservices.dylib
0x0000000004910000 	/usr/lib/system/libsystem_coretls.dylib
0x0000000004910000 	/usr/lib/system/libsystem_dnssd.dylib
0x0000000004910000 	/usr/lib/system/libsystem_info.dylib
0x0000000004910000 	/usr/lib/system/libsystem_kernel.dylib
0x0000000004910000 	/usr/lib/system/libsystem_m.dylib
0x0000000004910000 	/usr/lib/system/libsystem_malloc.dylib
0x0000000004910000 	/usr/lib/system/libsystem_network.dylib
0x0000000004910000 	/usr/lib/system/libsystem_networkextension.dylib
0x0000000004910000 	/usr/lib/system/libsystem_notify.dylib
0x0000000004910000 	/usr/lib/system/libsystem_platform.dylib
0x0000000004910000 	/usr/lib/system/libsystem_pthread.dylib
0x0000000004910000 	/usr/lib/system/libsystem_sandbox.dylib
0x0000000004910000 	/usr/lib/system/libsystem_secinit.dylib
0x0000000004910000 	/usr/lib/system/libsystem_trace.dylib
0x0000000004910000 	/usr/lib/system/libunc.dylib
0x0000000004910000 	/usr/lib/system/libunwind.dylib
0x0000000004910000 	/usr/lib/system/libxpc.dylib
0x0000000004910000 	/usr/lib/libenergytrace.dylib
0x0000000004910000 	/usr/lib/libbsm.0.dylib
0x0000000004910000 	/usr/lib/system/libkxld.dylib
0x0000000004910000 	/usr/lib/libxar.1.dylib
0x0000000004910000 	/usr/lib/libsqlite3.dylib
0x0000000004910000 	/usr/lib/libpam.2.dylib
0x0000000004910000 	/usr/lib/libOpenScriptingUtil.dylib
0x0000000004910000 	/usr/lib/libbz2.1.0.dylib
0x0000000004910000 	/usr/lib/liblzma.5.dylib
0x0000000004910000 	/System/Library/Frameworks/CoreServices.framework/Versions/A/Frameworks/FSEvents.framework/Versions/A/FSEvents
0x0000000004910000 	/System/Library/Frameworks/CoreServices.framework/Versions/A/Frameworks/CarbonCore.framework/Versions/A/CarbonCore
0x0000000004910000 	/System/Library/Frameworks/CoreServices.framework/Versions/A/Frameworks/Metadata.framework/Versions/A/Metadata
0x0000000004910000 	/System/Library/Frameworks/CoreServices.framework/Versions/A/Frameworks/OSServices.framework/Versions/A/OSServices
0x0000000004910000 	/System/Library/Frameworks/CoreServices.framework/Versions/A/Frameworks/SearchKit.framework/Versions/A/SearchKit
0x0000000004910000 	/System/Library/Frameworks/CoreServices.framework/Versions/A/Frameworks/AE.framework/Versions/A/AE
0x0000000004910000 	/System/Library/Frameworks/CoreServices.framework/Versions/A/Frameworks/LaunchServices.framework/Versions/A/LaunchServices
0x0000000004910000 	/System/Library/Frameworks/CoreServices.framework/Versions/A/Frameworks/DictionaryServices.framework/Versions/A/DictionaryServices
0x0000000004910000 	/System/Library/Frameworks/CoreServices.framework/Versions/A/Frameworks/SharedFileList.framework/Versions/A/SharedFileList
0x0000000004910000 	/System/Library/Frameworks/NetFS.framework/Versions/A/NetFS
0x0000000004910000 	/System/Library/PrivateFrameworks/NetAuth.framework/Versions/A/NetAuth
0x0000000004910000 	/System/Library/PrivateFrameworks/login.framework/Versions/A/Frameworks/loginsupport.framework/Versions/A/loginsupport
0x0000000004910000 	/System/Library/PrivateFrameworks/TCC.framework/Versions/A/TCC
0x0000000004910000 	/usr/lib/libmecabra.dylib
0x0000000004910000 	/System/Library/Frameworks/ApplicationServices.framework/Versions/A/Frameworks/ATS.framework/Versions/A/ATS
0x0000000004910000 	/System/Library/Frameworks/ApplicationServices.framework/Versions/A/Frameworks/ColorSync.framework/Versions/A/ColorSync
0x0000000004910000 	/System/Library/Frameworks/ApplicationServices.framework/Versions/A/Frameworks/HIServices.framework/Versions/A/HIServices
0x0000000004910000 	/System/Library/Frameworks/ApplicationServices.framework/Versions/A/Frameworks/LangAnalysis.framework/Versions/A/LangAnalysis
0x0000000004910000 	/System/Library/Frameworks/ApplicationServices.framework/Versions/A/Frameworks/PrintCore.framework/Versions/A/PrintCore
0x0000000004910000 	/System/Library/Frameworks/ApplicationServices.framework/Versions/A/Frameworks/QD.framework/Versions/A/QD
0x0000000004910000 	/System/Library/Frameworks/ApplicationServices.framework/Versions/A/Frameworks/SpeechSynthesis.framework/Versions/A/SpeechSynthesis
0x0000000004910000 	/System/Library/Frameworks/Metal.framework/Versions/A/Metal
0x0000000004910000 	/System/Library/Frameworks/Accelerate.framework/Versions/A/Frameworks/vImage.framework/Versions/A/vImage
0x0000000004910000 	/System/Library/Frameworks/Accelerate.framework/Versions/A/Frameworks/vecLib.framework/Versions/A/vecLib
0x0000000004910000 	/System/Library/Frameworks/Accelerate.framework/Versions/A/Frameworks/vecLib.framework/Versions/A/libvDSP.dylib
0x0000000004910000 	/System/Library/Frameworks/Accelerate.framework/Versions/A/Frameworks/vecLib.framework/Versions/A/libvMisc.dylib
0x0000000004910000 	/System/Library/Frameworks/Accelerate.framework/Versions/A/Frameworks/vecLib.framework/Versions/A/libLAPACK.dylib
0x0000000004910000 	/System/Library/Frameworks/Accelerate.framework/Versions/A/Frameworks/vecLib.framework/Versions/A/libBLAS.dylib
0x0000000004910000 	/System/Library/Frameworks/Accelerate.framework/Versions/A/Frameworks/vecLib.framework/Versions/A/libLinearAlgebra.dylib
0x0000000004910000 	/System/Library/Frameworks/Accelerate.framework/Versions/A/Frameworks/vecLib.framework/Versions/A/libSparseBLAS.dylib
0x0000000004910000 	/System/Library/PrivateFrameworks/GPUCompiler.framework/libmetal_timestamp.dylib
0x0000000004910000 	/System/Library/Frameworks/OpenGL.framework/Versions/A/Libraries/libCoreFSCache.dylib
0x0000000004910000 	/System/Library/PrivateFrameworks/IOAccelerator.framework/Versions/A/IOAccelerator
0x0000000004910000 	/System/Library/Frameworks/ApplicationServices.framework/Versions/A/Frameworks/ATS.framework/Versions/A/Resources/libFontParser.dylib
0x0000000004910000 	/System/Library/Frameworks/ApplicationServices.framework/Versions/A/Frameworks/ATS.framework/Versions/A/Resources/libFontRegistry.dylib
0x0000000004910000 	/System/Library/PrivateFrameworks/AppleVPA.framework/Versions/A/AppleVPA
0x0000000004910000 	/System/Library/PrivateFrameworks/AppleJPEG.framework/Versions/A/AppleJPEG
0x0000000004910000 	/System/Library/Frameworks/ImageIO.framework/Versions/A/Resources/libJPEG.dylib
0x0000000004910000 	/System/Library/Frameworks/ImageIO.framework/Versions/A/Resources/libTIFF.dylib
0x0000000004910000 	/System/Library/Frameworks/ImageIO.framework/Versions/A/Resources/libPng.dylib
0x0000000004910000 	/System/Library/Frameworks/ImageIO.framework/Versions/A/Resources/libGIF.dylib
0x0000000004910000 	/System/Library/Frameworks/ImageIO.framework/Versions/A/Resources/libJP2.dylib
0x0000000004910000 	/System/Library/Frameworks/ImageIO.framework/Versions/A/Resources/libRadiance.dylib
0x0000000004910000 	/System/Library/Frameworks/CoreVideo.framework/Versions/A/CoreVideo
0x0000000004910000 	/System/Library/Frameworks/OpenGL.framework/Versions/A/Libraries/libGLU.dylib
0x0000000004910000 	/System/Library/Frameworks/OpenGL.framework/Versions/A/Libraries/libGFXShared.dylib
0x0000000004910000 	/System/Library/Frameworks/OpenGL.framework/Versions/A/Libraries/libGL.dylib
0x0000000004910000 	/System/Library/Frameworks/OpenGL.framework/Versions/A/Libraries/libGLImage.dylib
0x0000000004910000 	/System/Library/Frameworks/OpenGL.framework/Versions/A/Libraries/libCVMSPluginSupport.dylib
0x0000000004910000 	/System/Library/Frameworks/OpenGL.framework/Versions/A/Libraries/libCoreVMClient.dylib
0x0000000004910000 	/usr/lib/libcompression.dylib
0x0000000004910000 	/usr/lib/libcups.2.dylib
0x0000000004910000 	/System/Library/Frameworks/Kerberos.framework/Versions/A/Kerberos
0x0000000004910000 	/System/Library/Frameworks/GSS.framework/Versions/A/GSS
0x0000000004910000 	/usr/lib/libresolv.9.dylib
0x0000000004910000 	/usr/lib/libiconv.2.dylib
0x0000000004910000 	/System/Library/PrivateFrameworks/Heimdal.framework/Versions/A/Heimdal
0x0000000004910000 	/usr/lib/libheimdal-asn1.dylib
0x0000000004910000 	/System/Library/Frameworks/OpenDirectory.framework/Versions/A/OpenDirectory
0x0000000004910000 	/System/Library/PrivateFrameworks/CommonAuth.framework/Versions/A/CommonAuth
0x0000000004910000 	/System/Library/Frameworks/OpenDirectory.framework/Versions/A/Frameworks/CFOpenDirectory.framework/Versions/A/CFOpenDirectory
0x0000000004910000 	/System/Library/Frameworks/SecurityFoundation.framework/Versions/A/SecurityFoundation
0x0000000004910000 	/System/Library/PrivateFrameworks/LanguageModeling.framework/Versions/A/LanguageModeling
0x0000000004910000 	/usr/lib/libmarisa.dylib
0x0000000004910000 	/usr/lib/libChineseTokenizer.dylib
0x0000000004910000 	/usr/lib/libcmph.dylib
0x0000000004910000 	/System/Library/Frameworks/ServiceManagement.framework/Versions/A/ServiceManagement
0x0000000004910000 	/usr/lib/libxslt.1.dylib
0x0000000004910000 	/System/Library/Frameworks/Carbon.framework/Versions/A/Frameworks/Ink.framework/Versions/A/Ink
0x0000000004910000 	/usr/lib/libFosl_dynamic.dylib
0x0000000004910000 	/System/Library/PrivateFrameworks/FaceCore.framework/Versions/A/FaceCore
0x0000000004910000 	/System/Library/Frameworks/OpenCL.framework/Versions/A/OpenCL
0x0000000004910000 	/System/Library/PrivateFrameworks/CrashReporterSupport.framework/Versions/A/CrashReporterSupport
0x0000000004910000 	/System/Library/PrivateFrameworks/IconServices.framework/Versions/A/IconServices
0x0000000004910000 	/System/Library/PrivateFrameworks/Apple80211.framework/Versions/A/Apple80211
0x0000000004910000 	/System/Library/Frameworks/CoreWLAN.framework/Versions/A/CoreWLAN
0x0000000004910000 	/System/Library/Frameworks/IOBluetooth.framework/Versions/A/IOBluetooth
0x0000000004910000 	/System/Library/PrivateFrameworks/CoreWiFi.framework/Versions/A/CoreWiFi
0x0000000004910000 	/System/Library/Frameworks/CoreBluetooth.framework/Versions/A/CoreBluetooth
0x0000000004910000 	/System/Library/PrivateFrameworks/ChunkingLibrary.framework/Versions/A/ChunkingLibrary
0x0000000004910000 	/System/Library/PrivateFrameworks/DebugSymbols.framework/Versions/A/DebugSymbols
0x0000000004910000 	/System/Library/PrivateFrameworks/CoreSymbolication.framework/Versions/A/CoreSymbolication
0x0000000004910000 	/System/Library/PrivateFrameworks/Symbolication.framework/Versions/A/Symbolication
0x0000000004910000 	/System/Library/PrivateFrameworks/SpeechRecognitionCore.framework/Versions/A/SpeechRecognitionCore
0x000000010aa00000 	/Library/Java/JavaVirtualMachines/jdk1.8.0_45.jdk/Contents/Home/jre/lib/server/libjvm.dylib
0x0000000004910000 	/usr/lib/libstdc++.6.dylib
0x000000010a0bc000 	/Library/Java/JavaVirtualMachines/jdk1.8.0_45.jdk/Contents/Home/jre/lib/libverify.dylib
0x000000010a0ca000 	/Library/Java/JavaVirtualMachines/jdk1.8.0_45.jdk/Contents/Home/jre/lib/libjava.dylib
0x000000010a109000 	/Library/Java/JavaVirtualMachines/jdk1.8.0_45.jdk/Contents/Home/jre/lib/libzip.dylib
0x00000001211e0000 	/System/Library/Frameworks/JavaVM.framework/Frameworks/JavaRuntimeSupport.framework/JavaRuntimeSupport
0x00000001211fb000 	/System/Library/Frameworks/JavaVM.framework/Versions/A/Frameworks/JavaNativeFoundation.framework/Versions/A/JavaNativeFoundation
0x0000000121210000 	/System/Library/Frameworks/JavaVM.framework/Versions/A/JavaVM
0x0000000004910000 	/System/Library/Frameworks/Carbon.framework/Versions/A/Carbon
0x000000012121d000 	/System/Library/PrivateFrameworks/JavaLaunching.framework/Versions/A/JavaLaunching
0x0000000004910000 	/System/Library/Frameworks/Carbon.framework/Versions/A/Frameworks/CommonPanels.framework/Versions/A/CommonPanels
0x0000000004910000 	/System/Library/Frameworks/Carbon.framework/Versions/A/Frameworks/Help.framework/Versions/A/Help
0x0000000004910000 	/System/Library/Frameworks/Carbon.framework/Versions/A/Frameworks/ImageCapture.framework/Versions/A/ImageCapture
0x0000000004910000 	/System/Library/Frameworks/Carbon.framework/Versions/A/Frameworks/OpenScripting.framework/Versions/A/OpenScripting
0x0000000004910000 	/System/Library/Frameworks/Carbon.framework/Versions/A/Frameworks/Print.framework/Versions/A/Print
0x0000000004910000 	/System/Library/Frameworks/Carbon.framework/Versions/A/Frameworks/SecurityHI.framework/Versions/A/SecurityHI
0x0000000122c5b000 	/Applications/IntelliJ IDEA CE.app/Contents/bin/libbreakgen64.jnilib
0x0000000122c5e000 	/Library/Java/JavaVirtualMachines/jdk1.8.0_45.jdk/Contents/Home/jre/lib/libnet.dylib
0x0000000122d53000 	/Library/Java/JavaVirtualMachines/jdk1.8.0_45.jdk/Contents/Home/jre/lib/libprism_es2.dylib
0x0000000004910000 	/System/Library/Frameworks/OpenGL.framework/Versions/A/Resources/GLEngine.bundle/GLEngine
0x0000000004910000 	/System/Library/Frameworks/OpenGL.framework/Versions/A/Libraries/libGLProgrammability.dylib
0x0000000122dd5000 	/System/Library/Extensions/AppleIntelBDWGraphicsGLDriver.bundle/Contents/MacOS/AppleIntelBDWGraphicsGLDriver
0x0000000004910000 	/System/Library/PrivateFrameworks/GPUSupport.framework/Versions/A/Libraries/libGPUSupportMercury.dylib
0x0000000004910000 	/System/Library/Frameworks/OpenGL.framework/Versions/A/Resources/GLRendererFloat.bundle/GLRendererFloat
0x0000000004910000 	/System/Library/Frameworks/OpenCL.framework/Versions/A/Libraries/libcldcpuengine.dylib
0x0000000004910000 	/System/Library/PrivateFrameworks/DiskImages.framework/Versions/A/DiskImages
0x0000000004910000 	/System/Library/Frameworks/DiscRecording.framework/Versions/A/DiscRecording
0x0000000004910000 	/usr/lib/libcsfde.dylib
0x0000000004910000 	/usr/lib/libcurl.4.dylib
0x0000000004910000 	/System/Library/PrivateFrameworks/MediaKit.framework/Versions/A/MediaKit
0x0000000004910000 	/System/Library/PrivateFrameworks/ProtectedCloudStorage.framework/Versions/A/ProtectedCloudStorage
0x0000000004910000 	/usr/lib/libCoreStorage.dylib
0x0000000004910000 	/System/Library/PrivateFrameworks/EFILogin.framework/Versions/A/EFILogin
0x0000000004910000 	/usr/lib/libutil.dylib
0x0000000004910000 	/System/Library/PrivateFrameworks/FindMyDevice.framework/Versions/A/FindMyDevice
0x0000000004910000 	/System/Library/Frameworks/LDAP.framework/Versions/A/LDAP
0x0000000004910000 	/usr/lib/libsasl2.2.dylib
0x0000000004910000 	/System/Library/PrivateFrameworks/CoreDaemon.framework/Versions/B/CoreDaemon
0x0000000004910000 	/usr/lib/libcrypto.0.9.8.dylib
0x0000000004910000 	/System/Library/PrivateFrameworks/AppleSRP.framework/Versions/A/AppleSRP
0x0000000004910000 	/System/Library/PrivateFrameworks/TrustEvaluationAgent.framework/Versions/A/TrustEvaluationAgent
0x000000012390e000 	/Library/Java/JavaVirtualMachines/jdk1.8.0_45.jdk/Contents/Home/jre/lib/libglass.dylib
0x0000000004910000 	/System/Library/PrivateFrameworks/CoreServicesInternal.framework/Versions/A/CoreServicesInternal
0x0000000004910000 	/System/Library/CoreServices/RawCamera.bundle/Contents/MacOS/RawCamera
0x0000000004910000 	/System/Library/Frameworks/CoreGraphics.framework/Versions/A/Resources/libRIP.A.dylib
0x0000000004910000 	/System/Library/Frameworks/Accelerate.framework/Versions/A/Frameworks/vImage.framework/Versions/A/Libraries/libCGInterfaces.dylib
0x0000000004910000 	/System/Library/PrivateFrameworks/FamilyControls.framework/Versions/A/FamilyControls
0x0000000004910000 	/System/Library/PrivateFrameworks/CommerceKit.framework/Versions/A/Frameworks/CommerceCore.framework/Versions/A/CommerceCore
0x0000000004910000 	/System/Library/PrivateFrameworks/SystemAdministration.framework/Versions/A/SystemAdministration
0x0000000004910000 	/System/Library/PrivateFrameworks/AppContainer.framework/Versions/A/AppContainer
0x0000000004910000 	/System/Library/PrivateFrameworks/SecCodeWrapper.framework/Versions/A/SecCodeWrapper
0x0000000004910000 	/System/Library/Frameworks/DirectoryService.framework/Versions/A/DirectoryService
0x0000000004910000 	/System/Library/PrivateFrameworks/LoginUIKit.framework/Versions/A/Frameworks/LoginUICore.framework/Versions/A/LoginUICore
0x0000000004910000 	/usr/lib/libodfde.dylib
0x00000001266ea000 	/Library/Java/JavaVirtualMachines/jdk1.8.0_45.jdk/Contents/Home/jre/lib/libjavafx_font.dylib
0x0000000004910000 	/System/Library/Frameworks/CoreGraphics.framework/Versions/A/Resources/libCGXType.A.dylib
0x0000000128aeb000 	cl_kernels
0x0000000004910000 	/System/Library/Frameworks/OpenCL.framework/Versions/A/Libraries/ImageFormats/unorm8_bgra.dylib
0x0000000004910000 	/System/Library/Frameworks/OpenCL.framework/Versions/A/Libraries/ImageFormats/unorm8_rgba.dylib
0x000000012ac55000 	/Library/Java/JavaVirtualMachines/jdk1.8.0_45.jdk/Contents/Home/jre/lib/libprism_common.dylib
0x000000012b90f000 	/System/Library/Extensions/AppleIntelBDWGraphicsMTLDriver.bundle/Contents/MacOS/AppleIntelBDWGraphicsMTLDriver

VM Arguments:
jvm_args: -Didea.launcher.port=7535 -Didea.launcher.bin.path=/Applications/IntelliJ IDEA CE.app/Contents/bin -Dfile.encoding=UTF-8 
java_command: com.intellij.rt.execution.application.AppMain org.cs5431_client.view.Client
java_class_path (initial): /Library/Java/JavaVirtualMachines/jdk1.8.0_45.jdk/Contents/Home/jre/lib/charsets.jar:/Library/Java/JavaVirtualMachines/jdk1.8.0_45.jdk/Contents/Home/jre/lib/deploy.jar:/Library/Java/JavaVirtualMachines/jdk1.8.0_45.jdk/Contents/Home/jre/lib/ext/cldrdata.jar:/Library/Java/JavaVirtualMachines/jdk1.8.0_45.jdk/Contents/Home/jre/lib/ext/dnsns.jar:/Library/Java/JavaVirtualMachines/jdk1.8.0_45.jdk/Contents/Home/jre/lib/ext/jfxrt.jar:/Library/Java/JavaVirtualMachines/jdk1.8.0_45.jdk/Contents/Home/jre/lib/ext/localedata.jar:/Library/Java/JavaVirtualMachines/jdk1.8.0_45.jdk/Contents/Home/jre/lib/ext/nashorn.jar:/Library/Java/JavaVirtualMachines/jdk1.8.0_45.jdk/Contents/Home/jre/lib/ext/sunec.jar:/Library/Java/JavaVirtualMachines/jdk1.8.0_45.jdk/Contents/Home/jre/lib/ext/sunjce_provider.jar:/Library/Java/JavaVirtualMachines/jdk1.8.0_45.jdk/Contents/Home/jre/lib/ext/sunpkcs11.jar:/Library/Java/JavaVirtualMachines/jdk1.8.0_45.jdk/Contents/Home/jre/lib/ext/zipfs.jar:/Library/Java/JavaVirtualMachines/jdk1.8.0_45.jdk/Contents/Home/jre/lib/javaws.jar:/Library/Java/JavaVirtualMachines/jdk1.8.0_45.jdk/Contents/Home/jre/lib/jce.jar:/Library/Java/JavaVirtualMachines/jdk1.8.0_45.jdk/Contents/Home/jre/lib/jfr.jar:/Library/Java/JavaVirtualMachines/jdk1.8.0_45.jdk/Contents/Home/jre/lib/jfxswt.jar:/Library/Java/JavaVirtualMachines/jdk1.8.0_45.jdk/Contents/Home/jre/lib/jsse.jar:/Library/Java/JavaVirtualMachines/jdk1.8.0_45.jdk/Contents/Home/jre/lib/management-agent.jar:/Library/Java/JavaVirtualMachines/jdk1.8.0_45.jdk/Contents/Home/jre/lib/plugin.jar:/Library/Java/JavaVirtualMachines/jdk1.8.0_45.jdk/Contents/Home/jre/lib/resources.jar:/Library/Java/JavaVirtualMachines/jdk1.8.0_45.jdk/Contents/Home/jre/lib/rt.jar:/Library/Java/JavaVirtualMachines/jdk1.8.0_45.jdk/Contents/Home/lib/ant-javafx.jar:/Library/Java/JavaVirtualMachines/jdk1.8.0_45.jdk/Contents/Home/lib/dt.jar:/Library/Java/JavaVirtualMachines/jdk1.8.0_45.jdk/Contents/Home/lib/javafx-mx.jar:/Library/Java/Jav
Launcher Type: SUN_STANDARD

Environment Variables:
PATH=/usr/local/bin:/usr/local/bin:/usr/local/bin:/usr/bin:/bin:/usr/sbin:/sbin:/opt/X11/bin:/usr/texbin:/usr/texbin
SHELL=/bin/bash
DISPLAY=/private/tmp/com.apple.launchd.b9QibgBd0g/org.macosforge.xquartz:0

Signal Handlers:
SIGSEGV: [libjvm.dylib+0x58ef95], sa_mask[0]=11111111011111110111111111111111, sa_flags=SA_ONSTACK|SA_RESTART|SA_SIGINFO
SIGBUS: [libjvm.dylib+0x58ef95], sa_mask[0]=11111111011111110111111111111111, sa_flags=SA_RESTART|SA_SIGINFO
SIGFPE: [libjvm.dylib+0x46c108], sa_mask[0]=11111111011111110111111111111111, sa_flags=SA_RESTART|SA_SIGINFO
SIGPIPE: [libjvm.dylib+0x46c108], sa_mask[0]=11111111011111110111111111111111, sa_flags=SA_RESTART|SA_SIGINFO
SIGXFSZ: [libjvm.dylib+0x46c108], sa_mask[0]=11111111011111110111111111111111, sa_flags=SA_RESTART|SA_SIGINFO
SIGILL: [libjvm.dylib+0x46c108], sa_mask[0]=11111111011111110111111111111111, sa_flags=SA_RESTART|SA_SIGINFO
SIGUSR1: SIG_DFL, sa_mask[0]=00000000000000000000000000000000, sa_flags=none
SIGUSR2: [libjvm.dylib+0x46bc26], sa_mask[0]=00100000000000000000000000000000, sa_flags=SA_RESTART|SA_SIGINFO
SIGHUP: [libjvm.dylib+0x46a1f9], sa_mask[0]=11111111011111110111111111111111, sa_flags=SA_RESTART|SA_SIGINFO
SIGINT: [libjvm.dylib+0x46a1f9], sa_mask[0]=11111111011111110111111111111111, sa_flags=SA_RESTART|SA_SIGINFO
SIGTERM: [libjvm.dylib+0x46a1f9], sa_mask[0]=11111111011111110111111111111111, sa_flags=SA_RESTART|SA_SIGINFO
SIGQUIT: [libjvm.dylib+0x46a1f9], sa_mask[0]=11111111011111110111111111111111, sa_flags=SA_RESTART|SA_SIGINFO


---------------  S Y S T E M  ---------------

OS:Bsduname:Darwin 15.6.0 Darwin Kernel Version 15.6.0: Mon Aug 29 20:21:34 PDT 2016; root:xnu-3248.60.11~1/RELEASE_X86_64 x86_64
rlimit: STACK 8192k, CORE 0k, NPROC 709, NOFILE 10240, AS infinity
load average:2.56 2.77 2.56

CPU:total 4 (2 cores per cpu, 2 threads per core) family 6 model 61 stepping 4, cmov, cx8, fxsr, mmx, sse, sse2, sse3, ssse3, sse4.1, sse4.2, popcnt, avx, avx2, aes, clmul, erms, 3dnowpref, lzcnt, ht, tsc, tscinvbit, bmi1, bmi2, adx

Memory: 4k page, physical 8388608k(20812k free)

/proc/meminfo:


vm_info: Java HotSpot(TM) 64-Bit Server VM (25.45-b02) for bsd-amd64 JRE (1.8.0_45-b14), built on Apr 10 2015 10:46:38 by "java_re" with gcc 4.2.1 (Based on Apple Inc. build 5658) (LLVM build 2336.11.00)

time: Tue Mar  7 13:59:49 2017
elapsed time: 295 seconds (0d 0h 4m 55s)

