#
# A fatal error has been detected by the Java Runtime Environment:
#
#  SIGSEGV (0xb) at pc=0x0000000127628511, pid=33282, tid=2571
#
# JRE version: Java(TM) SE Runtime Environment (8.0_45-b14) (build 1.8.0_45-b14)
# Java VM: Java HotSpot(TM) 64-Bit Server VM (25.45-b02 mixed mode bsd-amd64 compressed oops)
# Problematic frame:
# C  [libglass.dylib+0x15511]  GlassScreenDidChangeScreenParameters+0x21
#
# Failed to write core dump. Core dumps have been disabled. To enable core dumping, try "ulimit -c unlimited" before starting Java again
#
# If you would like to submit a bug report, please visit:
#   http://bugreport.java.com/bugreport/crash.jsp
#

---------------  T H R E A D  ---------------

Current thread is native thread

siginfo: si_signo: 11 (SIGSEGV), si_code: 1 (SEGV_MAPERR), si_addr: 0x0000000000000000

Registers:
RAX=0x000000012765aac8, RBX=0x0000000000000000, RCX=0x0000000000000103, RDX=0x0000010000000100
RSP=0x00007fff5211aed0, RBP=0x00007fff5211aee0, RSI=0x00007fe28950b988, RDI=0x0000000000000000
R8 =0x0000000000000040, R9 =0x00007fff7a3c21e0, R10=0xffffffffffffffff, R11=0x0000000000000246
R12=0x00007fe289735000, R13=0x00007fe289451e80, R14=0x00007fe289451ec0, R15=0x0000000000000000
RIP=0x0000000127628511, EFLAGS=0x0000000000010246, ERR=0x0000000000000004
  TRAPNO=0x000000000000000e

Top of Stack: (sp=0x00007fff5211aed0)
0x00007fff5211aed0:   00007fff5211af28 00007fe289451ec0
0x00007fff5211aee0:   00007fff5211aef0 00007fff99290bbc
0x00007fff5211aef0:   00007fff5211af10 00007fff99290b4f
0x00007fff5211af00:   0000000000000000 0000000000000000
0x00007fff5211af10:   00007fff5211af80 00007fff99290ac7
0x00007fff5211af20:   00007fff7e0ac9d0 00007fff7a5570a0
0x00007fff5211af30:   0000000042000000 00007fff99290b10
0x00007fff5211af40:   00007fff7d350720 00007fe289451e80
0x00007fff5211af50:   00007fe289735000 00007fff5211b728
0x00007fff5211af60:   00007fff7d47d780 00007fff5211b728
0x00007fff5211af70:   00007fe289451e80 00007fff996509e2
0x00007fff5211af80:   00007fff5211afc0 00007fff99290832
0x00007fff5211af90:   00007fff5211b5a0 0000000000000000
0x00007fff5211afa0:   00007fff7d47d780 00007fff5211b728
0x00007fff5211afb0:   00007fff8a19f4c0 00007fff996509e2
0x00007fff5211afc0:   00007fff5211b6d0 00007fff9924d5e2
0x00007fff5211afd0:   00007fe28975c100 0000000000000002
0x00007fff5211afe0:   0000000000000000 00007fe289511a20
0x00007fff5211aff0:   00007fe289809048 00007fe28953e760
0x00007fff5211b000:   0000000000000000 00007fe289451f20
0x00007fff5211b010:   0000000000000000 0000000000000000
0x00007fff5211b020:   00007fff7d38dbc0 00007fff5211b5a0
0x00007fff5211b030:   0000000000000001 0000000000000100
0x00007fff5211b040:   000000010dafc000 00007fff5211b4a0
0x00007fff5211b050:   0000000000000000 0000000000000100
0x00007fff5211b060:   0000000000000400 00007fff7d47d780
0x00007fff5211b070:   0000000000000000 00007fff7d351500
0x00007fff5211b080:   00007fff7d47d780 0000000000000000
0x00007fff5211b090:   00007fff7d351500 0000000000000410
0x00007fff5211b0a0:   00007fff5211b0c0 00007fff9b16d1ab
0x00007fff5211b0b0:   00000000004d3c01 00007fff7a1142c0
0x00007fff5211b0c0:   00000000004d3c00 000000008a1a5c91 

Instructions: (pc=0x0000000127628511)
0x00000001276284f1:   48 89 e5 41 56 53 48 8d 05 c2 26 03 00 48 83 38
0x0000000127628501:   00 48 89 fb 75 72 48 8d 05 ba 25 03 00 48 8b 30
0x0000000127628511:   48 8b 03 48 8d 15 6c 9a 01 00 48 8d 0d 86 6f 01
0x0000000127628521:   00 48 89 df ff 90 88 03 00 00 48 8d 0d 8e 26 03 

Register to memory mapping:

RAX=0x000000012765aac8: jScreenClass+0 in /Library/Java/JavaVirtualMachines/jdk1.8.0_45.jdk/Contents/Home/jre/lib/libglass.dylib at 0x0000000127613000
RBX=0x0000000000000000 is an unknown value
RCX=0x0000000000000103 is an unknown value
RDX=0x0000010000000100 is an unknown value
RSP=0x00007fff5211aed0 is an unknown value
RBP=0x00007fff5211aee0 is an unknown value
RSI=0x00007fe28950b988 is a global jni handle
RDI=0x0000000000000000 is an unknown value
R8 =0x0000000000000040 is an unknown value
R9 =0x00007fff7a3c21e0: __sFX+0x1c0 in /usr/lib/system/libsystem_c.dylib at 0x00007fff8b128000
R10=0xffffffffffffffff is an unknown value
R11=0x0000000000000246 is an unknown value
R12=0x00007fe289735000 is an unknown value
R13=0x00007fe289451e80 is an unknown value
R14=0x00007fe289451ec0 is an unknown value
R15=0x0000000000000000 is an unknown value


Stack: [0x00007fff5191f000,0x00007fff5211f000],  sp=0x00007fff5211aed0,  free space=8175k
Native frames: (J=compiled Java code, j=interpreted, Vv=VM code, C=native code)
C  [libglass.dylib+0x15511]  GlassScreenDidChangeScreenParameters+0x21
C  [CoreFoundation+0xa0bbc]  __CFNOTIFICATIONCENTER_IS_CALLING_OUT_TO_AN_OBSERVER__+0xc
C  [CoreFoundation+0xa0b4f]  ___CFXRegistrationPost_block_invoke+0x3f
C  [CoreFoundation+0xa0ac7]  _CFXRegistrationPost+0x197
C  [CoreFoundation+0xa0832]  ___CFXNotificationPost_block_invoke+0x32
C  [CoreFoundation+0x5d5e2]  -[_CFXNotificationRegistrar find:object:observer:enumerator:]+0x782
C  [CoreFoundation+0x5c835]  _CFXNotificationPost+0x2b5
C  [Foundation+0x717a]  -[NSNotificationCenter postNotificationName:object:userInfo:]+0x42
C  [AppKit+0x41c08b]  -[NSApplication _reactToScreenInvalidationImmediately:]+0x17f
C  [AppKit+0x41bedc]  __44-[NSApplication _reactToScreenInvalidation:]_block_invoke+0x3b
C  [CoreFoundation+0xaa4ac]  __CFRUNLOOP_IS_CALLING_OUT_TO_A_BLOCK__+0xc
C  [CoreFoundation+0x89d05]  __CFRunLoopDoBlocks+0x155
C  [CoreFoundation+0x89a6b]  __CFRunLoopRun+0x92b
C  [CoreFoundation+0x88ed8]  CFRunLoopRunSpecific+0x128
C  [java+0x6490]  CreateExecutionEnvironment+0x367
C  [java+0x221c]  JLI_Launch+0x7a0
C  [java+0x84ed]  main+0x65
C  [java+0x1a74]  start+0x34


---------------  P R O C E S S  ---------------

VM state:not at safepoint (normal execution)

VM Mutex/Monitor currently owned by a thread: None

Heap:
 PSYoungGen      total 38400K, used 26474K [0x0000000795580000, 0x0000000798000000, 0x00000007c0000000)
  eden space 33280K, 64% used [0x0000000795580000,0x0000000796a60388,0x0000000797600000)
  from space 5120K, 99% used [0x0000000797b00000,0x0000000797ffa508,0x0000000798000000)
  to   space 5120K, 0% used [0x0000000797600000,0x0000000797600000,0x0000000797b00000)
 ParOldGen       total 87552K, used 2273K [0x0000000740000000, 0x0000000745580000, 0x0000000795580000)
  object space 87552K, 2% used [0x0000000740000000,0x0000000740238438,0x0000000745580000)
 Metaspace       used 16694K, capacity 17556K, committed 17792K, reserved 1064960K
  class space    used 2396K, capacity 2585K, committed 2688K, reserved 1048576K

Card table byte_map: [0x000000011e9c0000,0x000000011edc1000] byte_map_base: 0x000000011afc0000

Marking Bits: (ParMarkBitMap*) 0x000000010e61f7a0
 Begin Bits: [0x000000011f06c000, 0x000000012106c000)
 End Bits:   [0x000000012106c000, 0x000000012306c000)

Polling page: 0x000000010ed0d000

CodeCache: size=245760Kb used=6087Kb max_used=6087Kb free=239672Kb
 bounds [0x000000010f600000, 0x000000010fc00000, 0x000000011e600000]
 total_blobs=2711 nmethods=2048 adapters=575
 compilation: enabled

Compilation events (10 events):
Event: 1387.229 Thread 0x00007fe28a02a800 2044       3       java.lang.invoke.DirectMethodHandle::maybeCompile (18 bytes)
Event: 1387.230 Thread 0x00007fe28a02a800 nmethod 2044 0x000000010fbe81d0 code [0x000000010fbe8360, 0x000000010fbe85f8]
Event: 1387.233 Thread 0x00007fe28a02a800 2046       3       java.lang.invoke.DirectMethodHandle::<init> (132 bytes)
Event: 1387.236 Thread 0x00007fe28a02a800 nmethod 2046 0x000000010fbf4650 code [0x000000010fbf4900, 0x000000010fbf60c8]
Event: 1387.237 Thread 0x00007fe28a02a800 2045       3       java.lang.invoke.DirectMethodHandle::preparedLambdaForm (242 bytes)
Event: 1387.240 Thread 0x00007fe28a02a800 nmethod 2045 0x000000010fbf1010 code [0x000000010fbf1280, 0x000000010fbf22d8]
Event: 1387.247 Thread 0x00007fe28a02a800 2047       3       sun.invoke.util.VerifyAccess::isTypeVisible (49 bytes)
Event: 1387.248 Thread 0x00007fe28a02a800 nmethod 2047 0x000000010fbe7890 code [0x000000010fbe7a20, 0x000000010fbe7f88]
Event: 1387.253 Thread 0x00007fe28a02a800 2048       3       java.lang.invoke.ConstantCallSite::getTarget (20 bytes)
Event: 1387.254 Thread 0x00007fe28a02a800 nmethod 2048 0x000000010fbe73d0 code [0x000000010fbe7540, 0x000000010fbe77a8]

GC Heap History (4 events):
Event: 1.765 GC heap before
{Heap before GC invocations=1 (full 0):
 PSYoungGen      total 38400K, used 33280K [0x0000000795580000, 0x0000000798000000, 0x00000007c0000000)
  eden space 33280K, 100% used [0x0000000795580000,0x0000000797600000,0x0000000797600000)
  from space 5120K, 0% used [0x0000000797b00000,0x0000000797b00000,0x0000000798000000)
  to   space 5120K, 0% used [0x0000000797600000,0x0000000797600000,0x0000000797b00000)
 ParOldGen       total 87552K, used 0K [0x0000000740000000, 0x0000000745580000, 0x0000000795580000)
  object space 87552K, 0% used [0x0000000740000000,0x0000000740000000,0x0000000745580000)
 Metaspace       used 13929K, capacity 14418K, committed 14464K, reserved 1060864K
  class space    used 2014K, capacity 2148K, committed 2176K, reserved 1048576K
Event: 1.772 GC heap after
Heap after GC invocations=1 (full 0):
 PSYoungGen      total 38400K, used 4400K [0x0000000795580000, 0x0000000798000000, 0x00000007c0000000)
  eden space 33280K, 0% used [0x0000000795580000,0x0000000795580000,0x0000000797600000)
  from space 5120K, 85% used [0x0000000797600000,0x0000000797a4c030,0x0000000797b00000)
  to   space 5120K, 0% used [0x0000000797b00000,0x0000000797b00000,0x0000000798000000)
 ParOldGen       total 87552K, used 80K [0x0000000740000000, 0x0000000745580000, 0x0000000795580000)
  object space 87552K, 0% used [0x0000000740000000,0x0000000740014010,0x0000000745580000)
 Metaspace       used 13929K, capacity 14418K, committed 14464K, reserved 1060864K
  class space    used 2014K, capacity 2148K, committed 2176K, reserved 1048576K
}
Event: 605.759 GC heap before
{Heap before GC invocations=2 (full 0):
 PSYoungGen      total 38400K, used 37680K [0x0000000795580000, 0x0000000798000000, 0x00000007c0000000)
  eden space 33280K, 100% used [0x0000000795580000,0x0000000797600000,0x0000000797600000)
  from space 5120K, 85% used [0x0000000797600000,0x0000000797a4c030,0x0000000797b00000)
  to   space 5120K, 0% used [0x0000000797b00000,0x0000000797b00000,0x0000000798000000)
 ParOldGen       total 87552K, used 80K [0x0000000740000000, 0x0000000745580000, 0x0000000795580000)
  object space 87552K, 0% used [0x0000000740000000,0x0000000740014010,0x0000000745580000)
 Metaspace       used 16656K, capacity 17500K, committed 17792K, reserved 1064960K
  class space    used 2386K, capacity 2573K, committed 2688K, reserved 1048576K
Event: 605.792 GC heap after
Heap after GC invocations=2 (full 0):
 PSYoungGen      total 38400K, used 5097K [0x0000000795580000, 0x0000000798000000, 0x00000007c0000000)
  eden space 33280K, 0% used [0x0000000795580000,0x0000000795580000,0x0000000797600000)
  from space 5120K, 99% used [0x0000000797b00000,0x0000000797ffa508,0x0000000798000000)
  to   space 5120K, 0% used [0x0000000797600000,0x0000000797600000,0x0000000797b00000)
 ParOldGen       total 87552K, used 2273K [0x0000000740000000, 0x0000000745580000, 0x0000000795580000)
  object space 87552K, 2% used [0x0000000740000000,0x0000000740238438,0x0000000745580000)
 Metaspace       used 16656K, capacity 17500K, committed 17792K, reserved 1064960K
  class space    used 2386K, capacity 2573K, committed 2688K, reserved 1048576K
}

Deoptimization events (10 events):
Event: 1.633 Thread 0x00007fe2898b2000 Uncommon trap: reason=class_check action=maybe_recompile pc=0x000000010f8e3404 method=java.io.DataInputStream.readShort()S @ 4
Event: 1.633 Thread 0x00007fe2898b2000 Uncommon trap: reason=class_check action=maybe_recompile pc=0x000000010f8e3404 method=java.io.DataInputStream.readShort()S @ 4
Event: 1.645 Thread 0x00007fe2898b2000 Uncommon trap: reason=class_check action=maybe_recompile pc=0x000000010f738c8c method=java.lang.String.equals(Ljava/lang/Object;)Z @ 8
Event: 1.645 Thread 0x00007fe2898b2000 Uncommon trap: reason=class_check action=maybe_recompile pc=0x000000010f738c8c method=java.lang.String.equals(Ljava/lang/Object;)Z @ 8
Event: 1.645 Thread 0x00007fe2898b2000 Uncommon trap: reason=class_check action=maybe_recompile pc=0x000000010f738c8c method=java.lang.String.equals(Ljava/lang/Object;)Z @ 8
Event: 1.648 Thread 0x00007fe2898b2000 Uncommon trap: reason=class_check action=maybe_recompile pc=0x000000010f738c8c method=java.lang.String.equals(Ljava/lang/Object;)Z @ 8
Event: 1.791 Thread 0x00007fe2898b2000 Uncommon trap: reason=unstable_if action=reinterpret pc=0x000000010f911ac0 method=java.util.HashMap.putVal(ILjava/lang/Object;Ljava/lang/Object;ZZ)Ljava/lang/Object; @ 193
Event: 2.100 Thread 0x00007fe2898b2000 Uncommon trap: reason=unstable_if action=reinterpret pc=0x000000010f952874 method=jdk.internal.org.objectweb.asm.Type.getArgumentsAndReturnSizes(Ljava/lang/String;)I @ 47
Event: 13.183 Thread 0x00007fe2898b2000 Uncommon trap: reason=unstable_if action=reinterpret pc=0x000000010f9a4e70 method=java.io.ByteArrayInputStream.read()I @ 8
Event: 13.226 Thread 0x00007fe2898b2000 Uncommon trap: reason=unstable_if action=reinterpret pc=0x000000010fb101fc method=javafx.scene.Node.getProperties()Ljavafx/collections/ObservableMap; @ 4

Internal exceptions (10 events):
Event: 13.190 Thread 0x00007fe2898b2000 Exception <a 'java/io/FileNotFoundException'> (0x0000000795e752a8) thrown at [/Users/java_re/workspace/8-2-build-macosx-x86_64/jdk8u45/3457/hotspot/src/share/vm/prims/jni.cpp, line 709]
Event: 13.193 Thread 0x00007fe2898b2000 Exception <a 'java/io/FileNotFoundException'> (0x0000000795e8e788) thrown at [/Users/java_re/workspace/8-2-build-macosx-x86_64/jdk8u45/3457/hotspot/src/share/vm/prims/jni.cpp, line 709]
Event: 13.198 Thread 0x00007fe2898b2000 Exception <a 'java/io/FileNotFoundException'> (0x0000000795eae540) thrown at [/Users/java_re/workspace/8-2-build-macosx-x86_64/jdk8u45/3457/hotspot/src/share/vm/prims/jni.cpp, line 709]
Event: 13.202 Thread 0x00007fe2898b2000 Exception <a 'java/io/FileNotFoundException'> (0x0000000795ec6280) thrown at [/Users/java_re/workspace/8-2-build-macosx-x86_64/jdk8u45/3457/hotspot/src/share/vm/prims/jni.cpp, line 709]
Event: 13.204 Thread 0x00007fe2898b2000 Exception <a 'java/io/FileNotFoundException'> (0x0000000795ee03a8) thrown at [/Users/java_re/workspace/8-2-build-macosx-x86_64/jdk8u45/3457/hotspot/src/share/vm/prims/jni.cpp, line 709]
Event: 13.208 Thread 0x00007fe2898b2000 Exception <a 'java/io/FileNotFoundException'> (0x0000000795efa450) thrown at [/Users/java_re/workspace/8-2-build-macosx-x86_64/jdk8u45/3457/hotspot/src/share/vm/prims/jni.cpp, line 709]
Event: 13.210 Thread 0x00007fe2898b2000 Exception <a 'java/io/FileNotFoundException'> (0x0000000795f14460) thrown at [/Users/java_re/workspace/8-2-build-macosx-x86_64/jdk8u45/3457/hotspot/src/share/vm/prims/jni.cpp, line 709]
Event: 13.212 Thread 0x00007fe2898b2000 Exception <a 'java/lang/ArrayIndexOutOfBoundsException'> (0x0000000795f2d5d0) thrown at [/Users/java_re/workspace/8-2-build-macosx-x86_64/jdk8u45/3457/hotspot/src/share/vm/runtime/sharedRuntime.cpp, line 605]
Event: 13.213 Thread 0x00007fe2898b2000 Exception <a 'java/io/FileNotFoundException'> (0x0000000795f35388) thrown at [/Users/java_re/workspace/8-2-build-macosx-x86_64/jdk8u45/3457/hotspot/src/share/vm/prims/jni.cpp, line 709]
Event: 13.234 Thread 0x00007fe2898b2000 Exception <a 'java/lang/NullPointerException'> (0x00000007960121e8) thrown at [/Users/java_re/workspace/8-2-build-macosx-x86_64/jdk8u45/3457/hotspot/src/share/vm/interpreter/linkResolver.cpp, line 1178]

Events (10 events):
Event: 1387.276 loading class com/sun/javafx/tk/quantum/QuantumRenderer done
Event: 1387.277 loading class com/sun/javafx/tk/quantum/QuantumToolkit
Event: 1387.277 loading class com/sun/javafx/tk/quantum/QuantumToolkit done
Event: 1387.278 Thread 0x00007fe2898ad800 Thread exited: 0x00007fe2898ad800
Event: 1387.278 Thread 0x00007fe2898ac000 Thread exited: 0x00007fe2898ac000
Event: 1387.278 Thread 0x00007fe28a003000 Thread exited: 0x00007fe28a003000
Event: 1387.278 Thread 0x00007fe2898ac000 Thread added: 0x00007fe2898ac000
Event: 1389.487 Thread 0x00007fe2898b2000 Thread exited: 0x00007fe2898b2000
Event: 1389.488 loading class java/util/IdentityHashMap$KeyIterator
Event: 1389.488 loading class java/util/IdentityHashMap$IdentityHashMapIterator


Dynamic libraries:
0x000000000a0ef000 	/System/Library/Frameworks/Cocoa.framework/Versions/A/Cocoa
0x000000000a0ef000 	/System/Library/Frameworks/Security.framework/Versions/A/Security
0x000000000a0ef000 	/System/Library/Frameworks/ApplicationServices.framework/Versions/A/ApplicationServices
0x000000000a0ef000 	/usr/lib/libz.1.dylib
0x000000000a0ef000 	/usr/lib/libSystem.B.dylib
0x000000000a0ef000 	/usr/lib/libobjc.A.dylib
0x000000000a0ef000 	/System/Library/Frameworks/CoreFoundation.framework/Versions/A/CoreFoundation
0x000000000a0ef000 	/System/Library/Frameworks/Foundation.framework/Versions/C/Foundation
0x000000000a0ef000 	/System/Library/Frameworks/AppKit.framework/Versions/C/AppKit
0x000000000a0ef000 	/System/Library/Frameworks/CoreData.framework/Versions/A/CoreData
0x000000000a0ef000 	/System/Library/PrivateFrameworks/RemoteViewServices.framework/Versions/A/RemoteViewServices
0x000000000a0ef000 	/System/Library/PrivateFrameworks/UIFoundation.framework/Versions/A/UIFoundation
0x000000000a0ef000 	/usr/lib/libScreenReader.dylib
0x000000000a0ef000 	/System/Library/Frameworks/Accelerate.framework/Versions/A/Accelerate
0x000000000a0ef000 	/System/Library/Frameworks/IOSurface.framework/Versions/A/IOSurface
0x000000000a0ef000 	/System/Library/Frameworks/AudioToolbox.framework/Versions/A/AudioToolbox
0x000000000a0ef000 	/System/Library/Frameworks/AudioUnit.framework/Versions/A/AudioUnit
0x000000000a0ef000 	/System/Library/PrivateFrameworks/DataDetectorsCore.framework/Versions/A/DataDetectorsCore
0x000000000a0ef000 	/System/Library/PrivateFrameworks/DesktopServicesPriv.framework/Versions/A/DesktopServicesPriv
0x000000000a0ef000 	/System/Library/Frameworks/Carbon.framework/Versions/A/Frameworks/HIToolbox.framework/Versions/A/HIToolbox
0x000000000a0ef000 	/System/Library/Frameworks/QuartzCore.framework/Versions/A/QuartzCore
0x000000000a0ef000 	/System/Library/Frameworks/Carbon.framework/Versions/A/Frameworks/SpeechRecognition.framework/Versions/A/SpeechRecognition
0x000000000a0ef000 	/usr/lib/libauto.dylib
0x000000000a0ef000 	/usr/lib/libicucore.A.dylib
0x000000000a0ef000 	/usr/lib/libxml2.2.dylib
0x000000000a0ef000 	/System/Library/PrivateFrameworks/CoreUI.framework/Versions/A/CoreUI
0x000000000a0ef000 	/System/Library/Frameworks/CoreAudio.framework/Versions/A/CoreAudio
0x000000000a0ef000 	/System/Library/Frameworks/DiskArbitration.framework/Versions/A/DiskArbitration
0x000000000a0ef000 	/usr/lib/liblangid.dylib
0x000000000a0ef000 	/System/Library/PrivateFrameworks/MultitouchSupport.framework/Versions/A/MultitouchSupport
0x000000000a0ef000 	/System/Library/Frameworks/IOKit.framework/Versions/A/IOKit
0x000000000a0ef000 	/usr/lib/libDiagnosticMessagesClient.dylib
0x000000000a0ef000 	/System/Library/Frameworks/CoreServices.framework/Versions/A/CoreServices
0x000000000a0ef000 	/System/Library/PrivateFrameworks/PerformanceAnalysis.framework/Versions/A/PerformanceAnalysis
0x000000000a0ef000 	/System/Library/PrivateFrameworks/GenerationalStorage.framework/Versions/A/GenerationalStorage
0x000000000a0ef000 	/System/Library/Frameworks/OpenGL.framework/Versions/A/OpenGL
0x000000000a0ef000 	/System/Library/PrivateFrameworks/Sharing.framework/Versions/A/Sharing
0x000000000a0ef000 	/System/Library/Frameworks/CoreGraphics.framework/Versions/A/CoreGraphics
0x000000000a0ef000 	/System/Library/Frameworks/CoreImage.framework/Versions/A/CoreImage
0x000000000a0ef000 	/System/Library/Frameworks/CoreText.framework/Versions/A/CoreText
0x000000000a0ef000 	/System/Library/Frameworks/ImageIO.framework/Versions/A/ImageIO
0x000000000a0ef000 	/System/Library/PrivateFrameworks/Backup.framework/Versions/A/Backup
0x000000000a0ef000 	/usr/lib/libextension.dylib
0x000000000a0ef000 	/usr/lib/libarchive.2.dylib
0x000000000a0ef000 	/System/Library/Frameworks/CFNetwork.framework/Versions/A/CFNetwork
0x000000000a0ef000 	/System/Library/Frameworks/SystemConfiguration.framework/Versions/A/SystemConfiguration
0x000000000a0ef000 	/usr/lib/libCRFSuite.dylib
0x000000000a0ef000 	/usr/lib/libc++.1.dylib
0x000000000a0ef000 	/usr/lib/libc++abi.dylib
0x000000000a0ef000 	/usr/lib/system/libcache.dylib
0x000000000a0ef000 	/usr/lib/system/libcommonCrypto.dylib
0x000000000a0ef000 	/usr/lib/system/libcompiler_rt.dylib
0x000000000a0ef000 	/usr/lib/system/libcopyfile.dylib
0x000000000a0ef000 	/usr/lib/system/libcorecrypto.dylib
0x000000000a0ef000 	/usr/lib/system/libdispatch.dylib
0x000000000a0ef000 	/usr/lib/system/libdyld.dylib
0x000000000a0ef000 	/usr/lib/system/libkeymgr.dylib
0x000000000a0ef000 	/usr/lib/system/liblaunch.dylib
0x000000000a0ef000 	/usr/lib/system/libmacho.dylib
0x000000000a0ef000 	/usr/lib/system/libquarantine.dylib
0x000000000a0ef000 	/usr/lib/system/libremovefile.dylib
0x000000000a0ef000 	/usr/lib/system/libsystem_asl.dylib
0x000000000a0ef000 	/usr/lib/system/libsystem_blocks.dylib
0x000000000a0ef000 	/usr/lib/system/libsystem_c.dylib
0x000000000a0ef000 	/usr/lib/system/libsystem_configuration.dylib
0x000000000a0ef000 	/usr/lib/system/libsystem_coreservices.dylib
0x000000000a0ef000 	/usr/lib/system/libsystem_coretls.dylib
0x000000000a0ef000 	/usr/lib/system/libsystem_dnssd.dylib
0x000000000a0ef000 	/usr/lib/system/libsystem_info.dylib
0x000000000a0ef000 	/usr/lib/system/libsystem_kernel.dylib
0x000000000a0ef000 	/usr/lib/system/libsystem_m.dylib
0x000000000a0ef000 	/usr/lib/system/libsystem_malloc.dylib
0x000000000a0ef000 	/usr/lib/system/libsystem_network.dylib
0x000000000a0ef000 	/usr/lib/system/libsystem_networkextension.dylib
0x000000000a0ef000 	/usr/lib/system/libsystem_notify.dylib
0x000000000a0ef000 	/usr/lib/system/libsystem_platform.dylib
0x000000000a0ef000 	/usr/lib/system/libsystem_pthread.dylib
0x000000000a0ef000 	/usr/lib/system/libsystem_sandbox.dylib
0x000000000a0ef000 	/usr/lib/system/libsystem_secinit.dylib
0x000000000a0ef000 	/usr/lib/system/libsystem_trace.dylib
0x000000000a0ef000 	/usr/lib/system/libunc.dylib
0x000000000a0ef000 	/usr/lib/system/libunwind.dylib
0x000000000a0ef000 	/usr/lib/system/libxpc.dylib
0x000000000a0ef000 	/usr/lib/libenergytrace.dylib
0x000000000a0ef000 	/usr/lib/libbsm.0.dylib
0x000000000a0ef000 	/usr/lib/system/libkxld.dylib
0x000000000a0ef000 	/usr/lib/libxar.1.dylib
0x000000000a0ef000 	/usr/lib/libsqlite3.dylib
0x000000000a0ef000 	/usr/lib/libpam.2.dylib
0x000000000a0ef000 	/usr/lib/libOpenScriptingUtil.dylib
0x000000000a0ef000 	/usr/lib/libbz2.1.0.dylib
0x000000000a0ef000 	/usr/lib/liblzma.5.dylib
0x000000000a0ef000 	/System/Library/Frameworks/CoreServices.framework/Versions/A/Frameworks/FSEvents.framework/Versions/A/FSEvents
0x000000000a0ef000 	/System/Library/Frameworks/CoreServices.framework/Versions/A/Frameworks/CarbonCore.framework/Versions/A/CarbonCore
0x000000000a0ef000 	/System/Library/Frameworks/CoreServices.framework/Versions/A/Frameworks/Metadata.framework/Versions/A/Metadata
0x000000000a0ef000 	/System/Library/Frameworks/CoreServices.framework/Versions/A/Frameworks/OSServices.framework/Versions/A/OSServices
0x000000000a0ef000 	/System/Library/Frameworks/CoreServices.framework/Versions/A/Frameworks/SearchKit.framework/Versions/A/SearchKit
0x000000000a0ef000 	/System/Library/Frameworks/CoreServices.framework/Versions/A/Frameworks/AE.framework/Versions/A/AE
0x000000000a0ef000 	/System/Library/Frameworks/CoreServices.framework/Versions/A/Frameworks/LaunchServices.framework/Versions/A/LaunchServices
0x000000000a0ef000 	/System/Library/Frameworks/CoreServices.framework/Versions/A/Frameworks/DictionaryServices.framework/Versions/A/DictionaryServices
0x000000000a0ef000 	/System/Library/Frameworks/CoreServices.framework/Versions/A/Frameworks/SharedFileList.framework/Versions/A/SharedFileList
0x000000000a0ef000 	/System/Library/Frameworks/NetFS.framework/Versions/A/NetFS
0x000000000a0ef000 	/System/Library/PrivateFrameworks/NetAuth.framework/Versions/A/NetAuth
0x000000000a0ef000 	/System/Library/PrivateFrameworks/login.framework/Versions/A/Frameworks/loginsupport.framework/Versions/A/loginsupport
0x000000000a0ef000 	/System/Library/PrivateFrameworks/TCC.framework/Versions/A/TCC
0x000000000a0ef000 	/usr/lib/libmecabra.dylib
0x000000000a0ef000 	/System/Library/Frameworks/ApplicationServices.framework/Versions/A/Frameworks/ATS.framework/Versions/A/ATS
0x000000000a0ef000 	/System/Library/Frameworks/ApplicationServices.framework/Versions/A/Frameworks/ColorSync.framework/Versions/A/ColorSync
0x000000000a0ef000 	/System/Library/Frameworks/ApplicationServices.framework/Versions/A/Frameworks/HIServices.framework/Versions/A/HIServices
0x000000000a0ef000 	/System/Library/Frameworks/ApplicationServices.framework/Versions/A/Frameworks/LangAnalysis.framework/Versions/A/LangAnalysis
0x000000000a0ef000 	/System/Library/Frameworks/ApplicationServices.framework/Versions/A/Frameworks/PrintCore.framework/Versions/A/PrintCore
0x000000000a0ef000 	/System/Library/Frameworks/ApplicationServices.framework/Versions/A/Frameworks/QD.framework/Versions/A/QD
0x000000000a0ef000 	/System/Library/Frameworks/ApplicationServices.framework/Versions/A/Frameworks/SpeechSynthesis.framework/Versions/A/SpeechSynthesis
0x000000000a0ef000 	/System/Library/Frameworks/Metal.framework/Versions/A/Metal
0x000000000a0ef000 	/System/Library/Frameworks/Accelerate.framework/Versions/A/Frameworks/vImage.framework/Versions/A/vImage
0x000000000a0ef000 	/System/Library/Frameworks/Accelerate.framework/Versions/A/Frameworks/vecLib.framework/Versions/A/vecLib
0x000000000a0ef000 	/System/Library/Frameworks/Accelerate.framework/Versions/A/Frameworks/vecLib.framework/Versions/A/libvDSP.dylib
0x000000000a0ef000 	/System/Library/Frameworks/Accelerate.framework/Versions/A/Frameworks/vecLib.framework/Versions/A/libvMisc.dylib
0x000000000a0ef000 	/System/Library/Frameworks/Accelerate.framework/Versions/A/Frameworks/vecLib.framework/Versions/A/libLAPACK.dylib
0x000000000a0ef000 	/System/Library/Frameworks/Accelerate.framework/Versions/A/Frameworks/vecLib.framework/Versions/A/libBLAS.dylib
0x000000000a0ef000 	/System/Library/Frameworks/Accelerate.framework/Versions/A/Frameworks/vecLib.framework/Versions/A/libLinearAlgebra.dylib
0x000000000a0ef000 	/System/Library/Frameworks/Accelerate.framework/Versions/A/Frameworks/vecLib.framework/Versions/A/libSparseBLAS.dylib
0x000000000a0ef000 	/System/Library/PrivateFrameworks/GPUCompiler.framework/libmetal_timestamp.dylib
0x000000000a0ef000 	/System/Library/Frameworks/OpenGL.framework/Versions/A/Libraries/libCoreFSCache.dylib
0x000000000a0ef000 	/System/Library/PrivateFrameworks/IOAccelerator.framework/Versions/A/IOAccelerator
0x000000000a0ef000 	/System/Library/Frameworks/ApplicationServices.framework/Versions/A/Frameworks/ATS.framework/Versions/A/Resources/libFontParser.dylib
0x000000000a0ef000 	/System/Library/Frameworks/ApplicationServices.framework/Versions/A/Frameworks/ATS.framework/Versions/A/Resources/libFontRegistry.dylib
0x000000000a0ef000 	/System/Library/PrivateFrameworks/AppleVPA.framework/Versions/A/AppleVPA
0x000000000a0ef000 	/System/Library/PrivateFrameworks/AppleJPEG.framework/Versions/A/AppleJPEG
0x000000000a0ef000 	/System/Library/Frameworks/ImageIO.framework/Versions/A/Resources/libJPEG.dylib
0x000000000a0ef000 	/System/Library/Frameworks/ImageIO.framework/Versions/A/Resources/libTIFF.dylib
0x000000000a0ef000 	/System/Library/Frameworks/ImageIO.framework/Versions/A/Resources/libPng.dylib
0x000000000a0ef000 	/System/Library/Frameworks/ImageIO.framework/Versions/A/Resources/libGIF.dylib
0x000000000a0ef000 	/System/Library/Frameworks/ImageIO.framework/Versions/A/Resources/libJP2.dylib
0x000000000a0ef000 	/System/Library/Frameworks/ImageIO.framework/Versions/A/Resources/libRadiance.dylib
0x000000000a0ef000 	/System/Library/Frameworks/CoreVideo.framework/Versions/A/CoreVideo
0x000000000a0ef000 	/System/Library/Frameworks/OpenGL.framework/Versions/A/Libraries/libGLU.dylib
0x000000000a0ef000 	/System/Library/Frameworks/OpenGL.framework/Versions/A/Libraries/libGFXShared.dylib
0x000000000a0ef000 	/System/Library/Frameworks/OpenGL.framework/Versions/A/Libraries/libGL.dylib
0x000000000a0ef000 	/System/Library/Frameworks/OpenGL.framework/Versions/A/Libraries/libGLImage.dylib
0x000000000a0ef000 	/System/Library/Frameworks/OpenGL.framework/Versions/A/Libraries/libCVMSPluginSupport.dylib
0x000000000a0ef000 	/System/Library/Frameworks/OpenGL.framework/Versions/A/Libraries/libCoreVMClient.dylib
0x000000000a0ef000 	/usr/lib/libcompression.dylib
0x000000000a0ef000 	/usr/lib/libcups.2.dylib
0x000000000a0ef000 	/System/Library/Frameworks/Kerberos.framework/Versions/A/Kerberos
0x000000000a0ef000 	/System/Library/Frameworks/GSS.framework/Versions/A/GSS
0x000000000a0ef000 	/usr/lib/libresolv.9.dylib
0x000000000a0ef000 	/usr/lib/libiconv.2.dylib
0x000000000a0ef000 	/System/Library/PrivateFrameworks/Heimdal.framework/Versions/A/Heimdal
0x000000000a0ef000 	/usr/lib/libheimdal-asn1.dylib
0x000000000a0ef000 	/System/Library/Frameworks/OpenDirectory.framework/Versions/A/OpenDirectory
0x000000000a0ef000 	/System/Library/PrivateFrameworks/CommonAuth.framework/Versions/A/CommonAuth
0x000000000a0ef000 	/System/Library/Frameworks/OpenDirectory.framework/Versions/A/Frameworks/CFOpenDirectory.framework/Versions/A/CFOpenDirectory
0x000000000a0ef000 	/System/Library/Frameworks/SecurityFoundation.framework/Versions/A/SecurityFoundation
0x000000000a0ef000 	/System/Library/PrivateFrameworks/LanguageModeling.framework/Versions/A/LanguageModeling
0x000000000a0ef000 	/usr/lib/libmarisa.dylib
0x000000000a0ef000 	/usr/lib/libChineseTokenizer.dylib
0x000000000a0ef000 	/usr/lib/libcmph.dylib
0x000000000a0ef000 	/System/Library/Frameworks/ServiceManagement.framework/Versions/A/ServiceManagement
0x000000000a0ef000 	/usr/lib/libxslt.1.dylib
0x000000000a0ef000 	/System/Library/Frameworks/Carbon.framework/Versions/A/Frameworks/Ink.framework/Versions/A/Ink
0x000000000a0ef000 	/usr/lib/libFosl_dynamic.dylib
0x000000000a0ef000 	/System/Library/PrivateFrameworks/FaceCore.framework/Versions/A/FaceCore
0x000000000a0ef000 	/System/Library/Frameworks/OpenCL.framework/Versions/A/OpenCL
0x000000000a0ef000 	/System/Library/PrivateFrameworks/CrashReporterSupport.framework/Versions/A/CrashReporterSupport
0x000000000a0ef000 	/System/Library/PrivateFrameworks/IconServices.framework/Versions/A/IconServices
0x000000000a0ef000 	/System/Library/PrivateFrameworks/Apple80211.framework/Versions/A/Apple80211
0x000000000a0ef000 	/System/Library/Frameworks/CoreWLAN.framework/Versions/A/CoreWLAN
0x000000000a0ef000 	/System/Library/Frameworks/IOBluetooth.framework/Versions/A/IOBluetooth
0x000000000a0ef000 	/System/Library/PrivateFrameworks/CoreWiFi.framework/Versions/A/CoreWiFi
0x000000000a0ef000 	/System/Library/Frameworks/CoreBluetooth.framework/Versions/A/CoreBluetooth
0x000000000a0ef000 	/System/Library/PrivateFrameworks/ChunkingLibrary.framework/Versions/A/ChunkingLibrary
0x000000000a0ef000 	/System/Library/PrivateFrameworks/DebugSymbols.framework/Versions/A/DebugSymbols
0x000000000a0ef000 	/System/Library/PrivateFrameworks/CoreSymbolication.framework/Versions/A/CoreSymbolication
0x000000000a0ef000 	/System/Library/PrivateFrameworks/Symbolication.framework/Versions/A/Symbolication
0x000000000a0ef000 	/System/Library/PrivateFrameworks/SpeechRecognitionCore.framework/Versions/A/SpeechRecognitionCore
0x000000010dd5d000 	/Library/Java/JavaVirtualMachines/jdk1.8.0_45.jdk/Contents/Home/jre/lib/server/libjvm.dylib
0x000000000a0ef000 	/usr/lib/libstdc++.6.dylib
0x000000010ecca000 	/Library/Java/JavaVirtualMachines/jdk1.8.0_45.jdk/Contents/Home/jre/lib/libverify.dylib
0x000000010ecd8000 	/Library/Java/JavaVirtualMachines/jdk1.8.0_45.jdk/Contents/Home/jre/lib/libjava.dylib
0x000000010ed17000 	/Library/Java/JavaVirtualMachines/jdk1.8.0_45.jdk/Contents/Home/jre/lib/libzip.dylib
0x0000000124e97000 	/System/Library/Frameworks/JavaVM.framework/Frameworks/JavaRuntimeSupport.framework/JavaRuntimeSupport
0x0000000124eb2000 	/System/Library/Frameworks/JavaVM.framework/Versions/A/Frameworks/JavaNativeFoundation.framework/Versions/A/JavaNativeFoundation
0x000000010edec000 	/System/Library/Frameworks/JavaVM.framework/Versions/A/JavaVM
0x000000000a0ef000 	/System/Library/Frameworks/Carbon.framework/Versions/A/Carbon
0x0000000124ec7000 	/System/Library/PrivateFrameworks/JavaLaunching.framework/Versions/A/JavaLaunching
0x000000000a0ef000 	/System/Library/Frameworks/Carbon.framework/Versions/A/Frameworks/CommonPanels.framework/Versions/A/CommonPanels
0x000000000a0ef000 	/System/Library/Frameworks/Carbon.framework/Versions/A/Frameworks/Help.framework/Versions/A/Help
0x000000000a0ef000 	/System/Library/Frameworks/Carbon.framework/Versions/A/Frameworks/ImageCapture.framework/Versions/A/ImageCapture
0x000000000a0ef000 	/System/Library/Frameworks/Carbon.framework/Versions/A/Frameworks/OpenScripting.framework/Versions/A/OpenScripting
0x000000000a0ef000 	/System/Library/Frameworks/Carbon.framework/Versions/A/Frameworks/Print.framework/Versions/A/Print
0x000000000a0ef000 	/System/Library/Frameworks/Carbon.framework/Versions/A/Frameworks/SecurityHI.framework/Versions/A/SecurityHI
0x0000000126960000 	/Applications/IntelliJ IDEA CE.app/Contents/bin/libbreakgen64.jnilib
0x0000000126963000 	/Library/Java/JavaVirtualMachines/jdk1.8.0_45.jdk/Contents/Home/jre/lib/libnet.dylib
0x0000000126a58000 	/Library/Java/JavaVirtualMachines/jdk1.8.0_45.jdk/Contents/Home/jre/lib/libprism_es2.dylib
0x000000000a0ef000 	/System/Library/Frameworks/OpenGL.framework/Versions/A/Resources/GLEngine.bundle/GLEngine
0x000000000a0ef000 	/System/Library/Frameworks/OpenGL.framework/Versions/A/Libraries/libGLProgrammability.dylib
0x0000000126ada000 	/System/Library/Extensions/AppleIntelBDWGraphicsGLDriver.bundle/Contents/MacOS/AppleIntelBDWGraphicsGLDriver
0x000000000a0ef000 	/System/Library/PrivateFrameworks/GPUSupport.framework/Versions/A/Libraries/libGPUSupportMercury.dylib
0x000000000a0ef000 	/System/Library/Frameworks/OpenGL.framework/Versions/A/Resources/GLRendererFloat.bundle/GLRendererFloat
0x000000000a0ef000 	/System/Library/Frameworks/OpenCL.framework/Versions/A/Libraries/libcldcpuengine.dylib
0x000000000a0ef000 	/System/Library/PrivateFrameworks/DiskImages.framework/Versions/A/DiskImages
0x000000000a0ef000 	/System/Library/Frameworks/DiscRecording.framework/Versions/A/DiscRecording
0x000000000a0ef000 	/usr/lib/libcsfde.dylib
0x000000000a0ef000 	/usr/lib/libcurl.4.dylib
0x000000000a0ef000 	/System/Library/PrivateFrameworks/MediaKit.framework/Versions/A/MediaKit
0x000000000a0ef000 	/System/Library/PrivateFrameworks/ProtectedCloudStorage.framework/Versions/A/ProtectedCloudStorage
0x000000000a0ef000 	/usr/lib/libCoreStorage.dylib
0x000000000a0ef000 	/System/Library/PrivateFrameworks/EFILogin.framework/Versions/A/EFILogin
0x000000000a0ef000 	/usr/lib/libutil.dylib
0x000000000a0ef000 	/System/Library/PrivateFrameworks/FindMyDevice.framework/Versions/A/FindMyDevice
0x000000000a0ef000 	/System/Library/Frameworks/LDAP.framework/Versions/A/LDAP
0x000000000a0ef000 	/usr/lib/libsasl2.2.dylib
0x000000000a0ef000 	/System/Library/PrivateFrameworks/CoreDaemon.framework/Versions/B/CoreDaemon
0x000000000a0ef000 	/usr/lib/libcrypto.0.9.8.dylib
0x000000000a0ef000 	/System/Library/PrivateFrameworks/AppleSRP.framework/Versions/A/AppleSRP
0x000000000a0ef000 	/System/Library/PrivateFrameworks/TrustEvaluationAgent.framework/Versions/A/TrustEvaluationAgent
0x0000000127613000 	/Library/Java/JavaVirtualMachines/jdk1.8.0_45.jdk/Contents/Home/jre/lib/libglass.dylib
0x000000000a0ef000 	/System/Library/PrivateFrameworks/CoreServicesInternal.framework/Versions/A/CoreServicesInternal
0x000000000a0ef000 	/System/Library/CoreServices/RawCamera.bundle/Contents/MacOS/RawCamera
0x000000000a0ef000 	/System/Library/Frameworks/CoreGraphics.framework/Versions/A/Resources/libRIP.A.dylib
0x000000000a0ef000 	/System/Library/Frameworks/Accelerate.framework/Versions/A/Frameworks/vImage.framework/Versions/A/Libraries/libCGInterfaces.dylib
0x000000000a0ef000 	/System/Library/PrivateFrameworks/FamilyControls.framework/Versions/A/FamilyControls
0x000000000a0ef000 	/System/Library/PrivateFrameworks/CommerceKit.framework/Versions/A/Frameworks/CommerceCore.framework/Versions/A/CommerceCore
0x000000000a0ef000 	/System/Library/PrivateFrameworks/SystemAdministration.framework/Versions/A/SystemAdministration
0x000000000a0ef000 	/System/Library/PrivateFrameworks/AppContainer.framework/Versions/A/AppContainer
0x000000000a0ef000 	/System/Library/PrivateFrameworks/SecCodeWrapper.framework/Versions/A/SecCodeWrapper
0x000000000a0ef000 	/System/Library/Frameworks/DirectoryService.framework/Versions/A/DirectoryService
0x000000000a0ef000 	/System/Library/PrivateFrameworks/LoginUIKit.framework/Versions/A/Frameworks/LoginUICore.framework/Versions/A/LoginUICore
0x000000000a0ef000 	/usr/lib/libodfde.dylib
0x000000012a4a3000 	/Library/Java/JavaVirtualMachines/jdk1.8.0_45.jdk/Contents/Home/jre/lib/libjavafx_font.dylib
0x000000000a0ef000 	/System/Library/Frameworks/CoreGraphics.framework/Versions/A/Resources/libCGXType.A.dylib
0x000000012c6ee000 	cl_kernels
0x000000000a0ef000 	/System/Library/Frameworks/OpenCL.framework/Versions/A/Libraries/ImageFormats/unorm8_bgra.dylib
0x000000000a0ef000 	/System/Library/Frameworks/OpenCL.framework/Versions/A/Libraries/ImageFormats/unorm8_rgba.dylib
0x000000012e85c000 	/Library/Java/JavaVirtualMachines/jdk1.8.0_45.jdk/Contents/Home/jre/lib/libprism_common.dylib
0x000000012f6a5000 	/System/Library/Extensions/AppleIntelBDWGraphicsMTLDriver.bundle/Contents/MacOS/AppleIntelBDWGraphicsMTLDriver

VM Arguments:
jvm_args: -Didea.launcher.port=7537 -Didea.launcher.bin.path=/Applications/IntelliJ IDEA CE.app/Contents/bin -Dfile.encoding=UTF-8 
java_command: com.intellij.rt.execution.application.AppMain org.cs5431_client.view.Client
java_class_path (initial): /Library/Java/JavaVirtualMachines/jdk1.8.0_45.jdk/Contents/Home/jre/lib/charsets.jar:/Library/Java/JavaVirtualMachines/jdk1.8.0_45.jdk/Contents/Home/jre/lib/deploy.jar:/Library/Java/JavaVirtualMachines/jdk1.8.0_45.jdk/Contents/Home/jre/lib/ext/cldrdata.jar:/Library/Java/JavaVirtualMachines/jdk1.8.0_45.jdk/Contents/Home/jre/lib/ext/dnsns.jar:/Library/Java/JavaVirtualMachines/jdk1.8.0_45.jdk/Contents/Home/jre/lib/ext/jfxrt.jar:/Library/Java/JavaVirtualMachines/jdk1.8.0_45.jdk/Contents/Home/jre/lib/ext/localedata.jar:/Library/Java/JavaVirtualMachines/jdk1.8.0_45.jdk/Contents/Home/jre/lib/ext/nashorn.jar:/Library/Java/JavaVirtualMachines/jdk1.8.0_45.jdk/Contents/Home/jre/lib/ext/sunec.jar:/Library/Java/JavaVirtualMachines/jdk1.8.0_45.jdk/Contents/Home/jre/lib/ext/sunjce_provider.jar:/Library/Java/JavaVirtualMachines/jdk1.8.0_45.jdk/Contents/Home/jre/lib/ext/sunpkcs11.jar:/Library/Java/JavaVirtualMachines/jdk1.8.0_45.jdk/Contents/Home/jre/lib/ext/zipfs.jar:/Library/Java/JavaVirtualMachines/jdk1.8.0_45.jdk/Contents/Home/jre/lib/javaws.jar:/Library/Java/JavaVirtualMachines/jdk1.8.0_45.jdk/Contents/Home/jre/lib/jce.jar:/Library/Java/JavaVirtualMachines/jdk1.8.0_45.jdk/Contents/Home/jre/lib/jfr.jar:/Library/Java/JavaVirtualMachines/jdk1.8.0_45.jdk/Contents/Home/jre/lib/jfxswt.jar:/Library/Java/JavaVirtualMachines/jdk1.8.0_45.jdk/Contents/Home/jre/lib/jsse.jar:/Library/Java/JavaVirtualMachines/jdk1.8.0_45.jdk/Contents/Home/jre/lib/management-agent.jar:/Library/Java/JavaVirtualMachines/jdk1.8.0_45.jdk/Contents/Home/jre/lib/plugin.jar:/Library/Java/JavaVirtualMachines/jdk1.8.0_45.jdk/Contents/Home/jre/lib/resources.jar:/Library/Java/JavaVirtualMachines/jdk1.8.0_45.jdk/Contents/Home/jre/lib/rt.jar:/Library/Java/JavaVirtualMachines/jdk1.8.0_45.jdk/Contents/Home/lib/ant-javafx.jar:/Library/Java/JavaVirtualMachines/jdk1.8.0_45.jdk/Contents/Home/lib/dt.jar:/Library/Java/JavaVirtualMachines/jdk1.8.0_45.jdk/Contents/Home/lib/javafx-mx.jar:/Library/Java/Jav
Launcher Type: SUN_STANDARD

Environment Variables:
JAVA_HOME=/Library/Java/JavaVirtualMachines/jdk1.8.0_45.jdk/Contents/Home
PATH=/usr/local/bin:/usr/local/bin:/usr/local/bin:/usr/bin:/bin:/usr/sbin:/sbin:/opt/X11/bin:/usr/texbin:/usr/texbin:/usr/local/Cellar/maven/3.3.9/libexec/bin
SHELL=/bin/bash
DISPLAY=/private/tmp/com.apple.launchd.aZI1gJ09gF/org.macosforge.xquartz:0

Signal Handlers:
SIGSEGV: [libjvm.dylib+0x58ef95], sa_mask[0]=11111111011111110111111111111111, sa_flags=SA_ONSTACK|SA_RESTART|SA_SIGINFO
SIGBUS: [libjvm.dylib+0x58ef95], sa_mask[0]=11111111011111110111111111111111, sa_flags=SA_RESTART|SA_SIGINFO
SIGFPE: [libjvm.dylib+0x46c108], sa_mask[0]=11111111011111110111111111111111, sa_flags=SA_RESTART|SA_SIGINFO
SIGPIPE: [libjvm.dylib+0x46c108], sa_mask[0]=11111111011111110111111111111111, sa_flags=SA_RESTART|SA_SIGINFO
SIGXFSZ: [libjvm.dylib+0x46c108], sa_mask[0]=11111111011111110111111111111111, sa_flags=SA_RESTART|SA_SIGINFO
SIGILL: [libjvm.dylib+0x46c108], sa_mask[0]=11111111011111110111111111111111, sa_flags=SA_RESTART|SA_SIGINFO
SIGUSR1: SIG_DFL, sa_mask[0]=00000000000000000000000000000000, sa_flags=none
SIGUSR2: [libjvm.dylib+0x46bc26], sa_mask[0]=00100000000000000000000000000000, sa_flags=SA_RESTART|SA_SIGINFO
SIGHUP: [libjvm.dylib+0x46a1f9], sa_mask[0]=11111111011111110111111111111111, sa_flags=SA_RESTART|SA_SIGINFO
SIGINT: [libjvm.dylib+0x46a1f9], sa_mask[0]=11111111011111110111111111111111, sa_flags=SA_RESTART|SA_SIGINFO
SIGTERM: [libjvm.dylib+0x46a1f9], sa_mask[0]=11111111011111110111111111111111, sa_flags=SA_RESTART|SA_SIGINFO
SIGQUIT: [libjvm.dylib+0x46a1f9], sa_mask[0]=11111111011111110111111111111111, sa_flags=SA_RESTART|SA_SIGINFO


---------------  S Y S T E M  ---------------

OS:Bsduname:Darwin 15.6.0 Darwin Kernel Version 15.6.0: Mon Aug 29 20:21:34 PDT 2016; root:xnu-3248.60.11~1/RELEASE_X86_64 x86_64
rlimit: STACK 8192k, CORE 0k, NPROC 709, NOFILE 10240, AS infinity
load average:5.82 3.94 3.21

CPU:total 4 (2 cores per cpu, 2 threads per core) family 6 model 61 stepping 4, cmov, cx8, fxsr, mmx, sse, sse2, sse3, ssse3, sse4.1, sse4.2, popcnt, avx, avx2, aes, clmul, erms, 3dnowpref, lzcnt, ht, tsc, tscinvbit, bmi1, bmi2, adx

Memory: 4k page, physical 8388608k(21364k free)

/proc/meminfo:


vm_info: Java HotSpot(TM) 64-Bit Server VM (25.45-b02) for bsd-amd64 JRE (1.8.0_45-b14), built on Apr 10 2015 10:46:38 by "java_re" with gcc 4.2.1 (Based on Apple Inc. build 5658) (LLVM build 2336.11.00)

time: Mon Mar 20 22:01:32 2017
elapsed time: 1389 seconds (0d 0h 23m 9s)

