#
# A fatal error has been detected by the Java Runtime Environment:
#
#  SIGSEGV (0xb) at pc=0x000000011b17458d, pid=33294, tid=2571
#
# JRE version: Java(TM) SE Runtime Environment (8.0_45-b14) (build 1.8.0_45-b14)
# Java VM: Java HotSpot(TM) 64-Bit Server VM (25.45-b02 mixed mode bsd-amd64 compressed oops)
# Problematic frame:
# C  [libglass.dylib+0x1558d]  GlassScreenDidChangeScreenParameters+0x9d
#
# Failed to write core dump. Core dumps have been disabled. To enable core dumping, try "ulimit -c unlimited" before starting Java again
#
# If you would like to submit a bug report, please visit:
#   http://bugreport.java.com/bugreport/crash.jsp
#

---------------  T H R E A D  ---------------

Current thread is native thread

siginfo: si_signo: 11 (SIGSEGV), si_code: 1 (SEGV_MAPERR), si_addr: 0x0000000000000000

Registers:
RAX=0x000000011b1a6bc0, RBX=0x0000000000000000, RCX=0x0000000000000103, RDX=0x00007fccf3cd0148
RSP=0x00007fff5e5ceed0, RBP=0x00007fff5e5ceee0, RSI=0x00007fccf3e0ca88, RDI=0x0000000000000000
R8 =0x0000000000000040, R9 =0x00007fff7a3c21e0, R10=0xffffffffffffffff, R11=0x0000000000000246
R12=0x00007fccf3fdc220, R13=0x00007fccf3f590c0, R14=0x00007fccf3f59180, R15=0x0000000000000000
RIP=0x000000011b17458d, EFLAGS=0x0000000000010206, ERR=0x0000000000000004
  TRAPNO=0x000000000000000e

Top of Stack: (sp=0x00007fff5e5ceed0)
0x00007fff5e5ceed0:   00007fff5e5cef28 00007fccf3f59180
0x00007fff5e5ceee0:   00007fff5e5ceef0 00007fff99290bbc
0x00007fff5e5ceef0:   00007fff5e5cef10 00007fff99290b4f
0x00007fff5e5cef00:   0000000000000000 0000000000000000
0x00007fff5e5cef10:   00007fff5e5cef80 00007fff99290ac7
0x00007fff5e5cef20:   00007fff7e0ac9d0 00007fff7a5570a0
0x00007fff5e5cef30:   0000000042000000 00007fff99290b10
0x00007fff5e5cef40:   00007fff7d350720 00007fccf3f590c0
0x00007fff5e5cef50:   00007fccf3fdc220 00007fff5e5cf728
0x00007fff5e5cef60:   00007fff7d47d780 00007fff5e5cf728
0x00007fff5e5cef70:   00007fccf3f590c0 00007fff996509e2
0x00007fff5e5cef80:   00007fff5e5cefc0 00007fff99290832
0x00007fff5e5cef90:   00007fff5e5cf5a0 0000000000000000
0x00007fff5e5cefa0:   00007fff7d47d780 00007fff5e5cf728
0x00007fff5e5cefb0:   00007fff8a19f4c0 00007fff996509e2
0x00007fff5e5cefc0:   00007fff5e5cf6d0 00007fff9924d5e2
0x00007fff5e5cefd0:   00007fccf3f3da00 0000000000000002
0x00007fff5e5cefe0:   0000000000000000 00007fccf3c09360
0x00007fff5e5ceff0:   00007fccf5000048 00007fccf3f3dc10
0x00007fff5e5cf000:   0000000000000000 00007fccf3f591e0
0x00007fff5e5cf010:   0000000000000000 0000000000000000
0x00007fff5e5cf020:   00007fff7d38dbc0 00007fff5e5cf5a0
0x00007fff5e5cf030:   0000000000000001 0000000000000100
0x00007fff5e5cf040:   0000000000000b00 00007fff5e5cf4a0
0x00007fff5e5cf050:   0000000000000000 0000000000000100
0x00007fff5e5cf060:   4092980000000000 00007fff7d47d780
0x00007fff5e5cf070:   0000000000000000 00007fff7d351500
0x00007fff5e5cf080:   00007fff7d47d780 0000000000000000
0x00007fff5e5cf090:   00007fff7d351500 00007fccf3f35f80
0x00007fff5e5cf0a0:   00007fccf3f3da00 0000000000000002
0x00007fff5e5cf0b0:   0000000000000000 00007fff8a19f4c0
0x00007fff5e5cf0c0:   00007fff5e5cf280 00007fff9e275480 

Instructions: (pc=0x000000011b17458d)
0x000000011b17456d:   89 df 4c 89 f1 41 ff 90 68 04 00 00 48 8d 05 48
0x000000011b17457d:   25 03 00 48 8b 30 48 8d 05 36 26 03 00 48 8b 10
0x000000011b17458d:   48 8b 0b 30 c0 48 89 df ff 91 68 04 00 00 48 8b
0x000000011b17459d:   03 48 89 df ff 50 78 48 85 c0 74 36 49 89 c6 48 

Register to memory mapping:

RAX=0x000000011b1a6bc0: jScreenNotifySettingsChanged+0 in /Library/Java/JavaVirtualMachines/jdk1.8.0_45.jdk/Contents/Home/jre/lib/libglass.dylib at 0x000000011b15f000
RBX=0x0000000000000000 is an unknown value
RCX=0x0000000000000103 is an unknown value
RDX=0x00007fccf3cd0148 is an unknown value
RSP=0x00007fff5e5ceed0 is an unknown value
RBP=0x00007fff5e5ceee0 is an unknown value
RSI=0x00007fccf3e0ca88 is a global jni handle
RDI=0x0000000000000000 is an unknown value
R8 =0x0000000000000040 is an unknown value
R9 =0x00007fff7a3c21e0: __sFX+0x1c0 in /usr/lib/system/libsystem_c.dylib at 0x00007fff8b128000
R10=0xffffffffffffffff is an unknown value
R11=0x0000000000000246 is an unknown value
R12=0x00007fccf3fdc220 is an unknown value
R13=0x00007fccf3f590c0 is an unknown value
R14=0x00007fccf3f59180 is an unknown value
R15=0x0000000000000000 is an unknown value


Stack: [0x00007fff5ddd3000,0x00007fff5e5d3000],  sp=0x00007fff5e5ceed0,  free space=8175k
Native frames: (J=compiled Java code, j=interpreted, Vv=VM code, C=native code)
C  [libglass.dylib+0x1558d]  GlassScreenDidChangeScreenParameters+0x9d
C  [CoreFoundation+0xa0bbc]  __CFNOTIFICATIONCENTER_IS_CALLING_OUT_TO_AN_OBSERVER__+0xc
C  [CoreFoundation+0xa0b4f]  ___CFXRegistrationPost_block_invoke+0x3f
C  [CoreFoundation+0xa0ac7]  _CFXRegistrationPost+0x197
C  [CoreFoundation+0xa0832]  ___CFXNotificationPost_block_invoke+0x32
C  [CoreFoundation+0x5d5e2]  -[_CFXNotificationRegistrar find:object:observer:enumerator:]+0x782
C  [CoreFoundation+0x5c835]  _CFXNotificationPost+0x2b5
C  [Foundation+0x717a]  -[NSNotificationCenter postNotificationName:object:userInfo:]+0x42
C  [AppKit+0x41c08b]  -[NSApplication _reactToScreenInvalidationImmediately:]+0x17f
C  [AppKit+0x41bedc]  __44-[NSApplication _reactToScreenInvalidation:]_block_invoke+0x3b
C  [CoreFoundation+0xaa4ac]  __CFRUNLOOP_IS_CALLING_OUT_TO_A_BLOCK__+0xc
C  [CoreFoundation+0x89d05]  __CFRunLoopDoBlocks+0x155
C  [CoreFoundation+0x89a6b]  __CFRunLoopRun+0x92b
C  [CoreFoundation+0x88ed8]  CFRunLoopRunSpecific+0x128
C  [java+0x6490]  CreateExecutionEnvironment+0x367
C  [java+0x221c]  JLI_Launch+0x7a0
C  [java+0x84ed]  main+0x65
C  [java+0x1a74]  start+0x34


---------------  P R O C E S S  ---------------

VM state:not at safepoint (normal execution)

VM Mutex/Monitor currently owned by a thread: None

Heap:
 PSYoungGen      total 38400K, used 12008K [0x0000000795580000, 0x0000000798000000, 0x00000007c0000000)
  eden space 33280K, 20% used [0x0000000795580000,0x0000000795c3b6b0,0x0000000797600000)
  from space 5120K, 99% used [0x0000000797b00000,0x0000000797ffed28,0x0000000798000000)
  to   space 5120K, 0% used [0x0000000797600000,0x0000000797600000,0x0000000797b00000)
 ParOldGen       total 87552K, used 4184K [0x0000000740000000, 0x0000000745580000, 0x0000000795580000)
  object space 87552K, 4% used [0x0000000740000000,0x0000000740416078,0x0000000745580000)
 Metaspace       used 19986K, capacity 20792K, committed 20864K, reserved 1067008K
  class space    used 2701K, capacity 2895K, committed 2944K, reserved 1048576K

Card table byte_map: [0x0000000112529000,0x000000011292a000] byte_map_base: 0x000000010eb29000

Marking Bits: (ParMarkBitMap*) 0x0000000102ac27a0
 Begin Bits: [0x0000000112bd5000, 0x0000000114bd5000)
 End Bits:   [0x0000000114bd5000, 0x0000000116bd5000)

Polling page: 0x00000001018f0000

CodeCache: size=245760Kb used=7574Kb max_used=7608Kb free=238186Kb
 bounds [0x0000000103169000, 0x0000000103929000, 0x0000000112169000]
 total_blobs=3142 nmethods=2420 adapters=635
 compilation: enabled

Compilation events (10 events):
Event: 961.888 Thread 0x00007fccf4817800 2771       3       java.lang.invoke.DirectMethodHandle::maybeCompile (18 bytes)
Event: 961.889 Thread 0x00007fccf4817800 nmethod 2771 0x00000001032932d0 code [0x0000000103293460, 0x00000001032936f8]
Event: 961.889 Thread 0x00007fccf4817800 2772       3       java.lang.invoke.DirectMethodHandle::<init> (132 bytes)
Event: 961.893 Thread 0x00007fccf4817800 nmethod 2772 0x00000001037870d0 code [0x0000000103787380, 0x0000000103788b48]
Event: 961.893 Thread 0x00007fccf502d000 2773       4       com.sun.prism.impl.BaseResourcePool$WeakLinkedList::getResource (11 bytes)
Event: 961.896 Thread 0x00007fccf502d000 nmethod 2773 0x0000000103760d10 code [0x0000000103760e60, 0x0000000103760f18]
Event: 961.898 Thread 0x00007fccf4817800 2774       3       java.lang.invoke.ConstantCallSite::getTarget (20 bytes)
Event: 961.898 Thread 0x00007fccf4817800 nmethod 2774 0x00000001033fb050 code [0x00000001033fb1c0, 0x00000001033fb428]
Event: 961.908 Thread 0x00007fccf4817800 2775       3       java.lang.invoke.TypeConvertingMethodAdapter::cast (42 bytes)
Event: 961.909 Thread 0x00007fccf4817800 nmethod 2775 0x000000010354a190 code [0x000000010354a340, 0x000000010354a8e8]

GC Heap History (8 events):
Event: 1.748 GC heap before
{Heap before GC invocations=1 (full 0):
 PSYoungGen      total 38400K, used 33280K [0x0000000795580000, 0x0000000798000000, 0x00000007c0000000)
  eden space 33280K, 100% used [0x0000000795580000,0x0000000797600000,0x0000000797600000)
  from space 5120K, 0% used [0x0000000797b00000,0x0000000797b00000,0x0000000798000000)
  to   space 5120K, 0% used [0x0000000797600000,0x0000000797600000,0x0000000797b00000)
 ParOldGen       total 87552K, used 0K [0x0000000740000000, 0x0000000745580000, 0x0000000795580000)
  object space 87552K, 0% used [0x0000000740000000,0x0000000740000000,0x0000000745580000)
 Metaspace       used 13902K, capacity 14420K, committed 14464K, reserved 1060864K
  class space    used 2011K, capacity 2150K, committed 2176K, reserved 1048576K
Event: 1.755 GC heap after
Heap after GC invocations=1 (full 0):
 PSYoungGen      total 38400K, used 4416K [0x0000000795580000, 0x0000000798000000, 0x00000007c0000000)
  eden space 33280K, 0% used [0x0000000795580000,0x0000000795580000,0x0000000797600000)
  from space 5120K, 86% used [0x0000000797600000,0x0000000797a50040,0x0000000797b00000)
  to   space 5120K, 0% used [0x0000000797b00000,0x0000000797b00000,0x0000000798000000)
 ParOldGen       total 87552K, used 80K [0x0000000740000000, 0x0000000745580000, 0x0000000795580000)
  object space 87552K, 0% used [0x0000000740000000,0x0000000740014010,0x0000000745580000)
 Metaspace       used 13902K, capacity 14420K, committed 14464K, reserved 1060864K
  class space    used 2011K, capacity 2150K, committed 2176K, reserved 1048576K
}
Event: 140.113 GC heap before
{Heap before GC invocations=2 (full 0):
 PSYoungGen      total 38400K, used 37696K [0x0000000795580000, 0x0000000798000000, 0x00000007c0000000)
  eden space 33280K, 100% used [0x0000000795580000,0x0000000797600000,0x0000000797600000)
  from space 5120K, 86% used [0x0000000797600000,0x0000000797a50040,0x0000000797b00000)
  to   space 5120K, 0% used [0x0000000797b00000,0x0000000797b00000,0x0000000798000000)
 ParOldGen       total 87552K, used 80K [0x0000000740000000, 0x0000000745580000, 0x0000000795580000)
  object space 87552K, 0% used [0x0000000740000000,0x0000000740014010,0x0000000745580000)
 Metaspace       used 19845K, capacity 20608K, committed 20864K, reserved 1067008K
  class space    used 2693K, capacity 2883K, committed 2944K, reserved 1048576K
Event: 140.127 GC heap after
Heap after GC invocations=2 (full 0):
 PSYoungGen      total 38400K, used 5099K [0x0000000795580000, 0x0000000798000000, 0x00000007c0000000)
  eden space 33280K, 0% used [0x0000000795580000,0x0000000795580000,0x0000000797600000)
  from space 5120K, 99% used [0x0000000797b00000,0x0000000797ffad38,0x0000000798000000)
  to   space 5120K, 0% used [0x0000000797600000,0x0000000797600000,0x0000000797b00000)
 ParOldGen       total 87552K, used 4160K [0x0000000740000000, 0x0000000745580000, 0x0000000795580000)
  object space 87552K, 4% used [0x0000000740000000,0x0000000740410078,0x0000000745580000)
 Metaspace       used 19845K, capacity 20608K, committed 20864K, reserved 1067008K
  class space    used 2693K, capacity 2883K, committed 2944K, reserved 1048576K
}
Event: 527.529 GC heap before
{Heap before GC invocations=3 (full 0):
 PSYoungGen      total 38400K, used 38379K [0x0000000795580000, 0x0000000798000000, 0x00000007c0000000)
  eden space 33280K, 100% used [0x0000000795580000,0x0000000797600000,0x0000000797600000)
  from space 5120K, 99% used [0x0000000797b00000,0x0000000797ffad38,0x0000000798000000)
  to   space 5120K, 0% used [0x0000000797600000,0x0000000797600000,0x0000000797b00000)
 ParOldGen       total 87552K, used 4160K [0x0000000740000000, 0x0000000745580000, 0x0000000795580000)
  object space 87552K, 4% used [0x0000000740000000,0x0000000740410078,0x0000000745580000)
 Metaspace       used 19937K, capacity 20736K, committed 20864K, reserved 1067008K
  class space    used 2693K, capacity 2883K, committed 2944K, reserved 1048576K
Event: 527.542 GC heap after
Heap after GC invocations=3 (full 0):
 PSYoungGen      total 38400K, used 5112K [0x0000000795580000, 0x0000000798000000, 0x00000007c0000000)
  eden space 33280K, 0% used [0x0000000795580000,0x0000000795580000,0x0000000797600000)
  from space 5120K, 99% used [0x0000000797600000,0x0000000797afe298,0x0000000797b00000)
  to   space 5120K, 0% used [0x0000000797b00000,0x0000000797b00000,0x0000000798000000)
 ParOldGen       total 87552K, used 4176K [0x0000000740000000, 0x0000000745580000, 0x0000000795580000)
  object space 87552K, 4% used [0x0000000740000000,0x0000000740414078,0x0000000745580000)
 Metaspace       used 19937K, capacity 20736K, committed 20864K, reserved 1067008K
  class space    used 2693K, capacity 2883K, committed 2944K, reserved 1048576K
}
Event: 901.459 GC heap before
{Heap before GC invocations=4 (full 0):
 PSYoungGen      total 38400K, used 38392K [0x0000000795580000, 0x0000000798000000, 0x00000007c0000000)
  eden space 33280K, 100% used [0x0000000795580000,0x0000000797600000,0x0000000797600000)
  from space 5120K, 99% used [0x0000000797600000,0x0000000797afe298,0x0000000797b00000)
  to   space 5120K, 0% used [0x0000000797b00000,0x0000000797b00000,0x0000000798000000)
 ParOldGen       total 87552K, used 4176K [0x0000000740000000, 0x0000000745580000, 0x0000000795580000)
  object space 87552K, 4% used [0x0000000740000000,0x0000000740414078,0x0000000745580000)
 Metaspace       used 19942K, capacity 20736K, committed 20864K, reserved 1067008K
  class space    used 2693K, capacity 2883K, committed 2944K, reserved 1048576K
Event: 901.468 GC heap after
Heap after GC invocations=4 (full 0):
 PSYoungGen      total 38400K, used 5115K [0x0000000795580000, 0x0000000798000000, 0x00000007c0000000)
  eden space 33280K, 0% used [0x0000000795580000,0x0000000795580000,0x0000000797600000)
  from space 5120K, 99% used [0x0000000797b00000,0x0000000797ffed28,0x0000000798000000)
  to   space 5120K, 0% used [0x0000000797600000,0x0000000797600000,0x0000000797b00000)
 ParOldGen       total 87552K, used 4184K [0x0000000740000000, 0x0000000745580000, 0x0000000795580000)
  object space 87552K, 4% used [0x0000000740000000,0x0000000740416078,0x0000000745580000)
 Metaspace       used 19942K, capacity 20736K, committed 20864K, reserved 1067008K
  class space    used 2693K, capacity 2883K, committed 2944K, reserved 1048576K
}

Deoptimization events (10 events):
Event: 7.813 Thread 0x00007fccf58bb000 Uncommon trap: reason=unstable_if action=reinterpret pc=0x00000001034851b4 method=java.lang.AbstractStringBuilder.append(Ljava/lang/String;)Ljava/lang/AbstractStringBuilder; @ 1
Event: 7.818 Thread 0x00007fccf58bb000 Uncommon trap: reason=unstable_if action=reinterpret pc=0x00000001033cce90 method=sun.nio.cs.UTF_8$Decoder.decode([BII[C)I @ 30
Event: 7.951 Thread 0x00007fccf58bb000 Uncommon trap: reason=unstable_if action=reinterpret pc=0x00000001036a2650 method=java.util.Properties.loadConvert([CII[C)Ljava/lang/String; @ 4
Event: 7.956 Thread 0x00007fccf58bb000 Uncommon trap: reason=predicate action=maybe_recompile pc=0x000000010347bf1c method=sun.net.www.ParseUtil.encodePath(Ljava/lang/String;Z)Ljava/lang/String; @ 36
Event: 251.851 Thread 0x00007fccf40dc000 Uncommon trap: reason=intrinsic action=make_not_entrant pc=0x000000010390c7ec method=com.sun.prism.impl.ps.BaseShaderGraphics.drawString(Lcom/sun/javafx/scene/text/GlyphList;Lcom/sun/javafx/font/FontStrike;FFLcom/sun/prism/paint/Color;II)V @ 546
Event: 961.897 Thread 0x00007fccf40db000 Uncommon trap: reason=unstable_if action=reinterpret pc=0x000000010334a2f0 method=java.util.concurrent.locks.AbstractQueuedSynchronizer.enq(Ljava/util/concurrent/locks/AbstractQueuedSynchronizer$Node;)Ljava/util/concurrent/locks/AbstractQueuedSynchronizer
Event: 961.908 Thread 0x00007fccf58bb000 Uncommon trap: reason=unstable_if action=reinterpret pc=0x0000000103868ac4 method=java.util.concurrent.locks.ReentrantLock$NonfairSync.lock()V @ 6
Event: 961.908 Thread 0x00007fccf58bb000 Uncommon trap: reason=unstable_if action=reinterpret pc=0x0000000103882af8 method=java.util.concurrent.locks.ReentrantLock$Sync.nonfairTryAcquire(I)Z @ 10
Event: 961.908 Thread 0x00007fccf58bb000 Uncommon trap: reason=unstable_if action=reinterpret pc=0x00000001038762b4 method=java.util.concurrent.locks.ReentrantLock$Sync.tryRelease(I)Z @ 28
Event: 961.908 Thread 0x00007fccf40dc000 Uncommon trap: reason=unstable_if action=reinterpret pc=0x000000010339da90 method=java.util.concurrent.locks.AbstractQueuedSynchronizer$ConditionObject.checkInterruptWhileWaiting(Ljava/util/concurrent/locks/AbstractQueuedSynchronizer$Node;)I @ 3

Internal exceptions (10 events):
Event: 7.771 Thread 0x00007fccf58bb000 Exception <a 'java/io/FileNotFoundException'> (0x0000000795d985a8) thrown at [/Users/java_re/workspace/8-2-build-macosx-x86_64/jdk8u45/3457/hotspot/src/share/vm/prims/jni.cpp, line 709]
Event: 7.775 Thread 0x00007fccf58bb000 Exception <a 'java/io/FileNotFoundException'> (0x0000000795db8300) thrown at [/Users/java_re/workspace/8-2-build-macosx-x86_64/jdk8u45/3457/hotspot/src/share/vm/prims/jni.cpp, line 709]
Event: 7.779 Thread 0x00007fccf58bb000 Exception <a 'java/io/FileNotFoundException'> (0x0000000795dd0010) thrown at [/Users/java_re/workspace/8-2-build-macosx-x86_64/jdk8u45/3457/hotspot/src/share/vm/prims/jni.cpp, line 709]
Event: 7.781 Thread 0x00007fccf58bb000 Exception <a 'java/io/FileNotFoundException'> (0x0000000795dea1e0) thrown at [/Users/java_re/workspace/8-2-build-macosx-x86_64/jdk8u45/3457/hotspot/src/share/vm/prims/jni.cpp, line 709]
Event: 7.783 Thread 0x00007fccf58bb000 Exception <a 'java/io/FileNotFoundException'> (0x0000000795e04288) thrown at [/Users/java_re/workspace/8-2-build-macosx-x86_64/jdk8u45/3457/hotspot/src/share/vm/prims/jni.cpp, line 709]
Event: 7.785 Thread 0x00007fccf58bb000 Exception <a 'java/io/FileNotFoundException'> (0x0000000795e1e298) thrown at [/Users/java_re/workspace/8-2-build-macosx-x86_64/jdk8u45/3457/hotspot/src/share/vm/prims/jni.cpp, line 709]
Event: 7.787 Thread 0x00007fccf58bb000 Exception <a 'java/lang/ArrayIndexOutOfBoundsException'> (0x0000000795e37408) thrown at [/Users/java_re/workspace/8-2-build-macosx-x86_64/jdk8u45/3457/hotspot/src/share/vm/runtime/sharedRuntime.cpp, line 605]
Event: 7.788 Thread 0x00007fccf58bb000 Exception <a 'java/io/FileNotFoundException'> (0x0000000795e3f1c0) thrown at [/Users/java_re/workspace/8-2-build-macosx-x86_64/jdk8u45/3457/hotspot/src/share/vm/prims/jni.cpp, line 709]
Event: 7.813 Thread 0x00007fccf58bb000 Implicit null exception at 0x0000000103484e35 to 0x00000001034851a1
Event: 8.124 Thread 0x00007fccf58bb000 Exception <a 'java/lang/NullPointerException'> (0x0000000796750270) thrown at [/Users/java_re/workspace/8-2-build-macosx-x86_64/jdk8u45/3457/hotspot/src/share/vm/interpreter/linkResolver.cpp, line 1178]

Events (10 events):
Event: 961.908 Thread 0x00007fccf40dc000 DEOPT UNPACKING pc=0x000000010316e229 sp=0x000070000134f518 mode 2
Event: 961.908 loading class com/sun/javafx/tk/quantum/QuantumToolkit
Event: 961.908 loading class com/sun/javafx/tk/quantum/QuantumToolkit done
Event: 961.908 Thread 0x00007fccf40dc000 Thread exited: 0x00007fccf40dc000
Event: 961.909 Thread 0x00007fccf40db000 Thread exited: 0x00007fccf40db000
Event: 961.910 Thread 0x00007fccf4809800 Thread exited: 0x00007fccf4809800
Event: 961.910 Thread 0x00007fccf535e800 Thread added: 0x00007fccf535e800
Event: 963.165 Thread 0x00007fccf58bb000 Thread exited: 0x00007fccf58bb000
Event: 963.166 loading class java/util/IdentityHashMap$KeyIterator
Event: 963.166 loading class java/util/IdentityHashMap$IdentityHashMapIterator


Dynamic libraries:
0x000000000a0ef000 	/System/Library/Frameworks/Cocoa.framework/Versions/A/Cocoa
0x000000000a0ef000 	/System/Library/Frameworks/Security.framework/Versions/A/Security
0x000000000a0ef000 	/System/Library/Frameworks/ApplicationServices.framework/Versions/A/ApplicationServices
0x000000000a0ef000 	/usr/lib/libz.1.dylib
0x000000000a0ef000 	/usr/lib/libSystem.B.dylib
0x000000000a0ef000 	/usr/lib/libobjc.A.dylib
0x000000000a0ef000 	/System/Library/Frameworks/CoreFoundation.framework/Versions/A/CoreFoundation
0x000000000a0ef000 	/System/Library/Frameworks/Foundation.framework/Versions/C/Foundation
0x000000000a0ef000 	/System/Library/Frameworks/AppKit.framework/Versions/C/AppKit
0x000000000a0ef000 	/System/Library/Frameworks/CoreData.framework/Versions/A/CoreData
0x000000000a0ef000 	/System/Library/PrivateFrameworks/RemoteViewServices.framework/Versions/A/RemoteViewServices
0x000000000a0ef000 	/System/Library/PrivateFrameworks/UIFoundation.framework/Versions/A/UIFoundation
0x000000000a0ef000 	/usr/lib/libScreenReader.dylib
0x000000000a0ef000 	/System/Library/Frameworks/Accelerate.framework/Versions/A/Accelerate
0x000000000a0ef000 	/System/Library/Frameworks/IOSurface.framework/Versions/A/IOSurface
0x000000000a0ef000 	/System/Library/Frameworks/AudioToolbox.framework/Versions/A/AudioToolbox
0x000000000a0ef000 	/System/Library/Frameworks/AudioUnit.framework/Versions/A/AudioUnit
0x000000000a0ef000 	/System/Library/PrivateFrameworks/DataDetectorsCore.framework/Versions/A/DataDetectorsCore
0x000000000a0ef000 	/System/Library/PrivateFrameworks/DesktopServicesPriv.framework/Versions/A/DesktopServicesPriv
0x000000000a0ef000 	/System/Library/Frameworks/Carbon.framework/Versions/A/Frameworks/HIToolbox.framework/Versions/A/HIToolbox
0x000000000a0ef000 	/System/Library/Frameworks/QuartzCore.framework/Versions/A/QuartzCore
0x000000000a0ef000 	/System/Library/Frameworks/Carbon.framework/Versions/A/Frameworks/SpeechRecognition.framework/Versions/A/SpeechRecognition
0x000000000a0ef000 	/usr/lib/libauto.dylib
0x000000000a0ef000 	/usr/lib/libicucore.A.dylib
0x000000000a0ef000 	/usr/lib/libxml2.2.dylib
0x000000000a0ef000 	/System/Library/PrivateFrameworks/CoreUI.framework/Versions/A/CoreUI
0x000000000a0ef000 	/System/Library/Frameworks/CoreAudio.framework/Versions/A/CoreAudio
0x000000000a0ef000 	/System/Library/Frameworks/DiskArbitration.framework/Versions/A/DiskArbitration
0x000000000a0ef000 	/usr/lib/liblangid.dylib
0x000000000a0ef000 	/System/Library/PrivateFrameworks/MultitouchSupport.framework/Versions/A/MultitouchSupport
0x000000000a0ef000 	/System/Library/Frameworks/IOKit.framework/Versions/A/IOKit
0x000000000a0ef000 	/usr/lib/libDiagnosticMessagesClient.dylib
0x000000000a0ef000 	/System/Library/Frameworks/CoreServices.framework/Versions/A/CoreServices
0x000000000a0ef000 	/System/Library/PrivateFrameworks/PerformanceAnalysis.framework/Versions/A/PerformanceAnalysis
0x000000000a0ef000 	/System/Library/PrivateFrameworks/GenerationalStorage.framework/Versions/A/GenerationalStorage
0x000000000a0ef000 	/System/Library/Frameworks/OpenGL.framework/Versions/A/OpenGL
0x000000000a0ef000 	/System/Library/PrivateFrameworks/Sharing.framework/Versions/A/Sharing
0x000000000a0ef000 	/System/Library/Frameworks/CoreGraphics.framework/Versions/A/CoreGraphics
0x000000000a0ef000 	/System/Library/Frameworks/CoreImage.framework/Versions/A/CoreImage
0x000000000a0ef000 	/System/Library/Frameworks/CoreText.framework/Versions/A/CoreText
0x000000000a0ef000 	/System/Library/Frameworks/ImageIO.framework/Versions/A/ImageIO
0x000000000a0ef000 	/System/Library/PrivateFrameworks/Backup.framework/Versions/A/Backup
0x000000000a0ef000 	/usr/lib/libextension.dylib
0x000000000a0ef000 	/usr/lib/libarchive.2.dylib
0x000000000a0ef000 	/System/Library/Frameworks/CFNetwork.framework/Versions/A/CFNetwork
0x000000000a0ef000 	/System/Library/Frameworks/SystemConfiguration.framework/Versions/A/SystemConfiguration
0x000000000a0ef000 	/usr/lib/libCRFSuite.dylib
0x000000000a0ef000 	/usr/lib/libc++.1.dylib
0x000000000a0ef000 	/usr/lib/libc++abi.dylib
0x000000000a0ef000 	/usr/lib/system/libcache.dylib
0x000000000a0ef000 	/usr/lib/system/libcommonCrypto.dylib
0x000000000a0ef000 	/usr/lib/system/libcompiler_rt.dylib
0x000000000a0ef000 	/usr/lib/system/libcopyfile.dylib
0x000000000a0ef000 	/usr/lib/system/libcorecrypto.dylib
0x000000000a0ef000 	/usr/lib/system/libdispatch.dylib
0x000000000a0ef000 	/usr/lib/system/libdyld.dylib
0x000000000a0ef000 	/usr/lib/system/libkeymgr.dylib
0x000000000a0ef000 	/usr/lib/system/liblaunch.dylib
0x000000000a0ef000 	/usr/lib/system/libmacho.dylib
0x000000000a0ef000 	/usr/lib/system/libquarantine.dylib
0x000000000a0ef000 	/usr/lib/system/libremovefile.dylib
0x000000000a0ef000 	/usr/lib/system/libsystem_asl.dylib
0x000000000a0ef000 	/usr/lib/system/libsystem_blocks.dylib
0x000000000a0ef000 	/usr/lib/system/libsystem_c.dylib
0x000000000a0ef000 	/usr/lib/system/libsystem_configuration.dylib
0x000000000a0ef000 	/usr/lib/system/libsystem_coreservices.dylib
0x000000000a0ef000 	/usr/lib/system/libsystem_coretls.dylib
0x000000000a0ef000 	/usr/lib/system/libsystem_dnssd.dylib
0x000000000a0ef000 	/usr/lib/system/libsystem_info.dylib
0x000000000a0ef000 	/usr/lib/system/libsystem_kernel.dylib
0x000000000a0ef000 	/usr/lib/system/libsystem_m.dylib
0x000000000a0ef000 	/usr/lib/system/libsystem_malloc.dylib
0x000000000a0ef000 	/usr/lib/system/libsystem_network.dylib
0x000000000a0ef000 	/usr/lib/system/libsystem_networkextension.dylib
0x000000000a0ef000 	/usr/lib/system/libsystem_notify.dylib
0x000000000a0ef000 	/usr/lib/system/libsystem_platform.dylib
0x000000000a0ef000 	/usr/lib/system/libsystem_pthread.dylib
0x000000000a0ef000 	/usr/lib/system/libsystem_sandbox.dylib
0x000000000a0ef000 	/usr/lib/system/libsystem_secinit.dylib
0x000000000a0ef000 	/usr/lib/system/libsystem_trace.dylib
0x000000000a0ef000 	/usr/lib/system/libunc.dylib
0x000000000a0ef000 	/usr/lib/system/libunwind.dylib
0x000000000a0ef000 	/usr/lib/system/libxpc.dylib
0x000000000a0ef000 	/usr/lib/libenergytrace.dylib
0x000000000a0ef000 	/usr/lib/libbsm.0.dylib
0x000000000a0ef000 	/usr/lib/system/libkxld.dylib
0x000000000a0ef000 	/usr/lib/libxar.1.dylib
0x000000000a0ef000 	/usr/lib/libsqlite3.dylib
0x000000000a0ef000 	/usr/lib/libpam.2.dylib
0x000000000a0ef000 	/usr/lib/libOpenScriptingUtil.dylib
0x000000000a0ef000 	/usr/lib/libbz2.1.0.dylib
0x000000000a0ef000 	/usr/lib/liblzma.5.dylib
0x000000000a0ef000 	/System/Library/Frameworks/CoreServices.framework/Versions/A/Frameworks/FSEvents.framework/Versions/A/FSEvents
0x000000000a0ef000 	/System/Library/Frameworks/CoreServices.framework/Versions/A/Frameworks/CarbonCore.framework/Versions/A/CarbonCore
0x000000000a0ef000 	/System/Library/Frameworks/CoreServices.framework/Versions/A/Frameworks/Metadata.framework/Versions/A/Metadata
0x000000000a0ef000 	/System/Library/Frameworks/CoreServices.framework/Versions/A/Frameworks/OSServices.framework/Versions/A/OSServices
0x000000000a0ef000 	/System/Library/Frameworks/CoreServices.framework/Versions/A/Frameworks/SearchKit.framework/Versions/A/SearchKit
0x000000000a0ef000 	/System/Library/Frameworks/CoreServices.framework/Versions/A/Frameworks/AE.framework/Versions/A/AE
0x000000000a0ef000 	/System/Library/Frameworks/CoreServices.framework/Versions/A/Frameworks/LaunchServices.framework/Versions/A/LaunchServices
0x000000000a0ef000 	/System/Library/Frameworks/CoreServices.framework/Versions/A/Frameworks/DictionaryServices.framework/Versions/A/DictionaryServices
0x000000000a0ef000 	/System/Library/Frameworks/CoreServices.framework/Versions/A/Frameworks/SharedFileList.framework/Versions/A/SharedFileList
0x000000000a0ef000 	/System/Library/Frameworks/NetFS.framework/Versions/A/NetFS
0x000000000a0ef000 	/System/Library/PrivateFrameworks/NetAuth.framework/Versions/A/NetAuth
0x000000000a0ef000 	/System/Library/PrivateFrameworks/login.framework/Versions/A/Frameworks/loginsupport.framework/Versions/A/loginsupport
0x000000000a0ef000 	/System/Library/PrivateFrameworks/TCC.framework/Versions/A/TCC
0x000000000a0ef000 	/usr/lib/libmecabra.dylib
0x000000000a0ef000 	/System/Library/Frameworks/ApplicationServices.framework/Versions/A/Frameworks/ATS.framework/Versions/A/ATS
0x000000000a0ef000 	/System/Library/Frameworks/ApplicationServices.framework/Versions/A/Frameworks/ColorSync.framework/Versions/A/ColorSync
0x000000000a0ef000 	/System/Library/Frameworks/ApplicationServices.framework/Versions/A/Frameworks/HIServices.framework/Versions/A/HIServices
0x000000000a0ef000 	/System/Library/Frameworks/ApplicationServices.framework/Versions/A/Frameworks/LangAnalysis.framework/Versions/A/LangAnalysis
0x000000000a0ef000 	/System/Library/Frameworks/ApplicationServices.framework/Versions/A/Frameworks/PrintCore.framework/Versions/A/PrintCore
0x000000000a0ef000 	/System/Library/Frameworks/ApplicationServices.framework/Versions/A/Frameworks/QD.framework/Versions/A/QD
0x000000000a0ef000 	/System/Library/Frameworks/ApplicationServices.framework/Versions/A/Frameworks/SpeechSynthesis.framework/Versions/A/SpeechSynthesis
0x000000000a0ef000 	/System/Library/Frameworks/Metal.framework/Versions/A/Metal
0x000000000a0ef000 	/System/Library/Frameworks/Accelerate.framework/Versions/A/Frameworks/vImage.framework/Versions/A/vImage
0x000000000a0ef000 	/System/Library/Frameworks/Accelerate.framework/Versions/A/Frameworks/vecLib.framework/Versions/A/vecLib
0x000000000a0ef000 	/System/Library/Frameworks/Accelerate.framework/Versions/A/Frameworks/vecLib.framework/Versions/A/libvDSP.dylib
0x000000000a0ef000 	/System/Library/Frameworks/Accelerate.framework/Versions/A/Frameworks/vecLib.framework/Versions/A/libvMisc.dylib
0x000000000a0ef000 	/System/Library/Frameworks/Accelerate.framework/Versions/A/Frameworks/vecLib.framework/Versions/A/libLAPACK.dylib
0x000000000a0ef000 	/System/Library/Frameworks/Accelerate.framework/Versions/A/Frameworks/vecLib.framework/Versions/A/libBLAS.dylib
0x000000000a0ef000 	/System/Library/Frameworks/Accelerate.framework/Versions/A/Frameworks/vecLib.framework/Versions/A/libLinearAlgebra.dylib
0x000000000a0ef000 	/System/Library/Frameworks/Accelerate.framework/Versions/A/Frameworks/vecLib.framework/Versions/A/libSparseBLAS.dylib
0x000000000a0ef000 	/System/Library/PrivateFrameworks/GPUCompiler.framework/libmetal_timestamp.dylib
0x000000000a0ef000 	/System/Library/Frameworks/OpenGL.framework/Versions/A/Libraries/libCoreFSCache.dylib
0x000000000a0ef000 	/System/Library/PrivateFrameworks/IOAccelerator.framework/Versions/A/IOAccelerator
0x000000000a0ef000 	/System/Library/Frameworks/ApplicationServices.framework/Versions/A/Frameworks/ATS.framework/Versions/A/Resources/libFontParser.dylib
0x000000000a0ef000 	/System/Library/Frameworks/ApplicationServices.framework/Versions/A/Frameworks/ATS.framework/Versions/A/Resources/libFontRegistry.dylib
0x000000000a0ef000 	/System/Library/PrivateFrameworks/AppleVPA.framework/Versions/A/AppleVPA
0x000000000a0ef000 	/System/Library/PrivateFrameworks/AppleJPEG.framework/Versions/A/AppleJPEG
0x000000000a0ef000 	/System/Library/Frameworks/ImageIO.framework/Versions/A/Resources/libJPEG.dylib
0x000000000a0ef000 	/System/Library/Frameworks/ImageIO.framework/Versions/A/Resources/libTIFF.dylib
0x000000000a0ef000 	/System/Library/Frameworks/ImageIO.framework/Versions/A/Resources/libPng.dylib
0x000000000a0ef000 	/System/Library/Frameworks/ImageIO.framework/Versions/A/Resources/libGIF.dylib
0x000000000a0ef000 	/System/Library/Frameworks/ImageIO.framework/Versions/A/Resources/libJP2.dylib
0x000000000a0ef000 	/System/Library/Frameworks/ImageIO.framework/Versions/A/Resources/libRadiance.dylib
0x000000000a0ef000 	/System/Library/Frameworks/CoreVideo.framework/Versions/A/CoreVideo
0x000000000a0ef000 	/System/Library/Frameworks/OpenGL.framework/Versions/A/Libraries/libGLU.dylib
0x000000000a0ef000 	/System/Library/Frameworks/OpenGL.framework/Versions/A/Libraries/libGFXShared.dylib
0x000000000a0ef000 	/System/Library/Frameworks/OpenGL.framework/Versions/A/Libraries/libGL.dylib
0x000000000a0ef000 	/System/Library/Frameworks/OpenGL.framework/Versions/A/Libraries/libGLImage.dylib
0x000000000a0ef000 	/System/Library/Frameworks/OpenGL.framework/Versions/A/Libraries/libCVMSPluginSupport.dylib
0x000000000a0ef000 	/System/Library/Frameworks/OpenGL.framework/Versions/A/Libraries/libCoreVMClient.dylib
0x000000000a0ef000 	/usr/lib/libcompression.dylib
0x000000000a0ef000 	/usr/lib/libcups.2.dylib
0x000000000a0ef000 	/System/Library/Frameworks/Kerberos.framework/Versions/A/Kerberos
0x000000000a0ef000 	/System/Library/Frameworks/GSS.framework/Versions/A/GSS
0x000000000a0ef000 	/usr/lib/libresolv.9.dylib
0x000000000a0ef000 	/usr/lib/libiconv.2.dylib
0x000000000a0ef000 	/System/Library/PrivateFrameworks/Heimdal.framework/Versions/A/Heimdal
0x000000000a0ef000 	/usr/lib/libheimdal-asn1.dylib
0x000000000a0ef000 	/System/Library/Frameworks/OpenDirectory.framework/Versions/A/OpenDirectory
0x000000000a0ef000 	/System/Library/PrivateFrameworks/CommonAuth.framework/Versions/A/CommonAuth
0x000000000a0ef000 	/System/Library/Frameworks/OpenDirectory.framework/Versions/A/Frameworks/CFOpenDirectory.framework/Versions/A/CFOpenDirectory
0x000000000a0ef000 	/System/Library/Frameworks/SecurityFoundation.framework/Versions/A/SecurityFoundation
0x000000000a0ef000 	/System/Library/PrivateFrameworks/LanguageModeling.framework/Versions/A/LanguageModeling
0x000000000a0ef000 	/usr/lib/libmarisa.dylib
0x000000000a0ef000 	/usr/lib/libChineseTokenizer.dylib
0x000000000a0ef000 	/usr/lib/libcmph.dylib
0x000000000a0ef000 	/System/Library/Frameworks/ServiceManagement.framework/Versions/A/ServiceManagement
0x000000000a0ef000 	/usr/lib/libxslt.1.dylib
0x000000000a0ef000 	/System/Library/Frameworks/Carbon.framework/Versions/A/Frameworks/Ink.framework/Versions/A/Ink
0x000000000a0ef000 	/usr/lib/libFosl_dynamic.dylib
0x000000000a0ef000 	/System/Library/PrivateFrameworks/FaceCore.framework/Versions/A/FaceCore
0x000000000a0ef000 	/System/Library/Frameworks/OpenCL.framework/Versions/A/OpenCL
0x000000000a0ef000 	/System/Library/PrivateFrameworks/CrashReporterSupport.framework/Versions/A/CrashReporterSupport
0x000000000a0ef000 	/System/Library/PrivateFrameworks/IconServices.framework/Versions/A/IconServices
0x000000000a0ef000 	/System/Library/PrivateFrameworks/Apple80211.framework/Versions/A/Apple80211
0x000000000a0ef000 	/System/Library/Frameworks/CoreWLAN.framework/Versions/A/CoreWLAN
0x000000000a0ef000 	/System/Library/Frameworks/IOBluetooth.framework/Versions/A/IOBluetooth
0x000000000a0ef000 	/System/Library/PrivateFrameworks/CoreWiFi.framework/Versions/A/CoreWiFi
0x000000000a0ef000 	/System/Library/Frameworks/CoreBluetooth.framework/Versions/A/CoreBluetooth
0x000000000a0ef000 	/System/Library/PrivateFrameworks/ChunkingLibrary.framework/Versions/A/ChunkingLibrary
0x000000000a0ef000 	/System/Library/PrivateFrameworks/DebugSymbols.framework/Versions/A/DebugSymbols
0x000000000a0ef000 	/System/Library/PrivateFrameworks/CoreSymbolication.framework/Versions/A/CoreSymbolication
0x000000000a0ef000 	/System/Library/PrivateFrameworks/Symbolication.framework/Versions/A/Symbolication
0x000000000a0ef000 	/System/Library/PrivateFrameworks/SpeechRecognitionCore.framework/Versions/A/SpeechRecognitionCore
0x0000000102200000 	/Library/Java/JavaVirtualMachines/jdk1.8.0_45.jdk/Contents/Home/jre/lib/server/libjvm.dylib
0x000000000a0ef000 	/usr/lib/libstdc++.6.dylib
0x00000001018ad000 	/Library/Java/JavaVirtualMachines/jdk1.8.0_45.jdk/Contents/Home/jre/lib/libverify.dylib
0x00000001018bb000 	/Library/Java/JavaVirtualMachines/jdk1.8.0_45.jdk/Contents/Home/jre/lib/libjava.dylib
0x00000001018fa000 	/Library/Java/JavaVirtualMachines/jdk1.8.0_45.jdk/Contents/Home/jre/lib/libzip.dylib
0x00000001189cf000 	/System/Library/Frameworks/JavaVM.framework/Frameworks/JavaRuntimeSupport.framework/JavaRuntimeSupport
0x00000001189ea000 	/System/Library/Frameworks/JavaVM.framework/Versions/A/Frameworks/JavaNativeFoundation.framework/Versions/A/JavaNativeFoundation
0x00000001189ff000 	/System/Library/Frameworks/JavaVM.framework/Versions/A/JavaVM
0x000000000a0ef000 	/System/Library/Frameworks/Carbon.framework/Versions/A/Carbon
0x0000000118a0c000 	/System/Library/PrivateFrameworks/JavaLaunching.framework/Versions/A/JavaLaunching
0x000000000a0ef000 	/System/Library/Frameworks/Carbon.framework/Versions/A/Frameworks/CommonPanels.framework/Versions/A/CommonPanels
0x000000000a0ef000 	/System/Library/Frameworks/Carbon.framework/Versions/A/Frameworks/Help.framework/Versions/A/Help
0x000000000a0ef000 	/System/Library/Frameworks/Carbon.framework/Versions/A/Frameworks/ImageCapture.framework/Versions/A/ImageCapture
0x000000000a0ef000 	/System/Library/Frameworks/Carbon.framework/Versions/A/Frameworks/OpenScripting.framework/Versions/A/OpenScripting
0x000000000a0ef000 	/System/Library/Frameworks/Carbon.framework/Versions/A/Frameworks/Print.framework/Versions/A/Print
0x000000000a0ef000 	/System/Library/Frameworks/Carbon.framework/Versions/A/Frameworks/SecurityHI.framework/Versions/A/SecurityHI
0x000000011a4ac000 	/Applications/IntelliJ IDEA CE.app/Contents/bin/libbreakgen64.jnilib
0x000000011a4af000 	/Library/Java/JavaVirtualMachines/jdk1.8.0_45.jdk/Contents/Home/jre/lib/libnet.dylib
0x000000011a5a4000 	/Library/Java/JavaVirtualMachines/jdk1.8.0_45.jdk/Contents/Home/jre/lib/libprism_es2.dylib
0x000000000a0ef000 	/System/Library/Frameworks/OpenGL.framework/Versions/A/Resources/GLEngine.bundle/GLEngine
0x000000000a0ef000 	/System/Library/Frameworks/OpenGL.framework/Versions/A/Libraries/libGLProgrammability.dylib
0x000000011a626000 	/System/Library/Extensions/AppleIntelBDWGraphicsGLDriver.bundle/Contents/MacOS/AppleIntelBDWGraphicsGLDriver
0x000000000a0ef000 	/System/Library/PrivateFrameworks/GPUSupport.framework/Versions/A/Libraries/libGPUSupportMercury.dylib
0x000000000a0ef000 	/System/Library/Frameworks/OpenGL.framework/Versions/A/Resources/GLRendererFloat.bundle/GLRendererFloat
0x000000000a0ef000 	/System/Library/Frameworks/OpenCL.framework/Versions/A/Libraries/libcldcpuengine.dylib
0x000000000a0ef000 	/System/Library/PrivateFrameworks/DiskImages.framework/Versions/A/DiskImages
0x000000000a0ef000 	/System/Library/Frameworks/DiscRecording.framework/Versions/A/DiscRecording
0x000000000a0ef000 	/usr/lib/libcsfde.dylib
0x000000000a0ef000 	/usr/lib/libcurl.4.dylib
0x000000000a0ef000 	/System/Library/PrivateFrameworks/MediaKit.framework/Versions/A/MediaKit
0x000000000a0ef000 	/System/Library/PrivateFrameworks/ProtectedCloudStorage.framework/Versions/A/ProtectedCloudStorage
0x000000000a0ef000 	/usr/lib/libCoreStorage.dylib
0x000000000a0ef000 	/System/Library/PrivateFrameworks/EFILogin.framework/Versions/A/EFILogin
0x000000000a0ef000 	/usr/lib/libutil.dylib
0x000000000a0ef000 	/System/Library/PrivateFrameworks/FindMyDevice.framework/Versions/A/FindMyDevice
0x000000000a0ef000 	/System/Library/Frameworks/LDAP.framework/Versions/A/LDAP
0x000000000a0ef000 	/usr/lib/libsasl2.2.dylib
0x000000000a0ef000 	/System/Library/PrivateFrameworks/CoreDaemon.framework/Versions/B/CoreDaemon
0x000000000a0ef000 	/usr/lib/libcrypto.0.9.8.dylib
0x000000000a0ef000 	/System/Library/PrivateFrameworks/AppleSRP.framework/Versions/A/AppleSRP
0x000000000a0ef000 	/System/Library/PrivateFrameworks/TrustEvaluationAgent.framework/Versions/A/TrustEvaluationAgent
0x000000011b15f000 	/Library/Java/JavaVirtualMachines/jdk1.8.0_45.jdk/Contents/Home/jre/lib/libglass.dylib
0x000000000a0ef000 	/System/Library/PrivateFrameworks/CoreServicesInternal.framework/Versions/A/CoreServicesInternal
0x000000000a0ef000 	/System/Library/CoreServices/RawCamera.bundle/Contents/MacOS/RawCamera
0x000000000a0ef000 	/System/Library/Frameworks/CoreGraphics.framework/Versions/A/Resources/libRIP.A.dylib
0x000000000a0ef000 	/System/Library/Frameworks/Accelerate.framework/Versions/A/Frameworks/vImage.framework/Versions/A/Libraries/libCGInterfaces.dylib
0x000000000a0ef000 	/System/Library/PrivateFrameworks/FamilyControls.framework/Versions/A/FamilyControls
0x000000000a0ef000 	/System/Library/PrivateFrameworks/CommerceKit.framework/Versions/A/Frameworks/CommerceCore.framework/Versions/A/CommerceCore
0x000000000a0ef000 	/System/Library/PrivateFrameworks/SystemAdministration.framework/Versions/A/SystemAdministration
0x000000000a0ef000 	/System/Library/PrivateFrameworks/AppContainer.framework/Versions/A/AppContainer
0x000000000a0ef000 	/System/Library/PrivateFrameworks/SecCodeWrapper.framework/Versions/A/SecCodeWrapper
0x000000000a0ef000 	/System/Library/Frameworks/DirectoryService.framework/Versions/A/DirectoryService
0x000000000a0ef000 	/System/Library/PrivateFrameworks/LoginUIKit.framework/Versions/A/Frameworks/LoginUICore.framework/Versions/A/LoginUICore
0x000000000a0ef000 	/usr/lib/libodfde.dylib
0x000000011df3b000 	/Library/Java/JavaVirtualMachines/jdk1.8.0_45.jdk/Contents/Home/jre/lib/libjavafx_font.dylib
0x000000000a0ef000 	/System/Library/Frameworks/CoreGraphics.framework/Versions/A/Resources/libCGXType.A.dylib
0x0000000120d02000 	cl_kernels
0x000000000a0ef000 	/System/Library/Frameworks/OpenCL.framework/Versions/A/Libraries/ImageFormats/unorm8_bgra.dylib
0x000000000a0ef000 	/System/Library/Frameworks/OpenCL.framework/Versions/A/Libraries/ImageFormats/unorm8_rgba.dylib
0x00000001224e7000 	/Library/Java/JavaVirtualMachines/jdk1.8.0_45.jdk/Contents/Home/jre/lib/libprism_common.dylib
0x0000000123259000 	/System/Library/Extensions/AppleIntelBDWGraphicsMTLDriver.bundle/Contents/MacOS/AppleIntelBDWGraphicsMTLDriver

VM Arguments:
jvm_args: -Didea.launcher.port=7532 -Didea.launcher.bin.path=/Applications/IntelliJ IDEA CE.app/Contents/bin -Dfile.encoding=UTF-8 
java_command: com.intellij.rt.execution.application.AppMain org.cs5431_client.view.Client
java_class_path (initial): /Library/Java/JavaVirtualMachines/jdk1.8.0_45.jdk/Contents/Home/jre/lib/charsets.jar:/Library/Java/JavaVirtualMachines/jdk1.8.0_45.jdk/Contents/Home/jre/lib/deploy.jar:/Library/Java/JavaVirtualMachines/jdk1.8.0_45.jdk/Contents/Home/jre/lib/ext/cldrdata.jar:/Library/Java/JavaVirtualMachines/jdk1.8.0_45.jdk/Contents/Home/jre/lib/ext/dnsns.jar:/Library/Java/JavaVirtualMachines/jdk1.8.0_45.jdk/Contents/Home/jre/lib/ext/jfxrt.jar:/Library/Java/JavaVirtualMachines/jdk1.8.0_45.jdk/Contents/Home/jre/lib/ext/localedata.jar:/Library/Java/JavaVirtualMachines/jdk1.8.0_45.jdk/Contents/Home/jre/lib/ext/nashorn.jar:/Library/Java/JavaVirtualMachines/jdk1.8.0_45.jdk/Contents/Home/jre/lib/ext/sunec.jar:/Library/Java/JavaVirtualMachines/jdk1.8.0_45.jdk/Contents/Home/jre/lib/ext/sunjce_provider.jar:/Library/Java/JavaVirtualMachines/jdk1.8.0_45.jdk/Contents/Home/jre/lib/ext/sunpkcs11.jar:/Library/Java/JavaVirtualMachines/jdk1.8.0_45.jdk/Contents/Home/jre/lib/ext/zipfs.jar:/Library/Java/JavaVirtualMachines/jdk1.8.0_45.jdk/Contents/Home/jre/lib/javaws.jar:/Library/Java/JavaVirtualMachines/jdk1.8.0_45.jdk/Contents/Home/jre/lib/jce.jar:/Library/Java/JavaVirtualMachines/jdk1.8.0_45.jdk/Contents/Home/jre/lib/jfr.jar:/Library/Java/JavaVirtualMachines/jdk1.8.0_45.jdk/Contents/Home/jre/lib/jfxswt.jar:/Library/Java/JavaVirtualMachines/jdk1.8.0_45.jdk/Contents/Home/jre/lib/jsse.jar:/Library/Java/JavaVirtualMachines/jdk1.8.0_45.jdk/Contents/Home/jre/lib/management-agent.jar:/Library/Java/JavaVirtualMachines/jdk1.8.0_45.jdk/Contents/Home/jre/lib/plugin.jar:/Library/Java/JavaVirtualMachines/jdk1.8.0_45.jdk/Contents/Home/jre/lib/resources.jar:/Library/Java/JavaVirtualMachines/jdk1.8.0_45.jdk/Contents/Home/jre/lib/rt.jar:/Library/Java/JavaVirtualMachines/jdk1.8.0_45.jdk/Contents/Home/lib/ant-javafx.jar:/Library/Java/JavaVirtualMachines/jdk1.8.0_45.jdk/Contents/Home/lib/dt.jar:/Library/Java/JavaVirtualMachines/jdk1.8.0_45.jdk/Contents/Home/lib/javafx-mx.jar:/Library/Java/Jav
Launcher Type: SUN_STANDARD

Environment Variables:
JAVA_HOME=/Library/Java/JavaVirtualMachines/jdk1.8.0_45.jdk/Contents/Home
PATH=/usr/local/bin:/usr/local/bin:/usr/local/bin:/usr/bin:/bin:/usr/sbin:/sbin:/opt/X11/bin:/usr/texbin:/usr/texbin:/usr/local/Cellar/maven/3.3.9/libexec/bin
SHELL=/bin/bash
DISPLAY=/private/tmp/com.apple.launchd.aZI1gJ09gF/org.macosforge.xquartz:0

Signal Handlers:
SIGSEGV: [libjvm.dylib+0x58ef95], sa_mask[0]=11111111011111110111111111111111, sa_flags=SA_ONSTACK|SA_RESTART|SA_SIGINFO
SIGBUS: [libjvm.dylib+0x58ef95], sa_mask[0]=11111111011111110111111111111111, sa_flags=SA_RESTART|SA_SIGINFO
SIGFPE: [libjvm.dylib+0x46c108], sa_mask[0]=11111111011111110111111111111111, sa_flags=SA_RESTART|SA_SIGINFO
SIGPIPE: [libjvm.dylib+0x46c108], sa_mask[0]=11111111011111110111111111111111, sa_flags=SA_RESTART|SA_SIGINFO
SIGXFSZ: [libjvm.dylib+0x46c108], sa_mask[0]=11111111011111110111111111111111, sa_flags=SA_RESTART|SA_SIGINFO
SIGILL: [libjvm.dylib+0x46c108], sa_mask[0]=11111111011111110111111111111111, sa_flags=SA_RESTART|SA_SIGINFO
SIGUSR1: SIG_DFL, sa_mask[0]=00000000000000000000000000000000, sa_flags=none
SIGUSR2: [libjvm.dylib+0x46bc26], sa_mask[0]=00100000000000000000000000000000, sa_flags=SA_RESTART|SA_SIGINFO
SIGHUP: [libjvm.dylib+0x46a1f9], sa_mask[0]=11111111011111110111111111111111, sa_flags=SA_RESTART|SA_SIGINFO
SIGINT: [libjvm.dylib+0x46a1f9], sa_mask[0]=11111111011111110111111111111111, sa_flags=SA_RESTART|SA_SIGINFO
SIGTERM: [libjvm.dylib+0x46a1f9], sa_mask[0]=11111111011111110111111111111111, sa_flags=SA_RESTART|SA_SIGINFO
SIGQUIT: [libjvm.dylib+0x46a1f9], sa_mask[0]=11111111011111110111111111111111, sa_flags=SA_RESTART|SA_SIGINFO


---------------  S Y S T E M  ---------------

OS:Bsduname:Darwin 15.6.0 Darwin Kernel Version 15.6.0: Mon Aug 29 20:21:34 PDT 2016; root:xnu-3248.60.11~1/RELEASE_X86_64 x86_64
rlimit: STACK 8192k, CORE 0k, NPROC 709, NOFILE 10240, AS infinity
load average:5.82 3.94 3.21

CPU:total 4 (2 cores per cpu, 2 threads per core) family 6 model 61 stepping 4, cmov, cx8, fxsr, mmx, sse, sse2, sse3, ssse3, sse4.1, sse4.2, popcnt, avx, avx2, aes, clmul, erms, 3dnowpref, lzcnt, ht, tsc, tscinvbit, bmi1, bmi2, adx

Memory: 4k page, physical 8388608k(53104k free)

/proc/meminfo:


vm_info: Java HotSpot(TM) 64-Bit Server VM (25.45-b02) for bsd-amd64 JRE (1.8.0_45-b14), built on Apr 10 2015 10:46:38 by "java_re" with gcc 4.2.1 (Based on Apple Inc. build 5658) (LLVM build 2336.11.00)

time: Mon Mar 20 22:01:34 2017
elapsed time: 963 seconds (0d 0h 16m 3s)

