#
# A fatal error has been detected by the Java Runtime Environment:
#
#  SIGSEGV (0xb) at pc=0x000000011f18758d, pid=33510, tid=2571
#
# JRE version: Java(TM) SE Runtime Environment (8.0_45-b14) (build 1.8.0_45-b14)
# Java VM: Java HotSpot(TM) 64-Bit Server VM (25.45-b02 mixed mode bsd-amd64 compressed oops)
# Problematic frame:
# C  [libglass.dylib+0x1558d]  GlassScreenDidChangeScreenParameters+0x9d
#
# Failed to write core dump. Core dumps have been disabled. To enable core dumping, try "ulimit -c unlimited" before starting Java again
#
# If you would like to submit a bug report, please visit:
#   http://bugreport.java.com/bugreport/crash.jsp
#

---------------  T H R E A D  ---------------

Current thread is native thread

siginfo: si_signo: 11 (SIGSEGV), si_code: 1 (SEGV_MAPERR), si_addr: 0x0000000000000000

Registers:
RAX=0x000000011f1b9bc0, RBX=0x0000000000000000, RCX=0x0000000000000103, RDX=0x00007fd3ddc0d978
RSP=0x00007fff5a5bbed0, RBP=0x00007fff5a5bbee0, RSI=0x00007fd3db40b468, RDI=0x0000000000000000
R8 =0x0000000000000040, R9 =0x00007fff7a3c21e0, R10=0xffffffffffffffff, R11=0x0000000000000246
R12=0x00007fd3db548ba0, R13=0x00007fd3db44aaa0, R14=0x00007fd3db44aae0, R15=0x0000000000000000
RIP=0x000000011f18758d, EFLAGS=0x0000000000010206, ERR=0x0000000000000004
  TRAPNO=0x000000000000000e

Top of Stack: (sp=0x00007fff5a5bbed0)
0x00007fff5a5bbed0:   00007fff5a5bbf28 00007fd3db44aae0
0x00007fff5a5bbee0:   00007fff5a5bbef0 00007fff99290bbc
0x00007fff5a5bbef0:   00007fff5a5bbf10 00007fff99290b4f
0x00007fff5a5bbf00:   0000000000000000 0000000000000000
0x00007fff5a5bbf10:   00007fff5a5bbf80 00007fff99290ac7
0x00007fff5a5bbf20:   00007fff7e0ac9d0 00007fff7a5570a0
0x00007fff5a5bbf30:   0000000042000000 00007fff99290b10
0x00007fff5a5bbf40:   00007fff7d350720 00007fd3db44aaa0
0x00007fff5a5bbf50:   00007fd3db548ba0 00007fff5a5bc728
0x00007fff5a5bbf60:   00007fff7d47d780 00007fff5a5bc728
0x00007fff5a5bbf70:   00007fd3db44aaa0 00007fff996509e2
0x00007fff5a5bbf80:   00007fff5a5bbfc0 00007fff99290832
0x00007fff5a5bbf90:   00007fff5a5bc5a0 0000000000000000
0x00007fff5a5bbfa0:   00007fff7d47d780 00007fff5a5bc728
0x00007fff5a5bbfb0:   00007fff8a19f4c0 00007fff996509e2
0x00007fff5a5bbfc0:   00007fff5a5bc6d0 00007fff9924d5e2
0x00007fff5a5bbfd0:   00007fff5a5bc020 00007fff8a5283f8
0x00007fff5a5bbfe0:   00007fd3db706bf0 00007fd3db709960
0x00007fff5a5bbff0:   00007fd3dc801048 00007fd3db548eb0
0x00007fff5a5bc000:   0000000000000000 00007fd3db44ab40
0x00007fff5a5bc010:   0000000000000000 0000000000000000
0x00007fff5a5bc020:   00007fff7d38dbc0 00007fff5a5bc5a0
0x00007fff5a5bc030:   0000000000000001 0000000000000100
0x00007fff5a5bc040:   0000000000001f00 00007fff5a5bc4a0
0x00007fff5a5bc050:   0000000000000000 0000000000000100
0x00007fff5a5bc060:   00007fff5a5bc000 00007fff7d47d780
0x00007fff5a5bc070:   0000000000000000 00007fff7d351500
0x00007fff5a5bc080:   00007fff7d47d780 0000000000000000
0x00007fff5a5bc090:   00007fff7d351500 00007fd3db5549a0
0x00007fff5a5bc0a0:   00007fd3db706b00 0000000000000002
0x00007fff5a5bc0b0:   0000000000000000 00007fff8a19f4c0
0x00007fff5a5bc0c0:   00007fff5a5bc280 00007fff9e275480 

Instructions: (pc=0x000000011f18758d)
0x000000011f18756d:   89 df 4c 89 f1 41 ff 90 68 04 00 00 48 8d 05 48
0x000000011f18757d:   25 03 00 48 8b 30 48 8d 05 36 26 03 00 48 8b 10
0x000000011f18758d:   48 8b 0b 30 c0 48 89 df ff 91 68 04 00 00 48 8b
0x000000011f18759d:   03 48 89 df ff 50 78 48 85 c0 74 36 49 89 c6 48 

Register to memory mapping:

RAX=0x000000011f1b9bc0: jScreenNotifySettingsChanged+0 in /Library/Java/JavaVirtualMachines/jdk1.8.0_45.jdk/Contents/Home/jre/lib/libglass.dylib at 0x000000011f172000
RBX=0x0000000000000000 is an unknown value
RCX=0x0000000000000103 is an unknown value
RDX=0x00007fd3ddc0d978 is an unknown value
RSP=0x00007fff5a5bbed0 is an unknown value
RBP=0x00007fff5a5bbee0 is an unknown value
RSI=0x00007fd3db40b468 is a global jni handle
RDI=0x0000000000000000 is an unknown value
R8 =0x0000000000000040 is an unknown value
R9 =0x00007fff7a3c21e0: __sFX+0x1c0 in /usr/lib/system/libsystem_c.dylib at 0x00007fff8b128000
R10=0xffffffffffffffff is an unknown value
R11=0x0000000000000246 is an unknown value
R12=0x00007fd3db548ba0 is an unknown value
R13=0x00007fd3db44aaa0 is an unknown value
R14=0x00007fd3db44aae0 is an unknown value
R15=0x0000000000000000 is an unknown value


Stack: [0x00007fff59dc0000,0x00007fff5a5c0000],  sp=0x00007fff5a5bbed0,  free space=8175k
Native frames: (J=compiled Java code, j=interpreted, Vv=VM code, C=native code)
C  [libglass.dylib+0x1558d]  GlassScreenDidChangeScreenParameters+0x9d
C  [CoreFoundation+0xa0bbc]  __CFNOTIFICATIONCENTER_IS_CALLING_OUT_TO_AN_OBSERVER__+0xc
C  [CoreFoundation+0xa0b4f]  ___CFXRegistrationPost_block_invoke+0x3f
C  [CoreFoundation+0xa0ac7]  _CFXRegistrationPost+0x197
C  [CoreFoundation+0xa0832]  ___CFXNotificationPost_block_invoke+0x32
C  [CoreFoundation+0x5d5e2]  -[_CFXNotificationRegistrar find:object:observer:enumerator:]+0x782
C  [CoreFoundation+0x5c835]  _CFXNotificationPost+0x2b5
C  [Foundation+0x717a]  -[NSNotificationCenter postNotificationName:object:userInfo:]+0x42
C  [AppKit+0x41c08b]  -[NSApplication _reactToScreenInvalidationImmediately:]+0x17f
C  [AppKit+0x41bedc]  __44-[NSApplication _reactToScreenInvalidation:]_block_invoke+0x3b
C  [CoreFoundation+0xaa4ac]  __CFRUNLOOP_IS_CALLING_OUT_TO_A_BLOCK__+0xc
C  [CoreFoundation+0x89d05]  __CFRunLoopDoBlocks+0x155
C  [CoreFoundation+0x89a6b]  __CFRunLoopRun+0x92b
C  [CoreFoundation+0x88ed8]  CFRunLoopRunSpecific+0x128
C  [java+0x6490]  CreateExecutionEnvironment+0x367
C  [java+0x221c]  JLI_Launch+0x7a0
C  [java+0x84ed]  main+0x65
C  [java+0x1a74]  start+0x34


---------------  P R O C E S S  ---------------

VM state:at safepoint (normal execution)

VM Mutex/Monitor currently owned by a thread:  ([mutex/lock_event])
[0x00007fd3db4045d0] Threads_lock - owner thread: 0x00007fd3dc032800
[0x00007fd3db404ad0] Heap_lock - owner thread: 0x00007fd3db80d800

Heap:
 PSYoungGen      total 38400K, used 9241K [0x0000000795580000, 0x0000000798000000, 0x00000007c0000000)
  eden space 33280K, 12% used [0x0000000795580000,0x0000000795989750,0x0000000797600000)
  from space 5120K, 99% used [0x0000000797b00000,0x0000000797ffcd58,0x0000000798000000)
  to   space 5120K, 0% used [0x0000000797600000,0x0000000797600000,0x0000000797b00000)
 ParOldGen       total 87552K, used 5130K [0x0000000740000000, 0x0000000745580000, 0x0000000795580000)
  object space 87552K, 5% used [0x0000000740000000,0x0000000740502a50,0x0000000745580000)
 Metaspace       used 19976K, capacity 20786K, committed 20864K, reserved 1067008K
  class space    used 2701K, capacity 2894K, committed 2944K, reserved 1048576K

Card table byte_map: [0x0000000116529000,0x000000011692a000] byte_map_base: 0x0000000112b29000

Marking Bits: (ParMarkBitMap*) 0x0000000106ac27a0
 Begin Bits: [0x0000000116bd5000, 0x0000000118bd5000)
 End Bits:   [0x0000000118bd5000, 0x000000011abd5000)

Polling page: 0x0000000105903000

CodeCache: size=245760Kb used=7800Kb max_used=7883Kb free=237959Kb
 bounds [0x0000000107169000, 0x0000000107969000, 0x0000000116169000]
 total_blobs=3133 nmethods=2421 adapters=624
 compilation: enabled

Compilation events (10 events):
Event: 138.239 Thread 0x00007fd3dc823000 nmethod 2703 0x00000001073e68d0 code [0x00000001073e6a60, 0x00000001073e6f38]
Event: 138.242 Thread 0x00007fd3dd015800 nmethod 2704 0x00000001075a7790 code [0x00000001075a7960, 0x00000001075a8210]
Event: 138.696 Thread 0x00007fd3dc823000 2705   !   4       com.sun.prism.impl.ps.PaintHelper::setLinearGradient (512 bytes)
Event: 138.751 Thread 0x00007fd3dc823000 nmethod 2705 0x000000010793a9d0 code [0x000000010793ada0, 0x000000010793c6b8]
Event: 139.498 Thread 0x00007fd3db82d000 2707       3       java.lang.invoke.DirectMethodHandle::maybeCompile (18 bytes)
Event: 139.498 Thread 0x00007fd3db82d000 nmethod 2707 0x00000001073acdd0 code [0x00000001073acf60, 0x00000001073ad1f8]
Event: 139.498 Thread 0x00007fd3db82d000 2706       3       java.lang.invoke.DirectMethodHandle::preparedLambdaForm (242 bytes)
Event: 139.500 Thread 0x00007fd3db82d000 nmethod 2706 0x000000010792e4d0 code [0x000000010792e740, 0x000000010792f798]
Event: 139.500 Thread 0x00007fd3db82d000 2708       3       java.lang.invoke.DirectMethodHandle::<init> (132 bytes)
Event: 139.506 Thread 0x00007fd3db82d000 nmethod 2708 0x00000001075b87d0 code [0x00000001075b8a80, 0x00000001075ba248]

GC Heap History (4 events):
Event: 1.778 GC heap before
{Heap before GC invocations=1 (full 0):
 PSYoungGen      total 38400K, used 33280K [0x0000000795580000, 0x0000000798000000, 0x00000007c0000000)
  eden space 33280K, 100% used [0x0000000795580000,0x0000000797600000,0x0000000797600000)
  from space 5120K, 0% used [0x0000000797b00000,0x0000000797b00000,0x0000000798000000)
  to   space 5120K, 0% used [0x0000000797600000,0x0000000797600000,0x0000000797b00000)
 ParOldGen       total 87552K, used 0K [0x0000000740000000, 0x0000000745580000, 0x0000000795580000)
  object space 87552K, 0% used [0x0000000740000000,0x0000000740000000,0x0000000745580000)
 Metaspace       used 13891K, capacity 14422K, committed 14464K, reserved 1060864K
  class space    used 2001K, capacity 2152K, committed 2176K, reserved 1048576K
Event: 1.787 GC heap after
Heap after GC invocations=1 (full 0):
 PSYoungGen      total 38400K, used 4352K [0x0000000795580000, 0x0000000798000000, 0x00000007c0000000)
  eden space 33280K, 0% used [0x0000000795580000,0x0000000795580000,0x0000000797600000)
  from space 5120K, 85% used [0x0000000797600000,0x0000000797a40040,0x0000000797b00000)
  to   space 5120K, 0% used [0x0000000797b00000,0x0000000797b00000,0x0000000798000000)
 ParOldGen       total 87552K, used 80K [0x0000000740000000, 0x0000000745580000, 0x0000000795580000)
  object space 87552K, 0% used [0x0000000740000000,0x0000000740014010,0x0000000745580000)
 Metaspace       used 13891K, capacity 14422K, committed 14464K, reserved 1060864K
  class space    used 2001K, capacity 2152K, committed 2176K, reserved 1048576K
}
Event: 115.453 GC heap before
{Heap before GC invocations=2 (full 0):
 PSYoungGen      total 38400K, used 37632K [0x0000000795580000, 0x0000000798000000, 0x00000007c0000000)
  eden space 33280K, 100% used [0x0000000795580000,0x0000000797600000,0x0000000797600000)
  from space 5120K, 85% used [0x0000000797600000,0x0000000797a40040,0x0000000797b00000)
  to   space 5120K, 0% used [0x0000000797b00000,0x0000000797b00000,0x0000000798000000)
 ParOldGen       total 87552K, used 80K [0x0000000740000000, 0x0000000745580000, 0x0000000795580000)
  object space 87552K, 0% used [0x0000000740000000,0x0000000740014010,0x0000000745580000)
 Metaspace       used 19921K, capacity 20730K, committed 20864K, reserved 1067008K
  class space    used 2692K, capacity 2882K, committed 2944K, reserved 1048576K
Event: 115.464 GC heap after
Heap after GC invocations=2 (full 0):
 PSYoungGen      total 38400K, used 5107K [0x0000000795580000, 0x0000000798000000, 0x00000007c0000000)
  eden space 33280K, 0% used [0x0000000795580000,0x0000000795580000,0x0000000797600000)
  from space 5120K, 99% used [0x0000000797b00000,0x0000000797ffcd58,0x0000000798000000)
  to   space 5120K, 0% used [0x0000000797600000,0x0000000797600000,0x0000000797b00000)
 ParOldGen       total 87552K, used 5130K [0x0000000740000000, 0x0000000745580000, 0x0000000795580000)
  object space 87552K, 5% used [0x0000000740000000,0x0000000740502a50,0x0000000745580000)
 Metaspace       used 19921K, capacity 20730K, committed 20864K, reserved 1067008K
  class space    used 2692K, capacity 2882K, committed 2944K, reserved 1048576K
}

Deoptimization events (10 events):
Event: 8.661 Thread 0x00007fd3dc8ff800 Uncommon trap: reason=unstable_if action=reinterpret pc=0x00000001076b9150 method=java.util.Properties.loadConvert([CII[C)Ljava/lang/String; @ 4
Event: 8.661 Thread 0x00007fd3dc8ff800 Uncommon trap: reason=class_check action=maybe_recompile pc=0x00000001076b5128 method=java.util.Properties$LineReader.readLine()I @ 62
Event: 8.666 Thread 0x00007fd3dc8ff800 Uncommon trap: reason=predicate action=maybe_recompile pc=0x000000010744f41c method=sun.net.www.ParseUtil.encodePath(Ljava/lang/String;Z)Ljava/lang/String; @ 36
Event: 130.692 Thread 0x00007fd3dd0a9800 Uncommon trap: reason=intrinsic action=make_not_entrant pc=0x00000001079424ec method=com.sun.prism.impl.ps.BaseShaderGraphics.drawString(Lcom/sun/javafx/scene/text/GlyphList;Lcom/sun/javafx/font/FontStrike;FFLcom/sun/prism/paint/Color;II)V @ 546
Event: 139.495 Thread 0x00007fd3dc14f000 Uncommon trap: reason=unstable_if action=reinterpret pc=0x0000000107447624 method=java.util.concurrent.LinkedBlockingDeque.linkLast(Ljava/util/concurrent/LinkedBlockingDeque$Node;)Z @ 32
Event: 139.496 Thread 0x00007fd3db992000 Uncommon trap: reason=unstable_if action=reinterpret pc=0x0000000107312b3c method=java.util.concurrent.LinkedBlockingDeque.unlinkFirst()Ljava/lang/Object; @ 37
Event: 139.514 Thread 0x00007fd3dc8ff800 Uncommon trap: reason=unstable_if action=reinterpret pc=0x0000000107285fb0 method=java.util.concurrent.locks.ReentrantLock$NonfairSync.lock()V @ 6
Event: 139.514 Thread 0x00007fd3dc8ff800 Uncommon trap: reason=unstable_if action=reinterpret pc=0x000000010790a478 method=java.util.concurrent.locks.ReentrantLock$Sync.nonfairTryAcquire(I)Z @ 10
Event: 139.514 Thread 0x00007fd3dc8ff800 Uncommon trap: reason=unstable_if action=reinterpret pc=0x000000010789caf4 method=java.util.concurrent.locks.ReentrantLock$Sync.tryRelease(I)Z @ 28
Event: 139.514 Thread 0x00007fd3dd0a9800 Uncommon trap: reason=unstable_if action=reinterpret pc=0x00000001072dcf18 method=java.util.concurrent.locks.AbstractQueuedSynchronizer$ConditionObject.checkInterruptWhileWaiting(Ljava/util/concurrent/locks/AbstractQueuedSynchronizer$Node;)I @ 3

Internal exceptions (10 events):
Event: 8.492 Thread 0x00007fd3dc8ff800 Exception <a 'java/io/FileNotFoundException'> (0x0000000795db24a0) thrown at [/Users/java_re/workspace/8-2-build-macosx-x86_64/jdk8u45/3457/hotspot/src/share/vm/prims/jni.cpp, line 709]
Event: 8.496 Thread 0x00007fd3dc8ff800 Exception <a 'java/io/FileNotFoundException'> (0x0000000795dd2218) thrown at [/Users/java_re/workspace/8-2-build-macosx-x86_64/jdk8u45/3457/hotspot/src/share/vm/prims/jni.cpp, line 709]
Event: 8.499 Thread 0x00007fd3dc8ff800 Exception <a 'java/io/FileNotFoundException'> (0x0000000795de9f28) thrown at [/Users/java_re/workspace/8-2-build-macosx-x86_64/jdk8u45/3457/hotspot/src/share/vm/prims/jni.cpp, line 709]
Event: 8.502 Thread 0x00007fd3dc8ff800 Exception <a 'java/io/FileNotFoundException'> (0x0000000795e04050) thrown at [/Users/java_re/workspace/8-2-build-macosx-x86_64/jdk8u45/3457/hotspot/src/share/vm/prims/jni.cpp, line 709]
Event: 8.503 Thread 0x00007fd3dc8ff800 Exception <a 'java/io/FileNotFoundException'> (0x0000000795e1e0f8) thrown at [/Users/java_re/workspace/8-2-build-macosx-x86_64/jdk8u45/3457/hotspot/src/share/vm/prims/jni.cpp, line 709]
Event: 8.505 Thread 0x00007fd3dc8ff800 Exception <a 'java/io/FileNotFoundException'> (0x0000000795e38108) thrown at [/Users/java_re/workspace/8-2-build-macosx-x86_64/jdk8u45/3457/hotspot/src/share/vm/prims/jni.cpp, line 709]
Event: 8.507 Thread 0x00007fd3dc8ff800 Exception <a 'java/lang/ArrayIndexOutOfBoundsException'> (0x0000000795e51278) thrown at [/Users/java_re/workspace/8-2-build-macosx-x86_64/jdk8u45/3457/hotspot/src/share/vm/runtime/sharedRuntime.cpp, line 605]
Event: 8.509 Thread 0x00007fd3dc8ff800 Exception <a 'java/io/FileNotFoundException'> (0x0000000795e59070) thrown at [/Users/java_re/workspace/8-2-build-macosx-x86_64/jdk8u45/3457/hotspot/src/share/vm/prims/jni.cpp, line 709]
Event: 8.529 Thread 0x00007fd3dc8ff800 Implicit null exception at 0x000000010740f035 to 0x000000010740f3a1
Event: 8.832 Thread 0x00007fd3dc8ff800 Exception <a 'java/lang/NullPointerException'> (0x0000000796791d50) thrown at [/Users/java_re/workspace/8-2-build-macosx-x86_64/jdk8u45/3457/hotspot/src/share/vm/interpreter/linkResolver.cpp, line 1178]

Events (10 events):
Event: 139.516 Thread 0x00007fd3dd0a9800 Thread exited: 0x00007fd3dd0a9800
Event: 139.516 Thread 0x00007fd3db82e000 Thread exited: 0x00007fd3db82e000
Event: 139.516 Thread 0x00007fd3db80d800 Thread exited: 0x00007fd3db80d800
Event: 139.516 Thread 0x00007fd3db80d800 Thread added: 0x00007fd3db80d800
Event: 139.847 loading class java/util/IdentityHashMap$KeyIterator
Event: 139.847 loading class java/util/IdentityHashMap$IdentityHashMapIterator
Event: 139.847 loading class java/util/IdentityHashMap$IdentityHashMapIterator done
Event: 139.847 loading class java/util/IdentityHashMap$KeyIterator done
Event: 139.848 Thread 0x00007fd3dc8ff800 Thread exited: 0x00007fd3dc8ff800
Event: 139.848 Thread 0x00007fd3db80d800 Thread exited: 0x00007fd3db80d800


Dynamic libraries:
0x000000000a0ef000 	/System/Library/Frameworks/Cocoa.framework/Versions/A/Cocoa
0x000000000a0ef000 	/System/Library/Frameworks/Security.framework/Versions/A/Security
0x000000000a0ef000 	/System/Library/Frameworks/ApplicationServices.framework/Versions/A/ApplicationServices
0x000000000a0ef000 	/usr/lib/libz.1.dylib
0x000000000a0ef000 	/usr/lib/libSystem.B.dylib
0x000000000a0ef000 	/usr/lib/libobjc.A.dylib
0x000000000a0ef000 	/System/Library/Frameworks/CoreFoundation.framework/Versions/A/CoreFoundation
0x000000000a0ef000 	/System/Library/Frameworks/Foundation.framework/Versions/C/Foundation
0x000000000a0ef000 	/System/Library/Frameworks/AppKit.framework/Versions/C/AppKit
0x000000000a0ef000 	/System/Library/Frameworks/CoreData.framework/Versions/A/CoreData
0x000000000a0ef000 	/System/Library/PrivateFrameworks/RemoteViewServices.framework/Versions/A/RemoteViewServices
0x000000000a0ef000 	/System/Library/PrivateFrameworks/UIFoundation.framework/Versions/A/UIFoundation
0x000000000a0ef000 	/usr/lib/libScreenReader.dylib
0x000000000a0ef000 	/System/Library/Frameworks/Accelerate.framework/Versions/A/Accelerate
0x000000000a0ef000 	/System/Library/Frameworks/IOSurface.framework/Versions/A/IOSurface
0x000000000a0ef000 	/System/Library/Frameworks/AudioToolbox.framework/Versions/A/AudioToolbox
0x000000000a0ef000 	/System/Library/Frameworks/AudioUnit.framework/Versions/A/AudioUnit
0x000000000a0ef000 	/System/Library/PrivateFrameworks/DataDetectorsCore.framework/Versions/A/DataDetectorsCore
0x000000000a0ef000 	/System/Library/PrivateFrameworks/DesktopServicesPriv.framework/Versions/A/DesktopServicesPriv
0x000000000a0ef000 	/System/Library/Frameworks/Carbon.framework/Versions/A/Frameworks/HIToolbox.framework/Versions/A/HIToolbox
0x000000000a0ef000 	/System/Library/Frameworks/QuartzCore.framework/Versions/A/QuartzCore
0x000000000a0ef000 	/System/Library/Frameworks/Carbon.framework/Versions/A/Frameworks/SpeechRecognition.framework/Versions/A/SpeechRecognition
0x000000000a0ef000 	/usr/lib/libauto.dylib
0x000000000a0ef000 	/usr/lib/libicucore.A.dylib
0x000000000a0ef000 	/usr/lib/libxml2.2.dylib
0x000000000a0ef000 	/System/Library/PrivateFrameworks/CoreUI.framework/Versions/A/CoreUI
0x000000000a0ef000 	/System/Library/Frameworks/CoreAudio.framework/Versions/A/CoreAudio
0x000000000a0ef000 	/System/Library/Frameworks/DiskArbitration.framework/Versions/A/DiskArbitration
0x000000000a0ef000 	/usr/lib/liblangid.dylib
0x000000000a0ef000 	/System/Library/PrivateFrameworks/MultitouchSupport.framework/Versions/A/MultitouchSupport
0x000000000a0ef000 	/System/Library/Frameworks/IOKit.framework/Versions/A/IOKit
0x000000000a0ef000 	/usr/lib/libDiagnosticMessagesClient.dylib
0x000000000a0ef000 	/System/Library/Frameworks/CoreServices.framework/Versions/A/CoreServices
0x000000000a0ef000 	/System/Library/PrivateFrameworks/PerformanceAnalysis.framework/Versions/A/PerformanceAnalysis
0x000000000a0ef000 	/System/Library/PrivateFrameworks/GenerationalStorage.framework/Versions/A/GenerationalStorage
0x000000000a0ef000 	/System/Library/Frameworks/OpenGL.framework/Versions/A/OpenGL
0x000000000a0ef000 	/System/Library/PrivateFrameworks/Sharing.framework/Versions/A/Sharing
0x000000000a0ef000 	/System/Library/Frameworks/CoreGraphics.framework/Versions/A/CoreGraphics
0x000000000a0ef000 	/System/Library/Frameworks/CoreImage.framework/Versions/A/CoreImage
0x000000000a0ef000 	/System/Library/Frameworks/CoreText.framework/Versions/A/CoreText
0x000000000a0ef000 	/System/Library/Frameworks/ImageIO.framework/Versions/A/ImageIO
0x000000000a0ef000 	/System/Library/PrivateFrameworks/Backup.framework/Versions/A/Backup
0x000000000a0ef000 	/usr/lib/libextension.dylib
0x000000000a0ef000 	/usr/lib/libarchive.2.dylib
0x000000000a0ef000 	/System/Library/Frameworks/CFNetwork.framework/Versions/A/CFNetwork
0x000000000a0ef000 	/System/Library/Frameworks/SystemConfiguration.framework/Versions/A/SystemConfiguration
0x000000000a0ef000 	/usr/lib/libCRFSuite.dylib
0x000000000a0ef000 	/usr/lib/libc++.1.dylib
0x000000000a0ef000 	/usr/lib/libc++abi.dylib
0x000000000a0ef000 	/usr/lib/system/libcache.dylib
0x000000000a0ef000 	/usr/lib/system/libcommonCrypto.dylib
0x000000000a0ef000 	/usr/lib/system/libcompiler_rt.dylib
0x000000000a0ef000 	/usr/lib/system/libcopyfile.dylib
0x000000000a0ef000 	/usr/lib/system/libcorecrypto.dylib
0x000000000a0ef000 	/usr/lib/system/libdispatch.dylib
0x000000000a0ef000 	/usr/lib/system/libdyld.dylib
0x000000000a0ef000 	/usr/lib/system/libkeymgr.dylib
0x000000000a0ef000 	/usr/lib/system/liblaunch.dylib
0x000000000a0ef000 	/usr/lib/system/libmacho.dylib
0x000000000a0ef000 	/usr/lib/system/libquarantine.dylib
0x000000000a0ef000 	/usr/lib/system/libremovefile.dylib
0x000000000a0ef000 	/usr/lib/system/libsystem_asl.dylib
0x000000000a0ef000 	/usr/lib/system/libsystem_blocks.dylib
0x000000000a0ef000 	/usr/lib/system/libsystem_c.dylib
0x000000000a0ef000 	/usr/lib/system/libsystem_configuration.dylib
0x000000000a0ef000 	/usr/lib/system/libsystem_coreservices.dylib
0x000000000a0ef000 	/usr/lib/system/libsystem_coretls.dylib
0x000000000a0ef000 	/usr/lib/system/libsystem_dnssd.dylib
0x000000000a0ef000 	/usr/lib/system/libsystem_info.dylib
0x000000000a0ef000 	/usr/lib/system/libsystem_kernel.dylib
0x000000000a0ef000 	/usr/lib/system/libsystem_m.dylib
0x000000000a0ef000 	/usr/lib/system/libsystem_malloc.dylib
0x000000000a0ef000 	/usr/lib/system/libsystem_network.dylib
0x000000000a0ef000 	/usr/lib/system/libsystem_networkextension.dylib
0x000000000a0ef000 	/usr/lib/system/libsystem_notify.dylib
0x000000000a0ef000 	/usr/lib/system/libsystem_platform.dylib
0x000000000a0ef000 	/usr/lib/system/libsystem_pthread.dylib
0x000000000a0ef000 	/usr/lib/system/libsystem_sandbox.dylib
0x000000000a0ef000 	/usr/lib/system/libsystem_secinit.dylib
0x000000000a0ef000 	/usr/lib/system/libsystem_trace.dylib
0x000000000a0ef000 	/usr/lib/system/libunc.dylib
0x000000000a0ef000 	/usr/lib/system/libunwind.dylib
0x000000000a0ef000 	/usr/lib/system/libxpc.dylib
0x000000000a0ef000 	/usr/lib/libenergytrace.dylib
0x000000000a0ef000 	/usr/lib/libbsm.0.dylib
0x000000000a0ef000 	/usr/lib/system/libkxld.dylib
0x000000000a0ef000 	/usr/lib/libxar.1.dylib
0x000000000a0ef000 	/usr/lib/libsqlite3.dylib
0x000000000a0ef000 	/usr/lib/libpam.2.dylib
0x000000000a0ef000 	/usr/lib/libOpenScriptingUtil.dylib
0x000000000a0ef000 	/usr/lib/libbz2.1.0.dylib
0x000000000a0ef000 	/usr/lib/liblzma.5.dylib
0x000000000a0ef000 	/System/Library/Frameworks/CoreServices.framework/Versions/A/Frameworks/FSEvents.framework/Versions/A/FSEvents
0x000000000a0ef000 	/System/Library/Frameworks/CoreServices.framework/Versions/A/Frameworks/CarbonCore.framework/Versions/A/CarbonCore
0x000000000a0ef000 	/System/Library/Frameworks/CoreServices.framework/Versions/A/Frameworks/Metadata.framework/Versions/A/Metadata
0x000000000a0ef000 	/System/Library/Frameworks/CoreServices.framework/Versions/A/Frameworks/OSServices.framework/Versions/A/OSServices
0x000000000a0ef000 	/System/Library/Frameworks/CoreServices.framework/Versions/A/Frameworks/SearchKit.framework/Versions/A/SearchKit
0x000000000a0ef000 	/System/Library/Frameworks/CoreServices.framework/Versions/A/Frameworks/AE.framework/Versions/A/AE
0x000000000a0ef000 	/System/Library/Frameworks/CoreServices.framework/Versions/A/Frameworks/LaunchServices.framework/Versions/A/LaunchServices
0x000000000a0ef000 	/System/Library/Frameworks/CoreServices.framework/Versions/A/Frameworks/DictionaryServices.framework/Versions/A/DictionaryServices
0x000000000a0ef000 	/System/Library/Frameworks/CoreServices.framework/Versions/A/Frameworks/SharedFileList.framework/Versions/A/SharedFileList
0x000000000a0ef000 	/System/Library/Frameworks/NetFS.framework/Versions/A/NetFS
0x000000000a0ef000 	/System/Library/PrivateFrameworks/NetAuth.framework/Versions/A/NetAuth
0x000000000a0ef000 	/System/Library/PrivateFrameworks/login.framework/Versions/A/Frameworks/loginsupport.framework/Versions/A/loginsupport
0x000000000a0ef000 	/System/Library/PrivateFrameworks/TCC.framework/Versions/A/TCC
0x000000000a0ef000 	/usr/lib/libmecabra.dylib
0x000000000a0ef000 	/System/Library/Frameworks/ApplicationServices.framework/Versions/A/Frameworks/ATS.framework/Versions/A/ATS
0x000000000a0ef000 	/System/Library/Frameworks/ApplicationServices.framework/Versions/A/Frameworks/ColorSync.framework/Versions/A/ColorSync
0x000000000a0ef000 	/System/Library/Frameworks/ApplicationServices.framework/Versions/A/Frameworks/HIServices.framework/Versions/A/HIServices
0x000000000a0ef000 	/System/Library/Frameworks/ApplicationServices.framework/Versions/A/Frameworks/LangAnalysis.framework/Versions/A/LangAnalysis
0x000000000a0ef000 	/System/Library/Frameworks/ApplicationServices.framework/Versions/A/Frameworks/PrintCore.framework/Versions/A/PrintCore
0x000000000a0ef000 	/System/Library/Frameworks/ApplicationServices.framework/Versions/A/Frameworks/QD.framework/Versions/A/QD
0x000000000a0ef000 	/System/Library/Frameworks/ApplicationServices.framework/Versions/A/Frameworks/SpeechSynthesis.framework/Versions/A/SpeechSynthesis
0x000000000a0ef000 	/System/Library/Frameworks/Metal.framework/Versions/A/Metal
0x000000000a0ef000 	/System/Library/Frameworks/Accelerate.framework/Versions/A/Frameworks/vImage.framework/Versions/A/vImage
0x000000000a0ef000 	/System/Library/Frameworks/Accelerate.framework/Versions/A/Frameworks/vecLib.framework/Versions/A/vecLib
0x000000000a0ef000 	/System/Library/Frameworks/Accelerate.framework/Versions/A/Frameworks/vecLib.framework/Versions/A/libvDSP.dylib
0x000000000a0ef000 	/System/Library/Frameworks/Accelerate.framework/Versions/A/Frameworks/vecLib.framework/Versions/A/libvMisc.dylib
0x000000000a0ef000 	/System/Library/Frameworks/Accelerate.framework/Versions/A/Frameworks/vecLib.framework/Versions/A/libLAPACK.dylib
0x000000000a0ef000 	/System/Library/Frameworks/Accelerate.framework/Versions/A/Frameworks/vecLib.framework/Versions/A/libBLAS.dylib
0x000000000a0ef000 	/System/Library/Frameworks/Accelerate.framework/Versions/A/Frameworks/vecLib.framework/Versions/A/libLinearAlgebra.dylib
0x000000000a0ef000 	/System/Library/Frameworks/Accelerate.framework/Versions/A/Frameworks/vecLib.framework/Versions/A/libSparseBLAS.dylib
0x000000000a0ef000 	/System/Library/PrivateFrameworks/GPUCompiler.framework/libmetal_timestamp.dylib
0x000000000a0ef000 	/System/Library/Frameworks/OpenGL.framework/Versions/A/Libraries/libCoreFSCache.dylib
0x000000000a0ef000 	/System/Library/PrivateFrameworks/IOAccelerator.framework/Versions/A/IOAccelerator
0x000000000a0ef000 	/System/Library/Frameworks/ApplicationServices.framework/Versions/A/Frameworks/ATS.framework/Versions/A/Resources/libFontParser.dylib
0x000000000a0ef000 	/System/Library/Frameworks/ApplicationServices.framework/Versions/A/Frameworks/ATS.framework/Versions/A/Resources/libFontRegistry.dylib
0x000000000a0ef000 	/System/Library/PrivateFrameworks/AppleVPA.framework/Versions/A/AppleVPA
0x000000000a0ef000 	/System/Library/PrivateFrameworks/AppleJPEG.framework/Versions/A/AppleJPEG
0x000000000a0ef000 	/System/Library/Frameworks/ImageIO.framework/Versions/A/Resources/libJPEG.dylib
0x000000000a0ef000 	/System/Library/Frameworks/ImageIO.framework/Versions/A/Resources/libTIFF.dylib
0x000000000a0ef000 	/System/Library/Frameworks/ImageIO.framework/Versions/A/Resources/libPng.dylib
0x000000000a0ef000 	/System/Library/Frameworks/ImageIO.framework/Versions/A/Resources/libGIF.dylib
0x000000000a0ef000 	/System/Library/Frameworks/ImageIO.framework/Versions/A/Resources/libJP2.dylib
0x000000000a0ef000 	/System/Library/Frameworks/ImageIO.framework/Versions/A/Resources/libRadiance.dylib
0x000000000a0ef000 	/System/Library/Frameworks/CoreVideo.framework/Versions/A/CoreVideo
0x000000000a0ef000 	/System/Library/Frameworks/OpenGL.framework/Versions/A/Libraries/libGLU.dylib
0x000000000a0ef000 	/System/Library/Frameworks/OpenGL.framework/Versions/A/Libraries/libGFXShared.dylib
0x000000000a0ef000 	/System/Library/Frameworks/OpenGL.framework/Versions/A/Libraries/libGL.dylib
0x000000000a0ef000 	/System/Library/Frameworks/OpenGL.framework/Versions/A/Libraries/libGLImage.dylib
0x000000000a0ef000 	/System/Library/Frameworks/OpenGL.framework/Versions/A/Libraries/libCVMSPluginSupport.dylib
0x000000000a0ef000 	/System/Library/Frameworks/OpenGL.framework/Versions/A/Libraries/libCoreVMClient.dylib
0x000000000a0ef000 	/usr/lib/libcompression.dylib
0x000000000a0ef000 	/usr/lib/libcups.2.dylib
0x000000000a0ef000 	/System/Library/Frameworks/Kerberos.framework/Versions/A/Kerberos
0x000000000a0ef000 	/System/Library/Frameworks/GSS.framework/Versions/A/GSS
0x000000000a0ef000 	/usr/lib/libresolv.9.dylib
0x000000000a0ef000 	/usr/lib/libiconv.2.dylib
0x000000000a0ef000 	/System/Library/PrivateFrameworks/Heimdal.framework/Versions/A/Heimdal
0x000000000a0ef000 	/usr/lib/libheimdal-asn1.dylib
0x000000000a0ef000 	/System/Library/Frameworks/OpenDirectory.framework/Versions/A/OpenDirectory
0x000000000a0ef000 	/System/Library/PrivateFrameworks/CommonAuth.framework/Versions/A/CommonAuth
0x000000000a0ef000 	/System/Library/Frameworks/OpenDirectory.framework/Versions/A/Frameworks/CFOpenDirectory.framework/Versions/A/CFOpenDirectory
0x000000000a0ef000 	/System/Library/Frameworks/SecurityFoundation.framework/Versions/A/SecurityFoundation
0x000000000a0ef000 	/System/Library/PrivateFrameworks/LanguageModeling.framework/Versions/A/LanguageModeling
0x000000000a0ef000 	/usr/lib/libmarisa.dylib
0x000000000a0ef000 	/usr/lib/libChineseTokenizer.dylib
0x000000000a0ef000 	/usr/lib/libcmph.dylib
0x000000000a0ef000 	/System/Library/Frameworks/ServiceManagement.framework/Versions/A/ServiceManagement
0x000000000a0ef000 	/usr/lib/libxslt.1.dylib
0x000000000a0ef000 	/System/Library/Frameworks/Carbon.framework/Versions/A/Frameworks/Ink.framework/Versions/A/Ink
0x000000000a0ef000 	/usr/lib/libFosl_dynamic.dylib
0x000000000a0ef000 	/System/Library/PrivateFrameworks/FaceCore.framework/Versions/A/FaceCore
0x000000000a0ef000 	/System/Library/Frameworks/OpenCL.framework/Versions/A/OpenCL
0x000000000a0ef000 	/System/Library/PrivateFrameworks/CrashReporterSupport.framework/Versions/A/CrashReporterSupport
0x000000000a0ef000 	/System/Library/PrivateFrameworks/IconServices.framework/Versions/A/IconServices
0x000000000a0ef000 	/System/Library/PrivateFrameworks/Apple80211.framework/Versions/A/Apple80211
0x000000000a0ef000 	/System/Library/Frameworks/CoreWLAN.framework/Versions/A/CoreWLAN
0x000000000a0ef000 	/System/Library/Frameworks/IOBluetooth.framework/Versions/A/IOBluetooth
0x000000000a0ef000 	/System/Library/PrivateFrameworks/CoreWiFi.framework/Versions/A/CoreWiFi
0x000000000a0ef000 	/System/Library/Frameworks/CoreBluetooth.framework/Versions/A/CoreBluetooth
0x000000000a0ef000 	/System/Library/PrivateFrameworks/ChunkingLibrary.framework/Versions/A/ChunkingLibrary
0x000000000a0ef000 	/System/Library/PrivateFrameworks/DebugSymbols.framework/Versions/A/DebugSymbols
0x000000000a0ef000 	/System/Library/PrivateFrameworks/CoreSymbolication.framework/Versions/A/CoreSymbolication
0x000000000a0ef000 	/System/Library/PrivateFrameworks/Symbolication.framework/Versions/A/Symbolication
0x000000000a0ef000 	/System/Library/PrivateFrameworks/SpeechRecognitionCore.framework/Versions/A/SpeechRecognitionCore
0x0000000106200000 	/Library/Java/JavaVirtualMachines/jdk1.8.0_45.jdk/Contents/Home/jre/lib/server/libjvm.dylib
0x000000000a0ef000 	/usr/lib/libstdc++.6.dylib
0x00000001058c0000 	/Library/Java/JavaVirtualMachines/jdk1.8.0_45.jdk/Contents/Home/jre/lib/libverify.dylib
0x00000001058ce000 	/Library/Java/JavaVirtualMachines/jdk1.8.0_45.jdk/Contents/Home/jre/lib/libjava.dylib
0x000000010590d000 	/Library/Java/JavaVirtualMachines/jdk1.8.0_45.jdk/Contents/Home/jre/lib/libzip.dylib
0x00000001059e2000 	/System/Library/Frameworks/JavaVM.framework/Frameworks/JavaRuntimeSupport.framework/JavaRuntimeSupport
0x000000011ca00000 	/System/Library/Frameworks/JavaVM.framework/Versions/A/Frameworks/JavaNativeFoundation.framework/Versions/A/JavaNativeFoundation
0x000000011ca15000 	/System/Library/Frameworks/JavaVM.framework/Versions/A/JavaVM
0x000000000a0ef000 	/System/Library/Frameworks/Carbon.framework/Versions/A/Carbon
0x000000011ca22000 	/System/Library/PrivateFrameworks/JavaLaunching.framework/Versions/A/JavaLaunching
0x000000000a0ef000 	/System/Library/Frameworks/Carbon.framework/Versions/A/Frameworks/CommonPanels.framework/Versions/A/CommonPanels
0x000000000a0ef000 	/System/Library/Frameworks/Carbon.framework/Versions/A/Frameworks/Help.framework/Versions/A/Help
0x000000000a0ef000 	/System/Library/Frameworks/Carbon.framework/Versions/A/Frameworks/ImageCapture.framework/Versions/A/ImageCapture
0x000000000a0ef000 	/System/Library/Frameworks/Carbon.framework/Versions/A/Frameworks/OpenScripting.framework/Versions/A/OpenScripting
0x000000000a0ef000 	/System/Library/Frameworks/Carbon.framework/Versions/A/Frameworks/Print.framework/Versions/A/Print
0x000000000a0ef000 	/System/Library/Frameworks/Carbon.framework/Versions/A/Frameworks/SecurityHI.framework/Versions/A/SecurityHI
0x000000011e4bf000 	/Applications/IntelliJ IDEA CE.app/Contents/bin/libbreakgen64.jnilib
0x000000011e4c2000 	/Library/Java/JavaVirtualMachines/jdk1.8.0_45.jdk/Contents/Home/jre/lib/libnet.dylib
0x000000011e5b7000 	/Library/Java/JavaVirtualMachines/jdk1.8.0_45.jdk/Contents/Home/jre/lib/libprism_es2.dylib
0x000000000a0ef000 	/System/Library/Frameworks/OpenGL.framework/Versions/A/Resources/GLEngine.bundle/GLEngine
0x000000000a0ef000 	/System/Library/Frameworks/OpenGL.framework/Versions/A/Libraries/libGLProgrammability.dylib
0x000000011e639000 	/System/Library/Extensions/AppleIntelBDWGraphicsGLDriver.bundle/Contents/MacOS/AppleIntelBDWGraphicsGLDriver
0x000000000a0ef000 	/System/Library/PrivateFrameworks/GPUSupport.framework/Versions/A/Libraries/libGPUSupportMercury.dylib
0x000000000a0ef000 	/System/Library/Frameworks/OpenGL.framework/Versions/A/Resources/GLRendererFloat.bundle/GLRendererFloat
0x000000000a0ef000 	/System/Library/Frameworks/OpenCL.framework/Versions/A/Libraries/libcldcpuengine.dylib
0x000000000a0ef000 	/System/Library/PrivateFrameworks/DiskImages.framework/Versions/A/DiskImages
0x000000000a0ef000 	/System/Library/Frameworks/DiscRecording.framework/Versions/A/DiscRecording
0x000000000a0ef000 	/usr/lib/libcsfde.dylib
0x000000000a0ef000 	/usr/lib/libcurl.4.dylib
0x000000000a0ef000 	/System/Library/PrivateFrameworks/MediaKit.framework/Versions/A/MediaKit
0x000000000a0ef000 	/System/Library/PrivateFrameworks/ProtectedCloudStorage.framework/Versions/A/ProtectedCloudStorage
0x000000000a0ef000 	/usr/lib/libCoreStorage.dylib
0x000000000a0ef000 	/System/Library/PrivateFrameworks/EFILogin.framework/Versions/A/EFILogin
0x000000000a0ef000 	/usr/lib/libutil.dylib
0x000000000a0ef000 	/System/Library/PrivateFrameworks/FindMyDevice.framework/Versions/A/FindMyDevice
0x000000000a0ef000 	/System/Library/Frameworks/LDAP.framework/Versions/A/LDAP
0x000000000a0ef000 	/usr/lib/libsasl2.2.dylib
0x000000000a0ef000 	/System/Library/PrivateFrameworks/CoreDaemon.framework/Versions/B/CoreDaemon
0x000000000a0ef000 	/usr/lib/libcrypto.0.9.8.dylib
0x000000000a0ef000 	/System/Library/PrivateFrameworks/AppleSRP.framework/Versions/A/AppleSRP
0x000000000a0ef000 	/System/Library/PrivateFrameworks/TrustEvaluationAgent.framework/Versions/A/TrustEvaluationAgent
0x000000011f172000 	/Library/Java/JavaVirtualMachines/jdk1.8.0_45.jdk/Contents/Home/jre/lib/libglass.dylib
0x000000000a0ef000 	/System/Library/PrivateFrameworks/CoreServicesInternal.framework/Versions/A/CoreServicesInternal
0x000000000a0ef000 	/System/Library/CoreServices/RawCamera.bundle/Contents/MacOS/RawCamera
0x000000000a0ef000 	/System/Library/Frameworks/CoreGraphics.framework/Versions/A/Resources/libRIP.A.dylib
0x000000000a0ef000 	/System/Library/Frameworks/Accelerate.framework/Versions/A/Frameworks/vImage.framework/Versions/A/Libraries/libCGInterfaces.dylib
0x000000000a0ef000 	/System/Library/PrivateFrameworks/FamilyControls.framework/Versions/A/FamilyControls
0x000000000a0ef000 	/System/Library/PrivateFrameworks/CommerceKit.framework/Versions/A/Frameworks/CommerceCore.framework/Versions/A/CommerceCore
0x000000000a0ef000 	/System/Library/PrivateFrameworks/SystemAdministration.framework/Versions/A/SystemAdministration
0x000000000a0ef000 	/System/Library/PrivateFrameworks/AppContainer.framework/Versions/A/AppContainer
0x000000000a0ef000 	/System/Library/PrivateFrameworks/SecCodeWrapper.framework/Versions/A/SecCodeWrapper
0x000000000a0ef000 	/System/Library/Frameworks/DirectoryService.framework/Versions/A/DirectoryService
0x000000000a0ef000 	/System/Library/PrivateFrameworks/LoginUIKit.framework/Versions/A/Frameworks/LoginUICore.framework/Versions/A/LoginUICore
0x000000000a0ef000 	/usr/lib/libodfde.dylib
0x0000000122002000 	/Library/Java/JavaVirtualMachines/jdk1.8.0_45.jdk/Contents/Home/jre/lib/libjavafx_font.dylib
0x000000000a0ef000 	/System/Library/Frameworks/CoreGraphics.framework/Versions/A/Resources/libCGXType.A.dylib
0x0000000124386000 	cl_kernels
0x000000000a0ef000 	/System/Library/Frameworks/OpenCL.framework/Versions/A/Libraries/ImageFormats/unorm8_bgra.dylib
0x000000000a0ef000 	/System/Library/Frameworks/OpenCL.framework/Versions/A/Libraries/ImageFormats/unorm8_rgba.dylib
0x0000000126483000 	/Library/Java/JavaVirtualMachines/jdk1.8.0_45.jdk/Contents/Home/jre/lib/libprism_common.dylib
0x00000001271c6000 	/System/Library/Extensions/AppleIntelBDWGraphicsMTLDriver.bundle/Contents/MacOS/AppleIntelBDWGraphicsMTLDriver

VM Arguments:
jvm_args: -Didea.launcher.port=7534 -Didea.launcher.bin.path=/Applications/IntelliJ IDEA CE.app/Contents/bin -Dfile.encoding=UTF-8 
java_command: com.intellij.rt.execution.application.AppMain org.cs5431_client.view.Client
java_class_path (initial): /Library/Java/JavaVirtualMachines/jdk1.8.0_45.jdk/Contents/Home/jre/lib/charsets.jar:/Library/Java/JavaVirtualMachines/jdk1.8.0_45.jdk/Contents/Home/jre/lib/deploy.jar:/Library/Java/JavaVirtualMachines/jdk1.8.0_45.jdk/Contents/Home/jre/lib/ext/cldrdata.jar:/Library/Java/JavaVirtualMachines/jdk1.8.0_45.jdk/Contents/Home/jre/lib/ext/dnsns.jar:/Library/Java/JavaVirtualMachines/jdk1.8.0_45.jdk/Contents/Home/jre/lib/ext/jfxrt.jar:/Library/Java/JavaVirtualMachines/jdk1.8.0_45.jdk/Contents/Home/jre/lib/ext/localedata.jar:/Library/Java/JavaVirtualMachines/jdk1.8.0_45.jdk/Contents/Home/jre/lib/ext/nashorn.jar:/Library/Java/JavaVirtualMachines/jdk1.8.0_45.jdk/Contents/Home/jre/lib/ext/sunec.jar:/Library/Java/JavaVirtualMachines/jdk1.8.0_45.jdk/Contents/Home/jre/lib/ext/sunjce_provider.jar:/Library/Java/JavaVirtualMachines/jdk1.8.0_45.jdk/Contents/Home/jre/lib/ext/sunpkcs11.jar:/Library/Java/JavaVirtualMachines/jdk1.8.0_45.jdk/Contents/Home/jre/lib/ext/zipfs.jar:/Library/Java/JavaVirtualMachines/jdk1.8.0_45.jdk/Contents/Home/jre/lib/javaws.jar:/Library/Java/JavaVirtualMachines/jdk1.8.0_45.jdk/Contents/Home/jre/lib/jce.jar:/Library/Java/JavaVirtualMachines/jdk1.8.0_45.jdk/Contents/Home/jre/lib/jfr.jar:/Library/Java/JavaVirtualMachines/jdk1.8.0_45.jdk/Contents/Home/jre/lib/jfxswt.jar:/Library/Java/JavaVirtualMachines/jdk1.8.0_45.jdk/Contents/Home/jre/lib/jsse.jar:/Library/Java/JavaVirtualMachines/jdk1.8.0_45.jdk/Contents/Home/jre/lib/management-agent.jar:/Library/Java/JavaVirtualMachines/jdk1.8.0_45.jdk/Contents/Home/jre/lib/plugin.jar:/Library/Java/JavaVirtualMachines/jdk1.8.0_45.jdk/Contents/Home/jre/lib/resources.jar:/Library/Java/JavaVirtualMachines/jdk1.8.0_45.jdk/Contents/Home/jre/lib/rt.jar:/Library/Java/JavaVirtualMachines/jdk1.8.0_45.jdk/Contents/Home/lib/ant-javafx.jar:/Library/Java/JavaVirtualMachines/jdk1.8.0_45.jdk/Contents/Home/lib/dt.jar:/Library/Java/JavaVirtualMachines/jdk1.8.0_45.jdk/Contents/Home/lib/javafx-mx.jar:/Library/Java/Jav
Launcher Type: SUN_STANDARD

Environment Variables:
JAVA_HOME=/Library/Java/JavaVirtualMachines/jdk1.8.0_45.jdk/Contents/Home
PATH=/usr/local/bin:/usr/local/bin:/usr/local/bin:/usr/bin:/bin:/usr/sbin:/sbin:/opt/X11/bin:/usr/texbin:/usr/texbin:/usr/local/Cellar/maven/3.3.9/libexec/bin
SHELL=/bin/bash
DISPLAY=/private/tmp/com.apple.launchd.aZI1gJ09gF/org.macosforge.xquartz:0

Signal Handlers:
SIGSEGV: [libjvm.dylib+0x58ef95], sa_mask[0]=11111111011111110111111111111111, sa_flags=SA_ONSTACK|SA_RESTART|SA_SIGINFO
SIGBUS: [libjvm.dylib+0x58ef95], sa_mask[0]=11111111011111110111111111111111, sa_flags=SA_RESTART|SA_SIGINFO
SIGFPE: [libjvm.dylib+0x46c108], sa_mask[0]=11111111011111110111111111111111, sa_flags=SA_RESTART|SA_SIGINFO
SIGPIPE: [libjvm.dylib+0x46c108], sa_mask[0]=11111111011111110111111111111111, sa_flags=SA_RESTART|SA_SIGINFO
SIGXFSZ: [libjvm.dylib+0x46c108], sa_mask[0]=11111111011111110111111111111111, sa_flags=SA_RESTART|SA_SIGINFO
SIGILL: [libjvm.dylib+0x46c108], sa_mask[0]=11111111011111110111111111111111, sa_flags=SA_RESTART|SA_SIGINFO
SIGUSR1: SIG_DFL, sa_mask[0]=00000000000000000000000000000000, sa_flags=none
SIGUSR2: [libjvm.dylib+0x46bc26], sa_mask[0]=00100000000000000000000000000000, sa_flags=SA_RESTART|SA_SIGINFO
SIGHUP: [libjvm.dylib+0x46a1f9], sa_mask[0]=11111111011111110111111111111111, sa_flags=SA_RESTART|SA_SIGINFO
SIGINT: [libjvm.dylib+0x46a1f9], sa_mask[0]=11111111011111110111111111111111, sa_flags=SA_RESTART|SA_SIGINFO
SIGTERM: [libjvm.dylib+0x46a1f9], sa_mask[0]=11111111011111110111111111111111, sa_flags=SA_RESTART|SA_SIGINFO
SIGQUIT: [libjvm.dylib+0x46a1f9], sa_mask[0]=11111111011111110111111111111111, sa_flags=SA_RESTART|SA_SIGINFO


---------------  S Y S T E M  ---------------

OS:Bsduname:Darwin 15.6.0 Darwin Kernel Version 15.6.0: Mon Aug 29 20:21:34 PDT 2016; root:xnu-3248.60.11~1/RELEASE_X86_64 x86_64
rlimit: STACK 8192k, CORE 0k, NPROC 709, NOFILE 10240, AS infinity
load average:3.95 3.00 2.75

CPU:total 4 (2 cores per cpu, 2 threads per core) family 6 model 61 stepping 4, cmov, cx8, fxsr, mmx, sse, sse2, sse3, ssse3, sse4.1, sse4.2, popcnt, avx, avx2, aes, clmul, erms, 3dnowpref, lzcnt, ht, tsc, tscinvbit, bmi1, bmi2, adx

Memory: 4k page, physical 8388608k(98012k free)

/proc/meminfo:


vm_info: Java HotSpot(TM) 64-Bit Server VM (25.45-b02) for bsd-amd64 JRE (1.8.0_45-b14), built on Apr 10 2015 10:46:38 by "java_re" with gcc 4.2.1 (Based on Apple Inc. build 5658) (LLVM build 2336.11.00)

time: Mon Mar 20 22:44:07 2017
elapsed time: 139 seconds (0d 0h 2m 19s)

